[0.121s] DEBUG:colcon:Command line arguments: ['/usr/bin/colcon', 'build']
[0.122s] DEBUG:colcon:Parsed command line arguments: Namespace(allow_overriding=[], ament_cmake_args=None, base_paths=['.'], build_base='build', catkin_cmake_args=None, catkin_skip_building_tests=False, cmake_args=None, cmake_clean_cache=False, cmake_clean_first=False, cmake_force_configure=False, cmake_target=None, cmake_target_skip_unavailable=False, continue_on_error=False, event_handlers=None, executor='parallel', ignore_user_meta=False, install_base='install', log_base=None, log_level=None, main=<bound method BuildVerb.main of <colcon_core.verb.build.BuildVerb object at 0x7ff81f7037f0>>, merge_install=False, metas=['./colcon.meta'], mixin=None, mixin_files=None, mixin_verb=('build',), packages_above=None, packages_above_and_dependencies=None, packages_above_depth=None, packages_end=None, packages_ignore=None, packages_ignore_regex=None, packages_select=None, packages_select_build_failed=False, packages_select_by_dep=None, packages_select_regex=None, packages_select_test_failures=False, packages_skip=None, packages_skip_build_finished=False, packages_skip_by_dep=None, packages_skip_regex=None, packages_skip_test_passed=False, packages_skip_up_to=None, packages_start=None, packages_up_to=None, packages_up_to_regex=None, parallel_workers=8, paths=None, symlink_install=False, test_result_base=None, verb_extension=<colcon_core.verb.build.BuildVerb object at 0x7ff81f7037f0>, verb_name='build', verb_parser=<colcon_mixin.mixin.mixin_argument.MixinArgumentDecorator object at 0x7ff81f703cd0>)
[0.213s] Level 1:colcon.colcon_core.package_discovery:discover_packages(colcon_meta) check parameters
[0.214s] Level 1:colcon.colcon_core.package_discovery:discover_packages(recursive) check parameters
[0.214s] Level 1:colcon.colcon_core.package_discovery:discover_packages(ignore) check parameters
[0.214s] Level 1:colcon.colcon_core.package_discovery:discover_packages(path) check parameters
[0.214s] Level 1:colcon.colcon_core.package_discovery:discover_packages(colcon_meta) discover
[0.214s] Level 1:colcon.colcon_core.package_discovery:discover_packages(recursive) discover
[0.214s] INFO:colcon.colcon_core.package_discovery:Crawling recursively for packages in '/home/xn/unitree_go2_ws'
[0.214s] Level 1:colcon.colcon_core.package_identification:_identify(.) by extensions ['ignore', 'ignore_ament_install']
[0.214s] Level 1:colcon.colcon_core.package_identification:_identify(.) by extension 'ignore'
[0.214s] Level 1:colcon.colcon_core.package_identification:_identify(.) by extension 'ignore_ament_install'
[0.214s] Level 1:colcon.colcon_core.package_identification:_identify(.) by extensions ['colcon_pkg']
[0.214s] Level 1:colcon.colcon_core.package_identification:_identify(.) by extension 'colcon_pkg'
[0.214s] Level 1:colcon.colcon_core.package_identification:_identify(.) by extensions ['colcon_meta']
[0.214s] Level 1:colcon.colcon_core.package_identification:_identify(.) by extension 'colcon_meta'
[0.214s] Level 1:colcon.colcon_core.package_identification:_identify(.) by extensions ['ros']
[0.214s] Level 1:colcon.colcon_core.package_identification:_identify(.) by extension 'ros'
[0.224s] Level 1:colcon.colcon_core.package_identification:_identify(.) by extensions ['cmake', 'python']
[0.224s] Level 1:colcon.colcon_core.package_identification:_identify(.) by extension 'cmake'
[0.224s] Level 1:colcon.colcon_core.package_identification:_identify(.) by extension 'python'
[0.224s] Level 1:colcon.colcon_core.package_identification:_identify(.) by extensions ['python_setup_py']
[0.224s] Level 1:colcon.colcon_core.package_identification:_identify(.) by extension 'python_setup_py'
[0.224s] Level 1:colcon.colcon_core.package_identification:_identify(build) by extensions ['ignore', 'ignore_ament_install']
[0.224s] Level 1:colcon.colcon_core.package_identification:_identify(build) by extension 'ignore'
[0.224s] Level 1:colcon.colcon_core.package_identification:_identify(build) ignored
[0.224s] Level 1:colcon.colcon_core.package_identification:_identify(install) by extensions ['ignore', 'ignore_ament_install']
[0.224s] Level 1:colcon.colcon_core.package_identification:_identify(install) by extension 'ignore'
[0.224s] Level 1:colcon.colcon_core.package_identification:_identify(install) ignored
[0.225s] Level 1:colcon.colcon_core.package_identification:_identify(log) by extensions ['ignore', 'ignore_ament_install']
[0.225s] Level 1:colcon.colcon_core.package_identification:_identify(log) by extension 'ignore'
[0.225s] Level 1:colcon.colcon_core.package_identification:_identify(log) ignored
[0.225s] Level 1:colcon.colcon_core.package_identification:_identify(src) by extensions ['ignore', 'ignore_ament_install']
[0.225s] Level 1:colcon.colcon_core.package_identification:_identify(src) by extension 'ignore'
[0.225s] Level 1:colcon.colcon_core.package_identification:_identify(src) by extension 'ignore_ament_install'
[0.225s] Level 1:colcon.colcon_core.package_identification:_identify(src) by extensions ['colcon_pkg']
[0.225s] Level 1:colcon.colcon_core.package_identification:_identify(src) by extension 'colcon_pkg'
[0.225s] Level 1:colcon.colcon_core.package_identification:_identify(src) by extensions ['colcon_meta']
[0.225s] Level 1:colcon.colcon_core.package_identification:_identify(src) by extension 'colcon_meta'
[0.225s] Level 1:colcon.colcon_core.package_identification:_identify(src) by extensions ['ros']
[0.225s] Level 1:colcon.colcon_core.package_identification:_identify(src) by extension 'ros'
[0.225s] Level 1:colcon.colcon_core.package_identification:_identify(src) by extensions ['cmake', 'python']
[0.225s] Level 1:colcon.colcon_core.package_identification:_identify(src) by extension 'cmake'
[0.225s] Level 1:colcon.colcon_core.package_identification:_identify(src) by extension 'python'
[0.225s] Level 1:colcon.colcon_core.package_identification:_identify(src) by extensions ['python_setup_py']
[0.225s] Level 1:colcon.colcon_core.package_identification:_identify(src) by extension 'python_setup_py'
[0.225s] Level 1:colcon.colcon_core.package_identification:_identify(src/base) by extensions ['ignore', 'ignore_ament_install']
[0.225s] Level 1:colcon.colcon_core.package_identification:_identify(src/base) by extension 'ignore'
[0.225s] Level 1:colcon.colcon_core.package_identification:_identify(src/base) by extension 'ignore_ament_install'
[0.226s] Level 1:colcon.colcon_core.package_identification:_identify(src/base) by extensions ['colcon_pkg']
[0.226s] Level 1:colcon.colcon_core.package_identification:_identify(src/base) by extension 'colcon_pkg'
[0.226s] Level 1:colcon.colcon_core.package_identification:_identify(src/base) by extensions ['colcon_meta']
[0.226s] Level 1:colcon.colcon_core.package_identification:_identify(src/base) by extension 'colcon_meta'
[0.226s] Level 1:colcon.colcon_core.package_identification:_identify(src/base) by extensions ['ros']
[0.226s] Level 1:colcon.colcon_core.package_identification:_identify(src/base) by extension 'ros'
[0.226s] Level 1:colcon.colcon_core.package_identification:_identify(src/base) by extensions ['cmake', 'python']
[0.226s] Level 1:colcon.colcon_core.package_identification:_identify(src/base) by extension 'cmake'
[0.226s] Level 1:colcon.colcon_core.package_identification:_identify(src/base) by extension 'python'
[0.226s] Level 1:colcon.colcon_core.package_identification:_identify(src/base) by extensions ['python_setup_py']
[0.226s] Level 1:colcon.colcon_core.package_identification:_identify(src/base) by extension 'python_setup_py'
[0.226s] Level 1:colcon.colcon_core.package_identification:_identify(src/base/go2_description) by extensions ['ignore', 'ignore_ament_install']
[0.226s] Level 1:colcon.colcon_core.package_identification:_identify(src/base/go2_description) by extension 'ignore'
[0.226s] Level 1:colcon.colcon_core.package_identification:_identify(src/base/go2_description) by extension 'ignore_ament_install'
[0.226s] Level 1:colcon.colcon_core.package_identification:_identify(src/base/go2_description) by extensions ['colcon_pkg']
[0.226s] Level 1:colcon.colcon_core.package_identification:_identify(src/base/go2_description) by extension 'colcon_pkg'
[0.226s] Level 1:colcon.colcon_core.package_identification:_identify(src/base/go2_description) by extensions ['colcon_meta']
[0.226s] Level 1:colcon.colcon_core.package_identification:_identify(src/base/go2_description) by extension 'colcon_meta'
[0.226s] Level 1:colcon.colcon_core.package_identification:_identify(src/base/go2_description) by extensions ['ros']
[0.226s] Level 1:colcon.colcon_core.package_identification:_identify(src/base/go2_description) by extension 'ros'
[0.228s] DEBUG:colcon.colcon_core.package_identification:Package 'src/base/go2_description' with type 'ros.ament_cmake' and name 'go2_description'
[0.229s] Level 1:colcon.colcon_core.package_identification:_identify(src/base/go2_driver) by extensions ['ignore', 'ignore_ament_install']
[0.229s] Level 1:colcon.colcon_core.package_identification:_identify(src/base/go2_driver) by extension 'ignore'
[0.229s] Level 1:colcon.colcon_core.package_identification:_identify(src/base/go2_driver) by extension 'ignore_ament_install'
[0.229s] Level 1:colcon.colcon_core.package_identification:_identify(src/base/go2_driver) by extensions ['colcon_pkg']
[0.229s] Level 1:colcon.colcon_core.package_identification:_identify(src/base/go2_driver) by extension 'colcon_pkg'
[0.229s] Level 1:colcon.colcon_core.package_identification:_identify(src/base/go2_driver) by extensions ['colcon_meta']
[0.229s] Level 1:colcon.colcon_core.package_identification:_identify(src/base/go2_driver) by extension 'colcon_meta'
[0.229s] Level 1:colcon.colcon_core.package_identification:_identify(src/base/go2_driver) by extensions ['ros']
[0.229s] Level 1:colcon.colcon_core.package_identification:_identify(src/base/go2_driver) by extension 'ros'
[0.230s] DEBUG:colcon.colcon_core.package_identification:Package 'src/base/go2_driver' with type 'ros.ament_cmake' and name 'go2_driver'
[0.230s] Level 1:colcon.colcon_core.package_identification:_identify(src/base/go2_driver_py) by extensions ['ignore', 'ignore_ament_install']
[0.230s] Level 1:colcon.colcon_core.package_identification:_identify(src/base/go2_driver_py) by extension 'ignore'
[0.230s] Level 1:colcon.colcon_core.package_identification:_identify(src/base/go2_driver_py) by extension 'ignore_ament_install'
[0.230s] Level 1:colcon.colcon_core.package_identification:_identify(src/base/go2_driver_py) by extensions ['colcon_pkg']
[0.230s] Level 1:colcon.colcon_core.package_identification:_identify(src/base/go2_driver_py) by extension 'colcon_pkg'
[0.230s] Level 1:colcon.colcon_core.package_identification:_identify(src/base/go2_driver_py) by extensions ['colcon_meta']
[0.230s] Level 1:colcon.colcon_core.package_identification:_identify(src/base/go2_driver_py) by extension 'colcon_meta'
[0.230s] Level 1:colcon.colcon_core.package_identification:_identify(src/base/go2_driver_py) by extensions ['ros']
[0.230s] Level 1:colcon.colcon_core.package_identification:_identify(src/base/go2_driver_py) by extension 'ros'
[0.231s] DEBUG:colcon.colcon_core.package_identification:Package 'src/base/go2_driver_py' with type 'ros.ament_python' and name 'go2_driver_py'
[0.231s] Level 1:colcon.colcon_core.package_identification:_identify(src/base/go2_teleop_ctrl_keyboard) by extensions ['ignore', 'ignore_ament_install']
[0.231s] Level 1:colcon.colcon_core.package_identification:_identify(src/base/go2_teleop_ctrl_keyboard) by extension 'ignore'
[0.231s] Level 1:colcon.colcon_core.package_identification:_identify(src/base/go2_teleop_ctrl_keyboard) by extension 'ignore_ament_install'
[0.231s] Level 1:colcon.colcon_core.package_identification:_identify(src/base/go2_teleop_ctrl_keyboard) by extensions ['colcon_pkg']
[0.231s] Level 1:colcon.colcon_core.package_identification:_identify(src/base/go2_teleop_ctrl_keyboard) by extension 'colcon_pkg'
[0.231s] Level 1:colcon.colcon_core.package_identification:_identify(src/base/go2_teleop_ctrl_keyboard) by extensions ['colcon_meta']
[0.231s] Level 1:colcon.colcon_core.package_identification:_identify(src/base/go2_teleop_ctrl_keyboard) by extension 'colcon_meta'
[0.232s] Level 1:colcon.colcon_core.package_identification:_identify(src/base/go2_teleop_ctrl_keyboard) by extensions ['ros']
[0.232s] Level 1:colcon.colcon_core.package_identification:_identify(src/base/go2_teleop_ctrl_keyboard) by extension 'ros'
[0.232s] DEBUG:colcon.colcon_core.package_identification:Package 'src/base/go2_teleop_ctrl_keyboard' with type 'ros.ament_python' and name 'go2_teleop_ctrl_keyboard'
[0.232s] Level 1:colcon.colcon_core.package_identification:_identify(src/base/go2_twist_bridge) by extensions ['ignore', 'ignore_ament_install']
[0.232s] Level 1:colcon.colcon_core.package_identification:_identify(src/base/go2_twist_bridge) by extension 'ignore'
[0.232s] Level 1:colcon.colcon_core.package_identification:_identify(src/base/go2_twist_bridge) by extension 'ignore_ament_install'
[0.232s] Level 1:colcon.colcon_core.package_identification:_identify(src/base/go2_twist_bridge) by extensions ['colcon_pkg']
[0.232s] Level 1:colcon.colcon_core.package_identification:_identify(src/base/go2_twist_bridge) by extension 'colcon_pkg'
[0.232s] Level 1:colcon.colcon_core.package_identification:_identify(src/base/go2_twist_bridge) by extensions ['colcon_meta']
[0.232s] Level 1:colcon.colcon_core.package_identification:_identify(src/base/go2_twist_bridge) by extension 'colcon_meta'
[0.232s] Level 1:colcon.colcon_core.package_identification:_identify(src/base/go2_twist_bridge) by extensions ['ros']
[0.232s] Level 1:colcon.colcon_core.package_identification:_identify(src/base/go2_twist_bridge) by extension 'ros'
[0.233s] DEBUG:colcon.colcon_core.package_identification:Package 'src/base/go2_twist_bridge' with type 'ros.ament_cmake' and name 'go2_twist_bridge'
[0.233s] Level 1:colcon.colcon_core.package_identification:_identify(src/base/go2_twist_bridge_py) by extensions ['ignore', 'ignore_ament_install']
[0.233s] Level 1:colcon.colcon_core.package_identification:_identify(src/base/go2_twist_bridge_py) by extension 'ignore'
[0.233s] Level 1:colcon.colcon_core.package_identification:_identify(src/base/go2_twist_bridge_py) by extension 'ignore_ament_install'
[0.233s] Level 1:colcon.colcon_core.package_identification:_identify(src/base/go2_twist_bridge_py) by extensions ['colcon_pkg']
[0.233s] Level 1:colcon.colcon_core.package_identification:_identify(src/base/go2_twist_bridge_py) by extension 'colcon_pkg'
[0.233s] Level 1:colcon.colcon_core.package_identification:_identify(src/base/go2_twist_bridge_py) by extensions ['colcon_meta']
[0.233s] Level 1:colcon.colcon_core.package_identification:_identify(src/base/go2_twist_bridge_py) by extension 'colcon_meta'
[0.233s] Level 1:colcon.colcon_core.package_identification:_identify(src/base/go2_twist_bridge_py) by extensions ['ros']
[0.233s] Level 1:colcon.colcon_core.package_identification:_identify(src/base/go2_twist_bridge_py) by extension 'ros'
[0.234s] DEBUG:colcon.colcon_core.package_identification:Package 'src/base/go2_twist_bridge_py' with type 'ros.ament_python' and name 'go2_twist_bridge_py'
[0.234s] Level 1:colcon.colcon_core.package_identification:_identify(src/helloworld) by extensions ['ignore', 'ignore_ament_install']
[0.234s] Level 1:colcon.colcon_core.package_identification:_identify(src/helloworld) by extension 'ignore'
[0.234s] Level 1:colcon.colcon_core.package_identification:_identify(src/helloworld) by extension 'ignore_ament_install'
[0.234s] Level 1:colcon.colcon_core.package_identification:_identify(src/helloworld) by extensions ['colcon_pkg']
[0.234s] Level 1:colcon.colcon_core.package_identification:_identify(src/helloworld) by extension 'colcon_pkg'
[0.234s] Level 1:colcon.colcon_core.package_identification:_identify(src/helloworld) by extensions ['colcon_meta']
[0.234s] Level 1:colcon.colcon_core.package_identification:_identify(src/helloworld) by extension 'colcon_meta'
[0.234s] Level 1:colcon.colcon_core.package_identification:_identify(src/helloworld) by extensions ['ros']
[0.234s] Level 1:colcon.colcon_core.package_identification:_identify(src/helloworld) by extension 'ros'
[0.234s] Level 1:colcon.colcon_core.package_identification:_identify(src/helloworld) by extensions ['cmake', 'python']
[0.234s] Level 1:colcon.colcon_core.package_identification:_identify(src/helloworld) by extension 'cmake'
[0.234s] Level 1:colcon.colcon_core.package_identification:_identify(src/helloworld) by extension 'python'
[0.234s] Level 1:colcon.colcon_core.package_identification:_identify(src/helloworld) by extensions ['python_setup_py']
[0.234s] Level 1:colcon.colcon_core.package_identification:_identify(src/helloworld) by extension 'python_setup_py'
[0.234s] Level 1:colcon.colcon_core.package_identification:_identify(src/helloworld/helloworld) by extensions ['ignore', 'ignore_ament_install']
[0.234s] Level 1:colcon.colcon_core.package_identification:_identify(src/helloworld/helloworld) by extension 'ignore'
[0.234s] Level 1:colcon.colcon_core.package_identification:_identify(src/helloworld/helloworld) by extension 'ignore_ament_install'
[0.234s] Level 1:colcon.colcon_core.package_identification:_identify(src/helloworld/helloworld) by extensions ['colcon_pkg']
[0.234s] Level 1:colcon.colcon_core.package_identification:_identify(src/helloworld/helloworld) by extension 'colcon_pkg'
[0.234s] Level 1:colcon.colcon_core.package_identification:_identify(src/helloworld/helloworld) by extensions ['colcon_meta']
[0.234s] Level 1:colcon.colcon_core.package_identification:_identify(src/helloworld/helloworld) by extension 'colcon_meta'
[0.234s] Level 1:colcon.colcon_core.package_identification:_identify(src/helloworld/helloworld) by extensions ['ros']
[0.234s] Level 1:colcon.colcon_core.package_identification:_identify(src/helloworld/helloworld) by extension 'ros'
[0.235s] DEBUG:colcon.colcon_core.package_identification:Package 'src/helloworld/helloworld' with type 'ros.ament_cmake' and name 'helloworld'
[0.235s] Level 1:colcon.colcon_core.package_identification:_identify(src/helloworld/helloworld_py) by extensions ['ignore', 'ignore_ament_install']
[0.235s] Level 1:colcon.colcon_core.package_identification:_identify(src/helloworld/helloworld_py) by extension 'ignore'
[0.235s] Level 1:colcon.colcon_core.package_identification:_identify(src/helloworld/helloworld_py) by extension 'ignore_ament_install'
[0.235s] Level 1:colcon.colcon_core.package_identification:_identify(src/helloworld/helloworld_py) by extensions ['colcon_pkg']
[0.235s] Level 1:colcon.colcon_core.package_identification:_identify(src/helloworld/helloworld_py) by extension 'colcon_pkg'
[0.235s] Level 1:colcon.colcon_core.package_identification:_identify(src/helloworld/helloworld_py) by extensions ['colcon_meta']
[0.235s] Level 1:colcon.colcon_core.package_identification:_identify(src/helloworld/helloworld_py) by extension 'colcon_meta'
[0.235s] Level 1:colcon.colcon_core.package_identification:_identify(src/helloworld/helloworld_py) by extensions ['ros']
[0.235s] Level 1:colcon.colcon_core.package_identification:_identify(src/helloworld/helloworld_py) by extension 'ros'
[0.236s] DEBUG:colcon.colcon_core.package_identification:Package 'src/helloworld/helloworld_py' with type 'ros.ament_python' and name 'helloworld_py'
[0.236s] Level 1:colcon.colcon_core.package_identification:_identify(src/test) by extensions ['ignore', 'ignore_ament_install']
[0.236s] Level 1:colcon.colcon_core.package_identification:_identify(src/test) by extension 'ignore'
[0.236s] Level 1:colcon.colcon_core.package_identification:_identify(src/test) by extension 'ignore_ament_install'
[0.236s] Level 1:colcon.colcon_core.package_identification:_identify(src/test) by extensions ['colcon_pkg']
[0.236s] Level 1:colcon.colcon_core.package_identification:_identify(src/test) by extension 'colcon_pkg'
[0.236s] Level 1:colcon.colcon_core.package_identification:_identify(src/test) by extensions ['colcon_meta']
[0.236s] Level 1:colcon.colcon_core.package_identification:_identify(src/test) by extension 'colcon_meta'
[0.236s] Level 1:colcon.colcon_core.package_identification:_identify(src/test) by extensions ['ros']
[0.236s] Level 1:colcon.colcon_core.package_identification:_identify(src/test) by extension 'ros'
[0.236s] Level 1:colcon.colcon_core.package_identification:_identify(src/test) by extensions ['cmake', 'python']
[0.236s] Level 1:colcon.colcon_core.package_identification:_identify(src/test) by extension 'cmake'
[0.236s] Level 1:colcon.colcon_core.package_identification:_identify(src/test) by extension 'python'
[0.236s] Level 1:colcon.colcon_core.package_identification:_identify(src/test) by extensions ['python_setup_py']
[0.236s] Level 1:colcon.colcon_core.package_identification:_identify(src/test) by extension 'python_setup_py'
[0.236s] Level 1:colcon.colcon_core.package_identification:_identify(src/test/my_test_py) by extensions ['ignore', 'ignore_ament_install']
[0.236s] Level 1:colcon.colcon_core.package_identification:_identify(src/test/my_test_py) by extension 'ignore'
[0.236s] Level 1:colcon.colcon_core.package_identification:_identify(src/test/my_test_py) by extension 'ignore_ament_install'
[0.236s] Level 1:colcon.colcon_core.package_identification:_identify(src/test/my_test_py) by extensions ['colcon_pkg']
[0.236s] Level 1:colcon.colcon_core.package_identification:_identify(src/test/my_test_py) by extension 'colcon_pkg'
[0.236s] Level 1:colcon.colcon_core.package_identification:_identify(src/test/my_test_py) by extensions ['colcon_meta']
[0.236s] Level 1:colcon.colcon_core.package_identification:_identify(src/test/my_test_py) by extension 'colcon_meta'
[0.236s] Level 1:colcon.colcon_core.package_identification:_identify(src/test/my_test_py) by extensions ['ros']
[0.236s] Level 1:colcon.colcon_core.package_identification:_identify(src/test/my_test_py) by extension 'ros'
[0.237s] DEBUG:colcon.colcon_core.package_identification:Package 'src/test/my_test_py' with type 'ros.ament_python' and name 'my_test_py'
[0.237s] Level 1:colcon.colcon_core.package_identification:_identify(src/tutorial) by extensions ['ignore', 'ignore_ament_install']
[0.237s] Level 1:colcon.colcon_core.package_identification:_identify(src/tutorial) by extension 'ignore'
[0.237s] Level 1:colcon.colcon_core.package_identification:_identify(src/tutorial) by extension 'ignore_ament_install'
[0.237s] Level 1:colcon.colcon_core.package_identification:_identify(src/tutorial) by extensions ['colcon_pkg']
[0.237s] Level 1:colcon.colcon_core.package_identification:_identify(src/tutorial) by extension 'colcon_pkg'
[0.237s] Level 1:colcon.colcon_core.package_identification:_identify(src/tutorial) by extensions ['colcon_meta']
[0.237s] Level 1:colcon.colcon_core.package_identification:_identify(src/tutorial) by extension 'colcon_meta'
[0.237s] Level 1:colcon.colcon_core.package_identification:_identify(src/tutorial) by extensions ['ros']
[0.237s] Level 1:colcon.colcon_core.package_identification:_identify(src/tutorial) by extension 'ros'
[0.237s] Level 1:colcon.colcon_core.package_identification:_identify(src/tutorial) by extensions ['cmake', 'python']
[0.237s] Level 1:colcon.colcon_core.package_identification:_identify(src/tutorial) by extension 'cmake'
[0.237s] Level 1:colcon.colcon_core.package_identification:_identify(src/tutorial) by extension 'python'
[0.237s] Level 1:colcon.colcon_core.package_identification:_identify(src/tutorial) by extensions ['python_setup_py']
[0.237s] Level 1:colcon.colcon_core.package_identification:_identify(src/tutorial) by extension 'python_setup_py'
[0.237s] Level 1:colcon.colcon_core.package_identification:_identify(src/tutorial/go2_tutorial) by extensions ['ignore', 'ignore_ament_install']
[0.237s] Level 1:colcon.colcon_core.package_identification:_identify(src/tutorial/go2_tutorial) by extension 'ignore'
[0.237s] Level 1:colcon.colcon_core.package_identification:_identify(src/tutorial/go2_tutorial) by extension 'ignore_ament_install'
[0.237s] Level 1:colcon.colcon_core.package_identification:_identify(src/tutorial/go2_tutorial) by extensions ['colcon_pkg']
[0.237s] Level 1:colcon.colcon_core.package_identification:_identify(src/tutorial/go2_tutorial) by extension 'colcon_pkg'
[0.237s] Level 1:colcon.colcon_core.package_identification:_identify(src/tutorial/go2_tutorial) by extensions ['colcon_meta']
[0.237s] Level 1:colcon.colcon_core.package_identification:_identify(src/tutorial/go2_tutorial) by extension 'colcon_meta'
[0.237s] Level 1:colcon.colcon_core.package_identification:_identify(src/tutorial/go2_tutorial) by extensions ['ros']
[0.237s] Level 1:colcon.colcon_core.package_identification:_identify(src/tutorial/go2_tutorial) by extension 'ros'
[0.238s] DEBUG:colcon.colcon_core.package_identification:Package 'src/tutorial/go2_tutorial' with type 'ros.ament_cmake' and name 'go2_tutorial'
[0.238s] Level 1:colcon.colcon_core.package_identification:_identify(src/tutorial/go2_tutorial_py) by extensions ['ignore', 'ignore_ament_install']
[0.238s] Level 1:colcon.colcon_core.package_identification:_identify(src/tutorial/go2_tutorial_py) by extension 'ignore'
[0.238s] Level 1:colcon.colcon_core.package_identification:_identify(src/tutorial/go2_tutorial_py) by extension 'ignore_ament_install'
[0.238s] Level 1:colcon.colcon_core.package_identification:_identify(src/tutorial/go2_tutorial_py) by extensions ['colcon_pkg']
[0.238s] Level 1:colcon.colcon_core.package_identification:_identify(src/tutorial/go2_tutorial_py) by extension 'colcon_pkg'
[0.238s] Level 1:colcon.colcon_core.package_identification:_identify(src/tutorial/go2_tutorial_py) by extensions ['colcon_meta']
[0.238s] Level 1:colcon.colcon_core.package_identification:_identify(src/tutorial/go2_tutorial_py) by extension 'colcon_meta'
[0.238s] Level 1:colcon.colcon_core.package_identification:_identify(src/tutorial/go2_tutorial_py) by extensions ['ros']
[0.238s] Level 1:colcon.colcon_core.package_identification:_identify(src/tutorial/go2_tutorial_py) by extension 'ros'
[0.239s] DEBUG:colcon.colcon_core.package_identification:Package 'src/tutorial/go2_tutorial_py' with type 'ros.ament_python' and name 'go2_tutorial_py'
[0.239s] Level 1:colcon.colcon_core.package_discovery:discover_packages(recursive) using defaults
[0.239s] Level 1:colcon.colcon_core.package_discovery:discover_packages(ignore) discover
[0.239s] Level 1:colcon.colcon_core.package_discovery:discover_packages(ignore) using defaults
[0.239s] Level 1:colcon.colcon_core.package_discovery:discover_packages(path) discover
[0.239s] Level 1:colcon.colcon_core.package_discovery:discover_packages(path) using defaults
[0.268s] Level 1:colcon.colcon_core.package_discovery:discover_packages(prefix_path) check parameters
[0.268s] Level 1:colcon.colcon_core.package_discovery:discover_packages(prefix_path) discover
[0.270s] DEBUG:colcon.colcon_installed_package_information.package_discovery:Found 11 installed packages in /home/xn/unitree_go2_ws/install
[0.270s] DEBUG:colcon.colcon_installed_package_information.package_discovery:Found 5 installed packages in /home/xn/unitree_ros2/cyclonedds_ws/install
[0.270s] DEBUG:colcon.colcon_installed_package_information.package_discovery:Found 261 installed packages in /opt/ros/foxy
[0.271s] Level 1:colcon.colcon_core.package_discovery:discover_packages(prefix_path) using defaults
[0.303s] Level 5:colcon.colcon_core.verb:set package 'go2_description' build argument 'cmake_args' from command line to 'None'
[0.303s] Level 5:colcon.colcon_core.verb:set package 'go2_description' build argument 'cmake_target' from command line to 'None'
[0.303s] Level 5:colcon.colcon_core.verb:set package 'go2_description' build argument 'cmake_target_skip_unavailable' from command line to 'False'
[0.303s] Level 5:colcon.colcon_core.verb:set package 'go2_description' build argument 'cmake_clean_cache' from command line to 'False'
[0.303s] Level 5:colcon.colcon_core.verb:set package 'go2_description' build argument 'cmake_clean_first' from command line to 'False'
[0.303s] Level 5:colcon.colcon_core.verb:set package 'go2_description' build argument 'cmake_force_configure' from command line to 'False'
[0.303s] Level 5:colcon.colcon_core.verb:set package 'go2_description' build argument 'ament_cmake_args' from command line to 'None'
[0.303s] Level 5:colcon.colcon_core.verb:set package 'go2_description' build argument 'catkin_cmake_args' from command line to 'None'
[0.303s] Level 5:colcon.colcon_core.verb:set package 'go2_description' build argument 'catkin_skip_building_tests' from command line to 'False'
[0.303s] DEBUG:colcon.colcon_core.verb:Building package 'go2_description' with the following arguments: {'ament_cmake_args': None, 'build_base': '/home/xn/unitree_go2_ws/build/go2_description', 'catkin_cmake_args': None, 'catkin_skip_building_tests': False, 'cmake_args': None, 'cmake_clean_cache': False, 'cmake_clean_first': False, 'cmake_force_configure': False, 'cmake_target': None, 'cmake_target_skip_unavailable': False, 'install_base': '/home/xn/unitree_go2_ws/install/go2_description', 'merge_install': False, 'path': '/home/xn/unitree_go2_ws/src/base/go2_description', 'symlink_install': False, 'test_result_base': None}
[0.304s] Level 5:colcon.colcon_core.verb:set package 'go2_driver' build argument 'cmake_args' from command line to 'None'
[0.304s] Level 5:colcon.colcon_core.verb:set package 'go2_driver' build argument 'cmake_target' from command line to 'None'
[0.304s] Level 5:colcon.colcon_core.verb:set package 'go2_driver' build argument 'cmake_target_skip_unavailable' from command line to 'False'
[0.304s] Level 5:colcon.colcon_core.verb:set package 'go2_driver' build argument 'cmake_clean_cache' from command line to 'False'
[0.304s] Level 5:colcon.colcon_core.verb:set package 'go2_driver' build argument 'cmake_clean_first' from command line to 'False'
[0.304s] Level 5:colcon.colcon_core.verb:set package 'go2_driver' build argument 'cmake_force_configure' from command line to 'False'
[0.304s] Level 5:colcon.colcon_core.verb:set package 'go2_driver' build argument 'ament_cmake_args' from command line to 'None'
[0.304s] Level 5:colcon.colcon_core.verb:set package 'go2_driver' build argument 'catkin_cmake_args' from command line to 'None'
[0.304s] Level 5:colcon.colcon_core.verb:set package 'go2_driver' build argument 'catkin_skip_building_tests' from command line to 'False'
[0.304s] DEBUG:colcon.colcon_core.verb:Building package 'go2_driver' with the following arguments: {'ament_cmake_args': None, 'build_base': '/home/xn/unitree_go2_ws/build/go2_driver', 'catkin_cmake_args': None, 'catkin_skip_building_tests': False, 'cmake_args': None, 'cmake_clean_cache': False, 'cmake_clean_first': False, 'cmake_force_configure': False, 'cmake_target': None, 'cmake_target_skip_unavailable': False, 'install_base': '/home/xn/unitree_go2_ws/install/go2_driver', 'merge_install': False, 'path': '/home/xn/unitree_go2_ws/src/base/go2_driver', 'symlink_install': False, 'test_result_base': None}
[0.304s] Level 5:colcon.colcon_core.verb:set package 'go2_driver_py' build argument 'cmake_args' from command line to 'None'
[0.304s] Level 5:colcon.colcon_core.verb:set package 'go2_driver_py' build argument 'cmake_target' from command line to 'None'
[0.304s] Level 5:colcon.colcon_core.verb:set package 'go2_driver_py' build argument 'cmake_target_skip_unavailable' from command line to 'False'
[0.304s] Level 5:colcon.colcon_core.verb:set package 'go2_driver_py' build argument 'cmake_clean_cache' from command line to 'False'
[0.304s] Level 5:colcon.colcon_core.verb:set package 'go2_driver_py' build argument 'cmake_clean_first' from command line to 'False'
[0.304s] Level 5:colcon.colcon_core.verb:set package 'go2_driver_py' build argument 'cmake_force_configure' from command line to 'False'
[0.304s] Level 5:colcon.colcon_core.verb:set package 'go2_driver_py' build argument 'ament_cmake_args' from command line to 'None'
[0.304s] Level 5:colcon.colcon_core.verb:set package 'go2_driver_py' build argument 'catkin_cmake_args' from command line to 'None'
[0.304s] Level 5:colcon.colcon_core.verb:set package 'go2_driver_py' build argument 'catkin_skip_building_tests' from command line to 'False'
[0.304s] DEBUG:colcon.colcon_core.verb:Building package 'go2_driver_py' with the following arguments: {'ament_cmake_args': None, 'build_base': '/home/xn/unitree_go2_ws/build/go2_driver_py', 'catkin_cmake_args': None, 'catkin_skip_building_tests': False, 'cmake_args': None, 'cmake_clean_cache': False, 'cmake_clean_first': False, 'cmake_force_configure': False, 'cmake_target': None, 'cmake_target_skip_unavailable': False, 'install_base': '/home/xn/unitree_go2_ws/install/go2_driver_py', 'merge_install': False, 'path': '/home/xn/unitree_go2_ws/src/base/go2_driver_py', 'symlink_install': False, 'test_result_base': None}
[0.305s] Level 5:colcon.colcon_core.verb:set package 'go2_teleop_ctrl_keyboard' build argument 'cmake_args' from command line to 'None'
[0.305s] Level 5:colcon.colcon_core.verb:set package 'go2_teleop_ctrl_keyboard' build argument 'cmake_target' from command line to 'None'
[0.305s] Level 5:colcon.colcon_core.verb:set package 'go2_teleop_ctrl_keyboard' build argument 'cmake_target_skip_unavailable' from command line to 'False'
[0.305s] Level 5:colcon.colcon_core.verb:set package 'go2_teleop_ctrl_keyboard' build argument 'cmake_clean_cache' from command line to 'False'
[0.305s] Level 5:colcon.colcon_core.verb:set package 'go2_teleop_ctrl_keyboard' build argument 'cmake_clean_first' from command line to 'False'
[0.305s] Level 5:colcon.colcon_core.verb:set package 'go2_teleop_ctrl_keyboard' build argument 'cmake_force_configure' from command line to 'False'
[0.305s] Level 5:colcon.colcon_core.verb:set package 'go2_teleop_ctrl_keyboard' build argument 'ament_cmake_args' from command line to 'None'
[0.305s] Level 5:colcon.colcon_core.verb:set package 'go2_teleop_ctrl_keyboard' build argument 'catkin_cmake_args' from command line to 'None'
[0.305s] Level 5:colcon.colcon_core.verb:set package 'go2_teleop_ctrl_keyboard' build argument 'catkin_skip_building_tests' from command line to 'False'
[0.305s] DEBUG:colcon.colcon_core.verb:Building package 'go2_teleop_ctrl_keyboard' with the following arguments: {'ament_cmake_args': None, 'build_base': '/home/xn/unitree_go2_ws/build/go2_teleop_ctrl_keyboard', 'catkin_cmake_args': None, 'catkin_skip_building_tests': False, 'cmake_args': None, 'cmake_clean_cache': False, 'cmake_clean_first': False, 'cmake_force_configure': False, 'cmake_target': None, 'cmake_target_skip_unavailable': False, 'install_base': '/home/xn/unitree_go2_ws/install/go2_teleop_ctrl_keyboard', 'merge_install': False, 'path': '/home/xn/unitree_go2_ws/src/base/go2_teleop_ctrl_keyboard', 'symlink_install': False, 'test_result_base': None}
[0.305s] Level 5:colcon.colcon_core.verb:set package 'go2_tutorial' build argument 'cmake_args' from command line to 'None'
[0.305s] Level 5:colcon.colcon_core.verb:set package 'go2_tutorial' build argument 'cmake_target' from command line to 'None'
[0.305s] Level 5:colcon.colcon_core.verb:set package 'go2_tutorial' build argument 'cmake_target_skip_unavailable' from command line to 'False'
[0.305s] Level 5:colcon.colcon_core.verb:set package 'go2_tutorial' build argument 'cmake_clean_cache' from command line to 'False'
[0.305s] Level 5:colcon.colcon_core.verb:set package 'go2_tutorial' build argument 'cmake_clean_first' from command line to 'False'
[0.305s] Level 5:colcon.colcon_core.verb:set package 'go2_tutorial' build argument 'cmake_force_configure' from command line to 'False'
[0.305s] Level 5:colcon.colcon_core.verb:set package 'go2_tutorial' build argument 'ament_cmake_args' from command line to 'None'
[0.305s] Level 5:colcon.colcon_core.verb:set package 'go2_tutorial' build argument 'catkin_cmake_args' from command line to 'None'
[0.305s] Level 5:colcon.colcon_core.verb:set package 'go2_tutorial' build argument 'catkin_skip_building_tests' from command line to 'False'
[0.305s] DEBUG:colcon.colcon_core.verb:Building package 'go2_tutorial' with the following arguments: {'ament_cmake_args': None, 'build_base': '/home/xn/unitree_go2_ws/build/go2_tutorial', 'catkin_cmake_args': None, 'catkin_skip_building_tests': False, 'cmake_args': None, 'cmake_clean_cache': False, 'cmake_clean_first': False, 'cmake_force_configure': False, 'cmake_target': None, 'cmake_target_skip_unavailable': False, 'install_base': '/home/xn/unitree_go2_ws/install/go2_tutorial', 'merge_install': False, 'path': '/home/xn/unitree_go2_ws/src/tutorial/go2_tutorial', 'symlink_install': False, 'test_result_base': None}
[0.305s] Level 5:colcon.colcon_core.verb:set package 'go2_tutorial_py' build argument 'cmake_args' from command line to 'None'
[0.305s] Level 5:colcon.colcon_core.verb:set package 'go2_tutorial_py' build argument 'cmake_target' from command line to 'None'
[0.305s] Level 5:colcon.colcon_core.verb:set package 'go2_tutorial_py' build argument 'cmake_target_skip_unavailable' from command line to 'False'
[0.305s] Level 5:colcon.colcon_core.verb:set package 'go2_tutorial_py' build argument 'cmake_clean_cache' from command line to 'False'
[0.305s] Level 5:colcon.colcon_core.verb:set package 'go2_tutorial_py' build argument 'cmake_clean_first' from command line to 'False'
[0.305s] Level 5:colcon.colcon_core.verb:set package 'go2_tutorial_py' build argument 'cmake_force_configure' from command line to 'False'
[0.305s] Level 5:colcon.colcon_core.verb:set package 'go2_tutorial_py' build argument 'ament_cmake_args' from command line to 'None'
[0.305s] Level 5:colcon.colcon_core.verb:set package 'go2_tutorial_py' build argument 'catkin_cmake_args' from command line to 'None'
[0.305s] Level 5:colcon.colcon_core.verb:set package 'go2_tutorial_py' build argument 'catkin_skip_building_tests' from command line to 'False'
[0.305s] DEBUG:colcon.colcon_core.verb:Building package 'go2_tutorial_py' with the following arguments: {'ament_cmake_args': None, 'build_base': '/home/xn/unitree_go2_ws/build/go2_tutorial_py', 'catkin_cmake_args': None, 'catkin_skip_building_tests': False, 'cmake_args': None, 'cmake_clean_cache': False, 'cmake_clean_first': False, 'cmake_force_configure': False, 'cmake_target': None, 'cmake_target_skip_unavailable': False, 'install_base': '/home/xn/unitree_go2_ws/install/go2_tutorial_py', 'merge_install': False, 'path': '/home/xn/unitree_go2_ws/src/tutorial/go2_tutorial_py', 'symlink_install': False, 'test_result_base': None}
[0.305s] Level 5:colcon.colcon_core.verb:set package 'go2_twist_bridge' build argument 'cmake_args' from command line to 'None'
[0.306s] Level 5:colcon.colcon_core.verb:set package 'go2_twist_bridge' build argument 'cmake_target' from command line to 'None'
[0.306s] Level 5:colcon.colcon_core.verb:set package 'go2_twist_bridge' build argument 'cmake_target_skip_unavailable' from command line to 'False'
[0.306s] Level 5:colcon.colcon_core.verb:set package 'go2_twist_bridge' build argument 'cmake_clean_cache' from command line to 'False'
[0.306s] Level 5:colcon.colcon_core.verb:set package 'go2_twist_bridge' build argument 'cmake_clean_first' from command line to 'False'
[0.306s] Level 5:colcon.colcon_core.verb:set package 'go2_twist_bridge' build argument 'cmake_force_configure' from command line to 'False'
[0.306s] Level 5:colcon.colcon_core.verb:set package 'go2_twist_bridge' build argument 'ament_cmake_args' from command line to 'None'
[0.306s] Level 5:colcon.colcon_core.verb:set package 'go2_twist_bridge' build argument 'catkin_cmake_args' from command line to 'None'
[0.306s] Level 5:colcon.colcon_core.verb:set package 'go2_twist_bridge' build argument 'catkin_skip_building_tests' from command line to 'False'
[0.306s] DEBUG:colcon.colcon_core.verb:Building package 'go2_twist_bridge' with the following arguments: {'ament_cmake_args': None, 'build_base': '/home/xn/unitree_go2_ws/build/go2_twist_bridge', 'catkin_cmake_args': None, 'catkin_skip_building_tests': False, 'cmake_args': None, 'cmake_clean_cache': False, 'cmake_clean_first': False, 'cmake_force_configure': False, 'cmake_target': None, 'cmake_target_skip_unavailable': False, 'install_base': '/home/xn/unitree_go2_ws/install/go2_twist_bridge', 'merge_install': False, 'path': '/home/xn/unitree_go2_ws/src/base/go2_twist_bridge', 'symlink_install': False, 'test_result_base': None}
[0.306s] Level 5:colcon.colcon_core.verb:set package 'go2_twist_bridge_py' build argument 'cmake_args' from command line to 'None'
[0.306s] Level 5:colcon.colcon_core.verb:set package 'go2_twist_bridge_py' build argument 'cmake_target' from command line to 'None'
[0.306s] Level 5:colcon.colcon_core.verb:set package 'go2_twist_bridge_py' build argument 'cmake_target_skip_unavailable' from command line to 'False'
[0.306s] Level 5:colcon.colcon_core.verb:set package 'go2_twist_bridge_py' build argument 'cmake_clean_cache' from command line to 'False'
[0.306s] Level 5:colcon.colcon_core.verb:set package 'go2_twist_bridge_py' build argument 'cmake_clean_first' from command line to 'False'
[0.306s] Level 5:colcon.colcon_core.verb:set package 'go2_twist_bridge_py' build argument 'cmake_force_configure' from command line to 'False'
[0.306s] Level 5:colcon.colcon_core.verb:set package 'go2_twist_bridge_py' build argument 'ament_cmake_args' from command line to 'None'
[0.306s] Level 5:colcon.colcon_core.verb:set package 'go2_twist_bridge_py' build argument 'catkin_cmake_args' from command line to 'None'
[0.306s] Level 5:colcon.colcon_core.verb:set package 'go2_twist_bridge_py' build argument 'catkin_skip_building_tests' from command line to 'False'
[0.306s] DEBUG:colcon.colcon_core.verb:Building package 'go2_twist_bridge_py' with the following arguments: {'ament_cmake_args': None, 'build_base': '/home/xn/unitree_go2_ws/build/go2_twist_bridge_py', 'catkin_cmake_args': None, 'catkin_skip_building_tests': False, 'cmake_args': None, 'cmake_clean_cache': False, 'cmake_clean_first': False, 'cmake_force_configure': False, 'cmake_target': None, 'cmake_target_skip_unavailable': False, 'install_base': '/home/xn/unitree_go2_ws/install/go2_twist_bridge_py', 'merge_install': False, 'path': '/home/xn/unitree_go2_ws/src/base/go2_twist_bridge_py', 'symlink_install': False, 'test_result_base': None}
[0.306s] Level 5:colcon.colcon_core.verb:set package 'helloworld' build argument 'cmake_args' from command line to 'None'
[0.306s] Level 5:colcon.colcon_core.verb:set package 'helloworld' build argument 'cmake_target' from command line to 'None'
[0.306s] Level 5:colcon.colcon_core.verb:set package 'helloworld' build argument 'cmake_target_skip_unavailable' from command line to 'False'
[0.306s] Level 5:colcon.colcon_core.verb:set package 'helloworld' build argument 'cmake_clean_cache' from command line to 'False'
[0.306s] Level 5:colcon.colcon_core.verb:set package 'helloworld' build argument 'cmake_clean_first' from command line to 'False'
[0.306s] Level 5:colcon.colcon_core.verb:set package 'helloworld' build argument 'cmake_force_configure' from command line to 'False'
[0.306s] Level 5:colcon.colcon_core.verb:set package 'helloworld' build argument 'ament_cmake_args' from command line to 'None'
[0.306s] Level 5:colcon.colcon_core.verb:set package 'helloworld' build argument 'catkin_cmake_args' from command line to 'None'
[0.306s] Level 5:colcon.colcon_core.verb:set package 'helloworld' build argument 'catkin_skip_building_tests' from command line to 'False'
[0.306s] DEBUG:colcon.colcon_core.verb:Building package 'helloworld' with the following arguments: {'ament_cmake_args': None, 'build_base': '/home/xn/unitree_go2_ws/build/helloworld', 'catkin_cmake_args': None, 'catkin_skip_building_tests': False, 'cmake_args': None, 'cmake_clean_cache': False, 'cmake_clean_first': False, 'cmake_force_configure': False, 'cmake_target': None, 'cmake_target_skip_unavailable': False, 'install_base': '/home/xn/unitree_go2_ws/install/helloworld', 'merge_install': False, 'path': '/home/xn/unitree_go2_ws/src/helloworld/helloworld', 'symlink_install': False, 'test_result_base': None}
[0.306s] Level 5:colcon.colcon_core.verb:set package 'helloworld_py' build argument 'cmake_args' from command line to 'None'
[0.306s] Level 5:colcon.colcon_core.verb:set package 'helloworld_py' build argument 'cmake_target' from command line to 'None'
[0.306s] Level 5:colcon.colcon_core.verb:set package 'helloworld_py' build argument 'cmake_target_skip_unavailable' from command line to 'False'
[0.306s] Level 5:colcon.colcon_core.verb:set package 'helloworld_py' build argument 'cmake_clean_cache' from command line to 'False'
[0.306s] Level 5:colcon.colcon_core.verb:set package 'helloworld_py' build argument 'cmake_clean_first' from command line to 'False'
[0.306s] Level 5:colcon.colcon_core.verb:set package 'helloworld_py' build argument 'cmake_force_configure' from command line to 'False'
[0.306s] Level 5:colcon.colcon_core.verb:set package 'helloworld_py' build argument 'ament_cmake_args' from command line to 'None'
[0.306s] Level 5:colcon.colcon_core.verb:set package 'helloworld_py' build argument 'catkin_cmake_args' from command line to 'None'
[0.306s] Level 5:colcon.colcon_core.verb:set package 'helloworld_py' build argument 'catkin_skip_building_tests' from command line to 'False'
[0.307s] DEBUG:colcon.colcon_core.verb:Building package 'helloworld_py' with the following arguments: {'ament_cmake_args': None, 'build_base': '/home/xn/unitree_go2_ws/build/helloworld_py', 'catkin_cmake_args': None, 'catkin_skip_building_tests': False, 'cmake_args': None, 'cmake_clean_cache': False, 'cmake_clean_first': False, 'cmake_force_configure': False, 'cmake_target': None, 'cmake_target_skip_unavailable': False, 'install_base': '/home/xn/unitree_go2_ws/install/helloworld_py', 'merge_install': False, 'path': '/home/xn/unitree_go2_ws/src/helloworld/helloworld_py', 'symlink_install': False, 'test_result_base': None}
[0.307s] Level 5:colcon.colcon_core.verb:set package 'my_test_py' build argument 'cmake_args' from command line to 'None'
[0.307s] Level 5:colcon.colcon_core.verb:set package 'my_test_py' build argument 'cmake_target' from command line to 'None'
[0.307s] Level 5:colcon.colcon_core.verb:set package 'my_test_py' build argument 'cmake_target_skip_unavailable' from command line to 'False'
[0.307s] Level 5:colcon.colcon_core.verb:set package 'my_test_py' build argument 'cmake_clean_cache' from command line to 'False'
[0.307s] Level 5:colcon.colcon_core.verb:set package 'my_test_py' build argument 'cmake_clean_first' from command line to 'False'
[0.307s] Level 5:colcon.colcon_core.verb:set package 'my_test_py' build argument 'cmake_force_configure' from command line to 'False'
[0.307s] Level 5:colcon.colcon_core.verb:set package 'my_test_py' build argument 'ament_cmake_args' from command line to 'None'
[0.307s] Level 5:colcon.colcon_core.verb:set package 'my_test_py' build argument 'catkin_cmake_args' from command line to 'None'
[0.307s] Level 5:colcon.colcon_core.verb:set package 'my_test_py' build argument 'catkin_skip_building_tests' from command line to 'False'
[0.307s] DEBUG:colcon.colcon_core.verb:Building package 'my_test_py' with the following arguments: {'ament_cmake_args': None, 'build_base': '/home/xn/unitree_go2_ws/build/my_test_py', 'catkin_cmake_args': None, 'catkin_skip_building_tests': False, 'cmake_args': None, 'cmake_clean_cache': False, 'cmake_clean_first': False, 'cmake_force_configure': False, 'cmake_target': None, 'cmake_target_skip_unavailable': False, 'install_base': '/home/xn/unitree_go2_ws/install/my_test_py', 'merge_install': False, 'path': '/home/xn/unitree_go2_ws/src/test/my_test_py', 'symlink_install': False, 'test_result_base': None}
[0.307s] INFO:colcon.colcon_core.executor:Executing jobs using 'parallel' executor
[0.308s] DEBUG:colcon.colcon_parallel_executor.executor.parallel:run_until_complete
[0.308s] INFO:colcon.colcon_ros.task.ament_cmake.build:Building ROS package in '/home/xn/unitree_go2_ws/src/base/go2_description' with build type 'ament_cmake'
[0.308s] INFO:colcon.colcon_cmake.task.cmake.build:Building CMake package in '/home/xn/unitree_go2_ws/src/base/go2_description'
[0.312s] INFO:colcon.colcon_core.plugin_system:Skipping extension 'colcon_core.shell.bat': Not used on non-Windows systems
[0.312s] INFO:colcon.colcon_core.shell:Skip shell extension 'powershell' for command environment: Not usable outside of PowerShell
[0.312s] DEBUG:colcon.colcon_core.shell:Skip shell extension 'dsv' for command environment
[0.317s] INFO:colcon.colcon_ros.task.ament_cmake.build:Building ROS package in '/home/xn/unitree_go2_ws/src/base/go2_driver' with build type 'ament_cmake'
[0.317s] INFO:colcon.colcon_cmake.task.cmake.build:Building CMake package in '/home/xn/unitree_go2_ws/src/base/go2_driver'
[0.317s] INFO:colcon.colcon_core.shell:Skip shell extension 'powershell' for command environment: Not usable outside of PowerShell
[0.318s] DEBUG:colcon.colcon_core.shell:Skip shell extension 'dsv' for command environment
[0.322s] INFO:colcon.colcon_ros.task.ament_python.build:Building ROS package in '/home/xn/unitree_go2_ws/src/base/go2_driver_py' with build type 'ament_python'
[0.322s] Level 1:colcon.colcon_core.shell:create_environment_hook('go2_driver_py', 'ament_prefix_path')
[0.323s] INFO:colcon.colcon_core.shell:Creating environment hook '/home/xn/unitree_go2_ws/install/go2_driver_py/share/go2_driver_py/hook/ament_prefix_path.ps1'
[0.323s] INFO:colcon.colcon_core.shell:Creating environment descriptor '/home/xn/unitree_go2_ws/install/go2_driver_py/share/go2_driver_py/hook/ament_prefix_path.dsv'
[0.324s] INFO:colcon.colcon_core.shell:Creating environment hook '/home/xn/unitree_go2_ws/install/go2_driver_py/share/go2_driver_py/hook/ament_prefix_path.sh'
[0.324s] INFO:colcon.colcon_core.shell:Skip shell extension 'powershell' for command environment: Not usable outside of PowerShell
[0.324s] DEBUG:colcon.colcon_core.shell:Skip shell extension 'dsv' for command environment
[0.329s] INFO:colcon.colcon_ros.task.ament_python.build:Building ROS package in '/home/xn/unitree_go2_ws/src/base/go2_teleop_ctrl_keyboard' with build type 'ament_python'
[0.329s] Level 1:colcon.colcon_core.shell:create_environment_hook('go2_teleop_ctrl_keyboard', 'ament_prefix_path')
[0.330s] INFO:colcon.colcon_core.shell:Creating environment hook '/home/xn/unitree_go2_ws/install/go2_teleop_ctrl_keyboard/share/go2_teleop_ctrl_keyboard/hook/ament_prefix_path.ps1'
[0.331s] INFO:colcon.colcon_core.shell:Creating environment descriptor '/home/xn/unitree_go2_ws/install/go2_teleop_ctrl_keyboard/share/go2_teleop_ctrl_keyboard/hook/ament_prefix_path.dsv'
[0.331s] INFO:colcon.colcon_core.shell:Creating environment hook '/home/xn/unitree_go2_ws/install/go2_teleop_ctrl_keyboard/share/go2_teleop_ctrl_keyboard/hook/ament_prefix_path.sh'
[0.332s] INFO:colcon.colcon_core.shell:Skip shell extension 'powershell' for command environment: Not usable outside of PowerShell
[0.332s] DEBUG:colcon.colcon_core.shell:Skip shell extension 'dsv' for command environment
[0.337s] INFO:colcon.colcon_ros.task.ament_cmake.build:Building ROS package in '/home/xn/unitree_go2_ws/src/tutorial/go2_tutorial' with build type 'ament_cmake'
[0.338s] INFO:colcon.colcon_cmake.task.cmake.build:Building CMake package in '/home/xn/unitree_go2_ws/src/tutorial/go2_tutorial'
[0.338s] INFO:colcon.colcon_core.shell:Skip shell extension 'powershell' for command environment: Not usable outside of PowerShell
[0.338s] DEBUG:colcon.colcon_core.shell:Skip shell extension 'dsv' for command environment
[0.344s] INFO:colcon.colcon_ros.task.ament_python.build:Building ROS package in '/home/xn/unitree_go2_ws/src/tutorial/go2_tutorial_py' with build type 'ament_python'
[0.344s] Level 1:colcon.colcon_core.shell:create_environment_hook('go2_tutorial_py', 'ament_prefix_path')
[0.345s] INFO:colcon.colcon_core.shell:Creating environment hook '/home/xn/unitree_go2_ws/install/go2_tutorial_py/share/go2_tutorial_py/hook/ament_prefix_path.ps1'
[0.345s] INFO:colcon.colcon_core.shell:Creating environment descriptor '/home/xn/unitree_go2_ws/install/go2_tutorial_py/share/go2_tutorial_py/hook/ament_prefix_path.dsv'
[0.346s] INFO:colcon.colcon_core.shell:Creating environment hook '/home/xn/unitree_go2_ws/install/go2_tutorial_py/share/go2_tutorial_py/hook/ament_prefix_path.sh'
[0.346s] INFO:colcon.colcon_core.shell:Skip shell extension 'powershell' for command environment: Not usable outside of PowerShell
[0.346s] DEBUG:colcon.colcon_core.shell:Skip shell extension 'dsv' for command environment
[0.350s] INFO:colcon.colcon_ros.task.ament_cmake.build:Building ROS package in '/home/xn/unitree_go2_ws/src/base/go2_twist_bridge' with build type 'ament_cmake'
[0.350s] INFO:colcon.colcon_cmake.task.cmake.build:Building CMake package in '/home/xn/unitree_go2_ws/src/base/go2_twist_bridge'
[0.351s] INFO:colcon.colcon_core.shell:Skip shell extension 'powershell' for command environment: Not usable outside of PowerShell
[0.351s] DEBUG:colcon.colcon_core.shell:Skip shell extension 'dsv' for command environment
[0.356s] INFO:colcon.colcon_ros.task.ament_python.build:Building ROS package in '/home/xn/unitree_go2_ws/src/base/go2_twist_bridge_py' with build type 'ament_python'
[0.356s] Level 1:colcon.colcon_core.shell:create_environment_hook('go2_twist_bridge_py', 'ament_prefix_path')
[0.357s] INFO:colcon.colcon_core.shell:Creating environment hook '/home/xn/unitree_go2_ws/install/go2_twist_bridge_py/share/go2_twist_bridge_py/hook/ament_prefix_path.ps1'
[0.357s] INFO:colcon.colcon_core.shell:Creating environment descriptor '/home/xn/unitree_go2_ws/install/go2_twist_bridge_py/share/go2_twist_bridge_py/hook/ament_prefix_path.dsv'
[0.358s] INFO:colcon.colcon_core.shell:Creating environment hook '/home/xn/unitree_go2_ws/install/go2_twist_bridge_py/share/go2_twist_bridge_py/hook/ament_prefix_path.sh'
[0.358s] INFO:colcon.colcon_core.shell:Skip shell extension 'powershell' for command environment: Not usable outside of PowerShell
[0.358s] DEBUG:colcon.colcon_core.shell:Skip shell extension 'dsv' for command environment
[0.368s] DEBUG:colcon.colcon_core.event_handler.log_command:Invoking command in '/home/xn/unitree_go2_ws/build/go2_description': CMAKE_PREFIX_PATH=${CMAKE_PREFIX_PATH}:/home/xn/unitree_go2_ws/install/my_test_py:/home/xn/unitree_go2_ws/install/helloworld_py:/home/xn/unitree_go2_ws/install/go2_twist_bridge_py:/home/xn/unitree_go2_ws/install/go2_tutorial_py:/home/xn/unitree_go2_ws/install/go2_teleop_ctrl_keyboard:/home/xn/unitree_go2_ws/install/go2_driver_py:/opt/ros/foxy /usr/bin/cmake --build /home/xn/unitree_go2_ws/build/go2_description -- -j8 -l8
[0.376s] DEBUG:colcon.colcon_core.event_handler.log_command:Invoking command in '/home/xn/unitree_go2_ws/build/go2_driver': CMAKE_PREFIX_PATH=${CMAKE_PREFIX_PATH}:/home/xn/unitree_go2_ws/install/my_test_py:/home/xn/unitree_go2_ws/install/helloworld_py:/home/xn/unitree_go2_ws/install/go2_twist_bridge_py:/home/xn/unitree_go2_ws/install/go2_tutorial_py:/home/xn/unitree_go2_ws/install/go2_teleop_ctrl_keyboard:/home/xn/unitree_go2_ws/install/go2_driver_py:/opt/ros/foxy /usr/bin/cmake --build /home/xn/unitree_go2_ws/build/go2_driver -- -j8 -l8
[0.519s] INFO:colcon.colcon_core.task.python.build:Building Python package in '/home/xn/unitree_go2_ws/src/base/go2_driver_py'
[0.520s] INFO:colcon.colcon_core.shell:Skip shell extension 'powershell' for command environment: Not usable outside of PowerShell
[0.520s] DEBUG:colcon.colcon_core.shell:Skip shell extension 'dsv' for command environment
[0.656s] INFO:colcon.colcon_core.task.python.build:Building Python package in '/home/xn/unitree_go2_ws/src/base/go2_teleop_ctrl_keyboard'
[0.657s] INFO:colcon.colcon_core.shell:Skip shell extension 'powershell' for command environment: Not usable outside of PowerShell
[0.657s] DEBUG:colcon.colcon_core.shell:Skip shell extension 'dsv' for command environment
[0.807s] INFO:colcon.colcon_core.task.python.build:Building Python package in '/home/xn/unitree_go2_ws/src/tutorial/go2_tutorial_py'
[0.808s] INFO:colcon.colcon_core.shell:Skip shell extension 'powershell' for command environment: Not usable outside of PowerShell
[0.808s] DEBUG:colcon.colcon_core.shell:Skip shell extension 'dsv' for command environment
[0.955s] INFO:colcon.colcon_core.task.python.build:Building Python package in '/home/xn/unitree_go2_ws/src/base/go2_twist_bridge_py'
[0.955s] INFO:colcon.colcon_core.shell:Skip shell extension 'powershell' for command environment: Not usable outside of PowerShell
[0.955s] DEBUG:colcon.colcon_core.shell:Skip shell extension 'dsv' for command environment
[1.001s] Level 1:colcon.colcon_core.environment:create_environment_scripts_only(go2_description)
[1.004s] Level 1:colcon.colcon_core.environment:checking '/home/xn/unitree_go2_ws/install/go2_description' for CMake module files
[1.004s] Level 1:colcon.colcon_core.environment:checking '/home/xn/unitree_go2_ws/install/go2_description' for CMake config files
[1.004s] Level 1:colcon.colcon_core.shell:create_environment_hook('go2_description', 'cmake_prefix_path')
[1.004s] INFO:colcon.colcon_core.shell:Creating environment hook '/home/xn/unitree_go2_ws/install/go2_description/share/go2_description/hook/cmake_prefix_path.ps1'
[1.005s] INFO:colcon.colcon_core.shell:Creating environment descriptor '/home/xn/unitree_go2_ws/install/go2_description/share/go2_description/hook/cmake_prefix_path.dsv'
[1.005s] INFO:colcon.colcon_core.shell:Creating environment hook '/home/xn/unitree_go2_ws/install/go2_description/share/go2_description/hook/cmake_prefix_path.sh'
[1.006s] Level 1:colcon.colcon_core.environment:checking '/home/xn/unitree_go2_ws/install/go2_description/bin'
[1.006s] Level 1:colcon.colcon_core.environment:checking '/home/xn/unitree_go2_ws/install/go2_description/lib/pkgconfig/go2_description.pc'
[1.006s] Level 1:colcon.colcon_core.environment:checking '/home/xn/unitree_go2_ws/install/go2_description/lib/python3.8/site-packages'
[1.006s] Level 1:colcon.colcon_core.environment:checking '/home/xn/unitree_go2_ws/install/go2_description/bin'
[1.006s] INFO:colcon.colcon_core.shell:Creating package script '/home/xn/unitree_go2_ws/install/go2_description/share/go2_description/package.ps1'
[1.008s] INFO:colcon.colcon_core.shell:Creating package descriptor '/home/xn/unitree_go2_ws/install/go2_description/share/go2_description/package.dsv'
[1.008s] INFO:colcon.colcon_core.shell:Creating package script '/home/xn/unitree_go2_ws/install/go2_description/share/go2_description/package.sh'
[1.008s] INFO:colcon.colcon_core.shell:Creating package script '/home/xn/unitree_go2_ws/install/go2_description/share/go2_description/package.bash'
[1.009s] INFO:colcon.colcon_core.shell:Creating package script '/home/xn/unitree_go2_ws/install/go2_description/share/go2_description/package.zsh'
[1.010s] Level 1:colcon.colcon_core.environment:create_file_with_runtime_dependencies(/home/xn/unitree_go2_ws/install/go2_description/share/colcon-core/packages/go2_description)
[1.010s] Level 1:colcon.colcon_core.environment:create_environment_scripts_only(go2_description)
[1.010s] Level 1:colcon.colcon_core.environment:checking '/home/xn/unitree_go2_ws/install/go2_description' for CMake module files
[1.011s] Level 1:colcon.colcon_core.environment:checking '/home/xn/unitree_go2_ws/install/go2_description' for CMake config files
[1.011s] Level 1:colcon.colcon_core.shell:create_environment_hook('go2_description', 'cmake_prefix_path')
[1.011s] INFO:colcon.colcon_core.shell:Creating environment hook '/home/xn/unitree_go2_ws/install/go2_description/share/go2_description/hook/cmake_prefix_path.ps1'
[1.011s] INFO:colcon.colcon_core.shell:Creating environment descriptor '/home/xn/unitree_go2_ws/install/go2_description/share/go2_description/hook/cmake_prefix_path.dsv'
[1.012s] INFO:colcon.colcon_core.shell:Creating environment hook '/home/xn/unitree_go2_ws/install/go2_description/share/go2_description/hook/cmake_prefix_path.sh'
[1.012s] Level 1:colcon.colcon_core.environment:checking '/home/xn/unitree_go2_ws/install/go2_description/bin'
[1.012s] Level 1:colcon.colcon_core.environment:checking '/home/xn/unitree_go2_ws/install/go2_description/lib/pkgconfig/go2_description.pc'
[1.013s] Level 1:colcon.colcon_core.environment:checking '/home/xn/unitree_go2_ws/install/go2_description/lib/python3.8/site-packages'
[1.013s] Level 1:colcon.colcon_core.environment:checking '/home/xn/unitree_go2_ws/install/go2_description/bin'
[1.013s] INFO:colcon.colcon_core.shell:Creating package script '/home/xn/unitree_go2_ws/install/go2_description/share/go2_description/package.ps1'
[1.013s] INFO:colcon.colcon_core.shell:Creating package descriptor '/home/xn/unitree_go2_ws/install/go2_description/share/go2_description/package.dsv'
[1.014s] INFO:colcon.colcon_core.shell:Creating package script '/home/xn/unitree_go2_ws/install/go2_description/share/go2_description/package.sh'
[1.014s] INFO:colcon.colcon_core.shell:Creating package script '/home/xn/unitree_go2_ws/install/go2_description/share/go2_description/package.bash'
[1.014s] INFO:colcon.colcon_core.shell:Creating package script '/home/xn/unitree_go2_ws/install/go2_description/share/go2_description/package.zsh'
[1.015s] Level 1:colcon.colcon_core.environment:create_file_with_runtime_dependencies(/home/xn/unitree_go2_ws/install/go2_description/share/colcon-core/packages/go2_description)
[1.015s] Level 1:colcon.colcon_core.environment:create_environment_scripts_only(go2_driver)
[1.015s] Level 1:colcon.colcon_core.environment:checking '/home/xn/unitree_go2_ws/install/go2_driver' for CMake module files
[1.015s] Level 1:colcon.colcon_core.environment:checking '/home/xn/unitree_go2_ws/install/go2_driver' for CMake config files
[1.016s] Level 1:colcon.colcon_core.shell:create_environment_hook('go2_driver', 'cmake_prefix_path')
[1.016s] INFO:colcon.colcon_core.shell:Creating environment hook '/home/xn/unitree_go2_ws/install/go2_driver/share/go2_driver/hook/cmake_prefix_path.ps1'
[1.016s] INFO:colcon.colcon_core.shell:Creating environment descriptor '/home/xn/unitree_go2_ws/install/go2_driver/share/go2_driver/hook/cmake_prefix_path.dsv'
[1.016s] INFO:colcon.colcon_core.shell:Creating environment hook '/home/xn/unitree_go2_ws/install/go2_driver/share/go2_driver/hook/cmake_prefix_path.sh'
[1.017s] Level 1:colcon.colcon_core.environment:checking '/home/xn/unitree_go2_ws/install/go2_driver/lib'
[1.017s] Level 1:colcon.colcon_core.environment:checking '/home/xn/unitree_go2_ws/install/go2_driver/bin'
[1.017s] Level 1:colcon.colcon_core.environment:checking '/home/xn/unitree_go2_ws/install/go2_driver/lib/pkgconfig/go2_driver.pc'
[1.017s] Level 1:colcon.colcon_core.environment:checking '/home/xn/unitree_go2_ws/install/go2_driver/lib/python3.8/site-packages'
[1.017s] Level 1:colcon.colcon_core.environment:checking '/home/xn/unitree_go2_ws/install/go2_driver/bin'
[1.018s] INFO:colcon.colcon_core.shell:Creating package script '/home/xn/unitree_go2_ws/install/go2_driver/share/go2_driver/package.ps1'
[1.018s] INFO:colcon.colcon_core.shell:Creating package descriptor '/home/xn/unitree_go2_ws/install/go2_driver/share/go2_driver/package.dsv'
[1.019s] INFO:colcon.colcon_core.shell:Creating package script '/home/xn/unitree_go2_ws/install/go2_driver/share/go2_driver/package.sh'
[1.019s] INFO:colcon.colcon_core.shell:Creating package script '/home/xn/unitree_go2_ws/install/go2_driver/share/go2_driver/package.bash'
[1.019s] INFO:colcon.colcon_core.shell:Creating package script '/home/xn/unitree_go2_ws/install/go2_driver/share/go2_driver/package.zsh'
[1.019s] Level 1:colcon.colcon_core.environment:create_file_with_runtime_dependencies(/home/xn/unitree_go2_ws/install/go2_driver/share/colcon-core/packages/go2_driver)
[1.020s] Level 1:colcon.colcon_core.environment:create_environment_scripts_only(go2_driver)
[1.020s] Level 1:colcon.colcon_core.environment:checking '/home/xn/unitree_go2_ws/install/go2_driver' for CMake module files
[1.020s] Level 1:colcon.colcon_core.environment:checking '/home/xn/unitree_go2_ws/install/go2_driver' for CMake config files
[1.021s] Level 1:colcon.colcon_core.shell:create_environment_hook('go2_driver', 'cmake_prefix_path')
[1.021s] INFO:colcon.colcon_core.shell:Creating environment hook '/home/xn/unitree_go2_ws/install/go2_driver/share/go2_driver/hook/cmake_prefix_path.ps1'
[1.021s] INFO:colcon.colcon_core.shell:Creating environment descriptor '/home/xn/unitree_go2_ws/install/go2_driver/share/go2_driver/hook/cmake_prefix_path.dsv'
[1.021s] INFO:colcon.colcon_core.shell:Creating environment hook '/home/xn/unitree_go2_ws/install/go2_driver/share/go2_driver/hook/cmake_prefix_path.sh'
[1.022s] Level 1:colcon.colcon_core.environment:checking '/home/xn/unitree_go2_ws/install/go2_driver/lib'
[1.022s] Level 1:colcon.colcon_core.environment:checking '/home/xn/unitree_go2_ws/install/go2_driver/bin'
[1.022s] Level 1:colcon.colcon_core.environment:checking '/home/xn/unitree_go2_ws/install/go2_driver/lib/pkgconfig/go2_driver.pc'
[1.022s] Level 1:colcon.colcon_core.environment:checking '/home/xn/unitree_go2_ws/install/go2_driver/lib/python3.8/site-packages'
[1.022s] Level 1:colcon.colcon_core.environment:checking '/home/xn/unitree_go2_ws/install/go2_driver/bin'
[1.023s] INFO:colcon.colcon_core.shell:Creating package script '/home/xn/unitree_go2_ws/install/go2_driver/share/go2_driver/package.ps1'
[1.023s] INFO:colcon.colcon_core.shell:Creating package descriptor '/home/xn/unitree_go2_ws/install/go2_driver/share/go2_driver/package.dsv'
[1.023s] INFO:colcon.colcon_core.shell:Creating package script '/home/xn/unitree_go2_ws/install/go2_driver/share/go2_driver/package.sh'
[1.024s] INFO:colcon.colcon_core.shell:Creating package script '/home/xn/unitree_go2_ws/install/go2_driver/share/go2_driver/package.bash'
[1.024s] INFO:colcon.colcon_core.shell:Creating package script '/home/xn/unitree_go2_ws/install/go2_driver/share/go2_driver/package.zsh'
[1.024s] Level 1:colcon.colcon_core.environment:create_file_with_runtime_dependencies(/home/xn/unitree_go2_ws/install/go2_driver/share/colcon-core/packages/go2_driver)
[1.025s] Level 1:colcon.colcon_core.environment:create_environment_scripts_only(go2_tutorial)
[1.026s] Level 1:colcon.colcon_core.environment:checking '/home/xn/unitree_go2_ws/install/go2_tutorial' for CMake module files
[1.026s] Level 1:colcon.colcon_core.environment:checking '/home/xn/unitree_go2_ws/install/go2_tutorial' for CMake config files
[1.026s] Level 1:colcon.colcon_core.shell:create_environment_hook('go2_tutorial', 'cmake_prefix_path')
[1.026s] INFO:colcon.colcon_core.shell:Creating environment hook '/home/xn/unitree_go2_ws/install/go2_tutorial/share/go2_tutorial/hook/cmake_prefix_path.ps1'
[1.027s] INFO:colcon.colcon_core.shell:Creating environment descriptor '/home/xn/unitree_go2_ws/install/go2_tutorial/share/go2_tutorial/hook/cmake_prefix_path.dsv'
[1.027s] INFO:colcon.colcon_core.shell:Creating environment hook '/home/xn/unitree_go2_ws/install/go2_tutorial/share/go2_tutorial/hook/cmake_prefix_path.sh'
[1.027s] Level 1:colcon.colcon_core.environment:checking '/home/xn/unitree_go2_ws/install/go2_tutorial/lib'
[1.028s] Level 1:colcon.colcon_core.environment:checking '/home/xn/unitree_go2_ws/install/go2_tutorial/bin'
[1.028s] Level 1:colcon.colcon_core.environment:checking '/home/xn/unitree_go2_ws/install/go2_tutorial/lib/pkgconfig/go2_tutorial.pc'
[1.028s] Level 1:colcon.colcon_core.environment:checking '/home/xn/unitree_go2_ws/install/go2_tutorial/lib/python3.8/site-packages'
[1.028s] Level 1:colcon.colcon_core.environment:checking '/home/xn/unitree_go2_ws/install/go2_tutorial/bin'
[1.028s] INFO:colcon.colcon_core.shell:Creating package script '/home/xn/unitree_go2_ws/install/go2_tutorial/share/go2_tutorial/package.ps1'
[1.029s] INFO:colcon.colcon_core.shell:Creating package descriptor '/home/xn/unitree_go2_ws/install/go2_tutorial/share/go2_tutorial/package.dsv'
[1.029s] INFO:colcon.colcon_core.shell:Creating package script '/home/xn/unitree_go2_ws/install/go2_tutorial/share/go2_tutorial/package.sh'
[1.030s] INFO:colcon.colcon_core.shell:Creating package script '/home/xn/unitree_go2_ws/install/go2_tutorial/share/go2_tutorial/package.bash'
[1.031s] INFO:colcon.colcon_core.shell:Creating package script '/home/xn/unitree_go2_ws/install/go2_tutorial/share/go2_tutorial/package.zsh'
[1.031s] Level 1:colcon.colcon_core.environment:create_file_with_runtime_dependencies(/home/xn/unitree_go2_ws/install/go2_tutorial/share/colcon-core/packages/go2_tutorial)
[1.032s] Level 1:colcon.colcon_core.environment:create_environment_scripts_only(go2_tutorial)
[1.032s] Level 1:colcon.colcon_core.environment:checking '/home/xn/unitree_go2_ws/install/go2_tutorial' for CMake module files
[1.033s] Level 1:colcon.colcon_core.environment:checking '/home/xn/unitree_go2_ws/install/go2_tutorial' for CMake config files
[1.033s] Level 1:colcon.colcon_core.shell:create_environment_hook('go2_tutorial', 'cmake_prefix_path')
[1.033s] INFO:colcon.colcon_core.shell:Creating environment hook '/home/xn/unitree_go2_ws/install/go2_tutorial/share/go2_tutorial/hook/cmake_prefix_path.ps1'
[1.033s] INFO:colcon.colcon_core.shell:Creating environment descriptor '/home/xn/unitree_go2_ws/install/go2_tutorial/share/go2_tutorial/hook/cmake_prefix_path.dsv'
[1.034s] INFO:colcon.colcon_core.shell:Creating environment hook '/home/xn/unitree_go2_ws/install/go2_tutorial/share/go2_tutorial/hook/cmake_prefix_path.sh'
[1.035s] Level 1:colcon.colcon_core.environment:checking '/home/xn/unitree_go2_ws/install/go2_tutorial/lib'
[1.035s] Level 1:colcon.colcon_core.environment:checking '/home/xn/unitree_go2_ws/install/go2_tutorial/bin'
[1.035s] Level 1:colcon.colcon_core.environment:checking '/home/xn/unitree_go2_ws/install/go2_tutorial/lib/pkgconfig/go2_tutorial.pc'
[1.035s] Level 1:colcon.colcon_core.environment:checking '/home/xn/unitree_go2_ws/install/go2_tutorial/lib/python3.8/site-packages'
[1.035s] Level 1:colcon.colcon_core.environment:checking '/home/xn/unitree_go2_ws/install/go2_tutorial/bin'
[1.036s] INFO:colcon.colcon_core.shell:Creating package script '/home/xn/unitree_go2_ws/install/go2_tutorial/share/go2_tutorial/package.ps1'
[1.036s] INFO:colcon.colcon_core.shell:Creating package descriptor '/home/xn/unitree_go2_ws/install/go2_tutorial/share/go2_tutorial/package.dsv'
[1.037s] INFO:colcon.colcon_core.shell:Creating package script '/home/xn/unitree_go2_ws/install/go2_tutorial/share/go2_tutorial/package.sh'
[1.037s] INFO:colcon.colcon_core.shell:Creating package script '/home/xn/unitree_go2_ws/install/go2_tutorial/share/go2_tutorial/package.bash'
[1.038s] INFO:colcon.colcon_core.shell:Creating package script '/home/xn/unitree_go2_ws/install/go2_tutorial/share/go2_tutorial/package.zsh'
[1.038s] Level 1:colcon.colcon_core.environment:create_file_with_runtime_dependencies(/home/xn/unitree_go2_ws/install/go2_tutorial/share/colcon-core/packages/go2_tutorial)
[1.039s] INFO:colcon.colcon_ros.task.ament_cmake.build:Building ROS package in '/home/xn/unitree_go2_ws/src/helloworld/helloworld' with build type 'ament_cmake'
[1.039s] INFO:colcon.colcon_cmake.task.cmake.build:Building CMake package in '/home/xn/unitree_go2_ws/src/helloworld/helloworld'
[1.040s] INFO:colcon.colcon_core.shell:Skip shell extension 'powershell' for command environment: Not usable outside of PowerShell
[1.040s] DEBUG:colcon.colcon_core.shell:Skip shell extension 'dsv' for command environment
[1.045s] INFO:colcon.colcon_ros.task.ament_python.build:Building ROS package in '/home/xn/unitree_go2_ws/src/helloworld/helloworld_py' with build type 'ament_python'
[1.046s] Level 1:colcon.colcon_core.shell:create_environment_hook('helloworld_py', 'ament_prefix_path')
[1.046s] INFO:colcon.colcon_core.shell:Creating environment hook '/home/xn/unitree_go2_ws/install/helloworld_py/share/helloworld_py/hook/ament_prefix_path.ps1'
[1.047s] INFO:colcon.colcon_core.shell:Creating environment descriptor '/home/xn/unitree_go2_ws/install/helloworld_py/share/helloworld_py/hook/ament_prefix_path.dsv'
[1.048s] INFO:colcon.colcon_core.shell:Creating environment hook '/home/xn/unitree_go2_ws/install/helloworld_py/share/helloworld_py/hook/ament_prefix_path.sh'
[1.048s] INFO:colcon.colcon_core.shell:Skip shell extension 'powershell' for command environment: Not usable outside of PowerShell
[1.048s] DEBUG:colcon.colcon_core.shell:Skip shell extension 'dsv' for command environment
[1.053s] INFO:colcon.colcon_ros.task.ament_python.build:Building ROS package in '/home/xn/unitree_go2_ws/src/test/my_test_py' with build type 'ament_python'
[1.053s] Level 1:colcon.colcon_core.shell:create_environment_hook('my_test_py', 'ament_prefix_path')
[1.053s] INFO:colcon.colcon_core.shell:Creating environment hook '/home/xn/unitree_go2_ws/install/my_test_py/share/my_test_py/hook/ament_prefix_path.ps1'
[1.054s] INFO:colcon.colcon_core.shell:Creating environment descriptor '/home/xn/unitree_go2_ws/install/my_test_py/share/my_test_py/hook/ament_prefix_path.dsv'
[1.054s] INFO:colcon.colcon_core.shell:Creating environment hook '/home/xn/unitree_go2_ws/install/my_test_py/share/my_test_py/hook/ament_prefix_path.sh'
[1.055s] INFO:colcon.colcon_core.shell:Skip shell extension 'powershell' for command environment: Not usable outside of PowerShell
[1.055s] DEBUG:colcon.colcon_core.shell:Skip shell extension 'dsv' for command environment
[1.062s] Level 1:colcon.colcon_core.environment:create_environment_scripts_only(go2_twist_bridge)
[1.063s] Level 1:colcon.colcon_core.environment:checking '/home/xn/unitree_go2_ws/install/go2_twist_bridge' for CMake module files
[1.063s] Level 1:colcon.colcon_core.environment:checking '/home/xn/unitree_go2_ws/install/go2_twist_bridge' for CMake config files
[1.063s] Level 1:colcon.colcon_core.shell:create_environment_hook('go2_twist_bridge', 'cmake_prefix_path')
[1.064s] INFO:colcon.colcon_core.shell:Creating environment hook '/home/xn/unitree_go2_ws/install/go2_twist_bridge/share/go2_twist_bridge/hook/cmake_prefix_path.ps1'
[1.064s] INFO:colcon.colcon_core.shell:Creating environment descriptor '/home/xn/unitree_go2_ws/install/go2_twist_bridge/share/go2_twist_bridge/hook/cmake_prefix_path.dsv'
[1.065s] INFO:colcon.colcon_core.shell:Creating environment hook '/home/xn/unitree_go2_ws/install/go2_twist_bridge/share/go2_twist_bridge/hook/cmake_prefix_path.sh'
[1.065s] Level 1:colcon.colcon_core.environment:checking '/home/xn/unitree_go2_ws/install/go2_twist_bridge/lib'
[1.065s] Level 1:colcon.colcon_core.environment:checking '/home/xn/unitree_go2_ws/install/go2_twist_bridge/bin'
[1.065s] Level 1:colcon.colcon_core.environment:checking '/home/xn/unitree_go2_ws/install/go2_twist_bridge/lib/pkgconfig/go2_twist_bridge.pc'
[1.065s] Level 1:colcon.colcon_core.environment:checking '/home/xn/unitree_go2_ws/install/go2_twist_bridge/lib/python3.8/site-packages'
[1.066s] Level 1:colcon.colcon_core.environment:checking '/home/xn/unitree_go2_ws/install/go2_twist_bridge/bin'
[1.066s] INFO:colcon.colcon_core.shell:Creating package script '/home/xn/unitree_go2_ws/install/go2_twist_bridge/share/go2_twist_bridge/package.ps1'
[1.066s] INFO:colcon.colcon_core.shell:Creating package descriptor '/home/xn/unitree_go2_ws/install/go2_twist_bridge/share/go2_twist_bridge/package.dsv'
[1.067s] INFO:colcon.colcon_core.shell:Creating package script '/home/xn/unitree_go2_ws/install/go2_twist_bridge/share/go2_twist_bridge/package.sh'
[1.067s] INFO:colcon.colcon_core.shell:Creating package script '/home/xn/unitree_go2_ws/install/go2_twist_bridge/share/go2_twist_bridge/package.bash'
[1.067s] INFO:colcon.colcon_core.shell:Creating package script '/home/xn/unitree_go2_ws/install/go2_twist_bridge/share/go2_twist_bridge/package.zsh'
[1.068s] Level 1:colcon.colcon_core.environment:create_file_with_runtime_dependencies(/home/xn/unitree_go2_ws/install/go2_twist_bridge/share/colcon-core/packages/go2_twist_bridge)
[1.068s] Level 1:colcon.colcon_core.environment:create_environment_scripts_only(go2_twist_bridge)
[1.068s] Level 1:colcon.colcon_core.environment:checking '/home/xn/unitree_go2_ws/install/go2_twist_bridge' for CMake module files
[1.069s] Level 1:colcon.colcon_core.environment:checking '/home/xn/unitree_go2_ws/install/go2_twist_bridge' for CMake config files
[1.069s] Level 1:colcon.colcon_core.shell:create_environment_hook('go2_twist_bridge', 'cmake_prefix_path')
[1.069s] INFO:colcon.colcon_core.shell:Creating environment hook '/home/xn/unitree_go2_ws/install/go2_twist_bridge/share/go2_twist_bridge/hook/cmake_prefix_path.ps1'
[1.069s] INFO:colcon.colcon_core.shell:Creating environment descriptor '/home/xn/unitree_go2_ws/install/go2_twist_bridge/share/go2_twist_bridge/hook/cmake_prefix_path.dsv'
[1.070s] INFO:colcon.colcon_core.shell:Creating environment hook '/home/xn/unitree_go2_ws/install/go2_twist_bridge/share/go2_twist_bridge/hook/cmake_prefix_path.sh'
[1.070s] Level 1:colcon.colcon_core.environment:checking '/home/xn/unitree_go2_ws/install/go2_twist_bridge/lib'
[1.070s] Level 1:colcon.colcon_core.environment:checking '/home/xn/unitree_go2_ws/install/go2_twist_bridge/bin'
[1.070s] Level 1:colcon.colcon_core.environment:checking '/home/xn/unitree_go2_ws/install/go2_twist_bridge/lib/pkgconfig/go2_twist_bridge.pc'
[1.070s] Level 1:colcon.colcon_core.environment:checking '/home/xn/unitree_go2_ws/install/go2_twist_bridge/lib/python3.8/site-packages'
[1.070s] Level 1:colcon.colcon_core.environment:checking '/home/xn/unitree_go2_ws/install/go2_twist_bridge/bin'
[1.071s] INFO:colcon.colcon_core.shell:Creating package script '/home/xn/unitree_go2_ws/install/go2_twist_bridge/share/go2_twist_bridge/package.ps1'
[1.071s] INFO:colcon.colcon_core.shell:Creating package descriptor '/home/xn/unitree_go2_ws/install/go2_twist_bridge/share/go2_twist_bridge/package.dsv'
[1.071s] INFO:colcon.colcon_core.shell:Creating package script '/home/xn/unitree_go2_ws/install/go2_twist_bridge/share/go2_twist_bridge/package.sh'
[1.072s] INFO:colcon.colcon_core.shell:Creating package script '/home/xn/unitree_go2_ws/install/go2_twist_bridge/share/go2_twist_bridge/package.bash'
[1.072s] INFO:colcon.colcon_core.shell:Creating package script '/home/xn/unitree_go2_ws/install/go2_twist_bridge/share/go2_twist_bridge/package.zsh'
[1.073s] Level 1:colcon.colcon_core.environment:create_file_with_runtime_dependencies(/home/xn/unitree_go2_ws/install/go2_twist_bridge/share/colcon-core/packages/go2_twist_bridge)
[1.222s] INFO:colcon.colcon_core.task.python.build:Building Python package in '/home/xn/unitree_go2_ws/src/helloworld/helloworld_py'
[1.222s] INFO:colcon.colcon_core.shell:Skip shell extension 'powershell' for command environment: Not usable outside of PowerShell
[1.222s] DEBUG:colcon.colcon_core.shell:Skip shell extension 'dsv' for command environment
[1.367s] INFO:colcon.colcon_core.task.python.build:Building Python package in '/home/xn/unitree_go2_ws/src/test/my_test_py'
[1.368s] INFO:colcon.colcon_core.shell:Skip shell extension 'powershell' for command environment: Not usable outside of PowerShell
[1.368s] DEBUG:colcon.colcon_core.shell:Skip shell extension 'dsv' for command environment
[1.400s] Level 1:colcon.colcon_core.environment:create_environment_scripts_only(helloworld)
[1.401s] Level 1:colcon.colcon_core.environment:checking '/home/xn/unitree_go2_ws/install/helloworld' for CMake module files
[1.402s] Level 1:colcon.colcon_core.environment:checking '/home/xn/unitree_go2_ws/install/helloworld' for CMake config files
[1.402s] Level 1:colcon.colcon_core.shell:create_environment_hook('helloworld', 'cmake_prefix_path')
[1.402s] INFO:colcon.colcon_core.shell:Creating environment hook '/home/xn/unitree_go2_ws/install/helloworld/share/helloworld/hook/cmake_prefix_path.ps1'
[1.403s] INFO:colcon.colcon_core.shell:Creating environment descriptor '/home/xn/unitree_go2_ws/install/helloworld/share/helloworld/hook/cmake_prefix_path.dsv'
[1.404s] INFO:colcon.colcon_core.shell:Creating environment hook '/home/xn/unitree_go2_ws/install/helloworld/share/helloworld/hook/cmake_prefix_path.sh'
[1.405s] Level 1:colcon.colcon_core.environment:checking '/home/xn/unitree_go2_ws/install/helloworld/lib'
[1.405s] Level 1:colcon.colcon_core.environment:checking '/home/xn/unitree_go2_ws/install/helloworld/bin'
[1.405s] Level 1:colcon.colcon_core.environment:checking '/home/xn/unitree_go2_ws/install/helloworld/lib/pkgconfig/helloworld.pc'
[1.406s] Level 1:colcon.colcon_core.environment:checking '/home/xn/unitree_go2_ws/install/helloworld/lib/python3.8/site-packages'
[1.406s] Level 1:colcon.colcon_core.environment:checking '/home/xn/unitree_go2_ws/install/helloworld/bin'
[1.406s] INFO:colcon.colcon_core.shell:Creating package script '/home/xn/unitree_go2_ws/install/helloworld/share/helloworld/package.ps1'
[1.407s] INFO:colcon.colcon_core.shell:Creating package descriptor '/home/xn/unitree_go2_ws/install/helloworld/share/helloworld/package.dsv'
[1.408s] INFO:colcon.colcon_core.shell:Creating package script '/home/xn/unitree_go2_ws/install/helloworld/share/helloworld/package.sh'
[1.408s] INFO:colcon.colcon_core.shell:Creating package script '/home/xn/unitree_go2_ws/install/helloworld/share/helloworld/package.bash'
[1.409s] INFO:colcon.colcon_core.shell:Creating package script '/home/xn/unitree_go2_ws/install/helloworld/share/helloworld/package.zsh'
[1.410s] Level 1:colcon.colcon_core.environment:create_file_with_runtime_dependencies(/home/xn/unitree_go2_ws/install/helloworld/share/colcon-core/packages/helloworld)
[1.410s] Level 1:colcon.colcon_core.environment:create_environment_scripts_only(helloworld)
[1.411s] Level 1:colcon.colcon_core.environment:checking '/home/xn/unitree_go2_ws/install/helloworld' for CMake module files
[1.411s] Level 1:colcon.colcon_core.environment:checking '/home/xn/unitree_go2_ws/install/helloworld' for CMake config files
[1.412s] Level 1:colcon.colcon_core.shell:create_environment_hook('helloworld', 'cmake_prefix_path')
[1.412s] INFO:colcon.colcon_core.shell:Creating environment hook '/home/xn/unitree_go2_ws/install/helloworld/share/helloworld/hook/cmake_prefix_path.ps1'
[1.413s] INFO:colcon.colcon_core.shell:Creating environment descriptor '/home/xn/unitree_go2_ws/install/helloworld/share/helloworld/hook/cmake_prefix_path.dsv'
[1.413s] INFO:colcon.colcon_core.shell:Creating environment hook '/home/xn/unitree_go2_ws/install/helloworld/share/helloworld/hook/cmake_prefix_path.sh'
[1.414s] Level 1:colcon.colcon_core.environment:checking '/home/xn/unitree_go2_ws/install/helloworld/lib'
[1.414s] Level 1:colcon.colcon_core.environment:checking '/home/xn/unitree_go2_ws/install/helloworld/bin'
[1.414s] Level 1:colcon.colcon_core.environment:checking '/home/xn/unitree_go2_ws/install/helloworld/lib/pkgconfig/helloworld.pc'
[1.414s] Level 1:colcon.colcon_core.environment:checking '/home/xn/unitree_go2_ws/install/helloworld/lib/python3.8/site-packages'
[1.415s] Level 1:colcon.colcon_core.environment:checking '/home/xn/unitree_go2_ws/install/helloworld/bin'
[1.415s] INFO:colcon.colcon_core.shell:Creating package script '/home/xn/unitree_go2_ws/install/helloworld/share/helloworld/package.ps1'
[1.416s] INFO:colcon.colcon_core.shell:Creating package descriptor '/home/xn/unitree_go2_ws/install/helloworld/share/helloworld/package.dsv'
[1.416s] INFO:colcon.colcon_core.shell:Creating package script '/home/xn/unitree_go2_ws/install/helloworld/share/helloworld/package.sh'
[1.417s] INFO:colcon.colcon_core.shell:Creating package script '/home/xn/unitree_go2_ws/install/helloworld/share/helloworld/package.bash'
[1.417s] INFO:colcon.colcon_core.shell:Creating package script '/home/xn/unitree_go2_ws/install/helloworld/share/helloworld/package.zsh'
[1.418s] Level 1:colcon.colcon_core.environment:create_file_with_runtime_dependencies(/home/xn/unitree_go2_ws/install/helloworld/share/colcon-core/packages/helloworld)
[1.607s] Level 1:colcon.colcon_core.environment:checking '/home/xn/unitree_go2_ws/install/go2_driver_py' for CMake module files
[1.607s] Level 1:colcon.colcon_core.environment:checking '/home/xn/unitree_go2_ws/install/go2_driver_py' for CMake config files
[1.608s] Level 1:colcon.colcon_core.environment:checking '/home/xn/unitree_go2_ws/install/go2_driver_py/lib'
[1.608s] Level 1:colcon.colcon_core.environment:checking '/home/xn/unitree_go2_ws/install/go2_driver_py/bin'
[1.608s] Level 1:colcon.colcon_core.environment:checking '/home/xn/unitree_go2_ws/install/go2_driver_py/lib/pkgconfig/go2_driver_py.pc'
[1.608s] Level 1:colcon.colcon_core.environment:checking '/home/xn/unitree_go2_ws/install/go2_driver_py/lib/python3.8/site-packages'
[1.608s] Level 1:colcon.colcon_core.shell:create_environment_hook('go2_driver_py', 'pythonpath')
[1.608s] INFO:colcon.colcon_core.shell:Creating environment hook '/home/xn/unitree_go2_ws/install/go2_driver_py/share/go2_driver_py/hook/pythonpath.ps1'
[1.609s] INFO:colcon.colcon_core.shell:Creating environment descriptor '/home/xn/unitree_go2_ws/install/go2_driver_py/share/go2_driver_py/hook/pythonpath.dsv'
[1.609s] INFO:colcon.colcon_core.shell:Creating environment hook '/home/xn/unitree_go2_ws/install/go2_driver_py/share/go2_driver_py/hook/pythonpath.sh'
[1.610s] Level 1:colcon.colcon_core.environment:checking '/home/xn/unitree_go2_ws/install/go2_driver_py/bin'
[1.610s] Level 1:colcon.colcon_core.environment:create_environment_scripts_only(go2_driver_py)
[1.610s] INFO:colcon.colcon_core.shell:Creating package script '/home/xn/unitree_go2_ws/install/go2_driver_py/share/go2_driver_py/package.ps1'
[1.610s] INFO:colcon.colcon_core.shell:Creating package descriptor '/home/xn/unitree_go2_ws/install/go2_driver_py/share/go2_driver_py/package.dsv'
[1.611s] INFO:colcon.colcon_core.shell:Creating package script '/home/xn/unitree_go2_ws/install/go2_driver_py/share/go2_driver_py/package.sh'
[1.611s] INFO:colcon.colcon_core.shell:Creating package script '/home/xn/unitree_go2_ws/install/go2_driver_py/share/go2_driver_py/package.bash'
[1.611s] INFO:colcon.colcon_core.shell:Creating package script '/home/xn/unitree_go2_ws/install/go2_driver_py/share/go2_driver_py/package.zsh'
[1.612s] Level 1:colcon.colcon_core.environment:create_file_with_runtime_dependencies(/home/xn/unitree_go2_ws/install/go2_driver_py/share/colcon-core/packages/go2_driver_py)
[1.613s] Level 1:colcon.colcon_core.environment:checking '/home/xn/unitree_go2_ws/install/go2_tutorial_py' for CMake module files
[1.614s] Level 1:colcon.colcon_core.environment:checking '/home/xn/unitree_go2_ws/install/go2_tutorial_py' for CMake config files
[1.614s] Level 1:colcon.colcon_core.environment:checking '/home/xn/unitree_go2_ws/install/go2_tutorial_py/lib'
[1.614s] Level 1:colcon.colcon_core.environment:checking '/home/xn/unitree_go2_ws/install/go2_tutorial_py/bin'
[1.614s] Level 1:colcon.colcon_core.environment:checking '/home/xn/unitree_go2_ws/install/go2_tutorial_py/lib/pkgconfig/go2_tutorial_py.pc'
[1.614s] Level 1:colcon.colcon_core.environment:checking '/home/xn/unitree_go2_ws/install/go2_tutorial_py/lib/python3.8/site-packages'
[1.614s] Level 1:colcon.colcon_core.shell:create_environment_hook('go2_tutorial_py', 'pythonpath')
[1.614s] INFO:colcon.colcon_core.shell:Creating environment hook '/home/xn/unitree_go2_ws/install/go2_tutorial_py/share/go2_tutorial_py/hook/pythonpath.ps1'
[1.615s] INFO:colcon.colcon_core.shell:Creating environment descriptor '/home/xn/unitree_go2_ws/install/go2_tutorial_py/share/go2_tutorial_py/hook/pythonpath.dsv'
[1.615s] INFO:colcon.colcon_core.shell:Creating environment hook '/home/xn/unitree_go2_ws/install/go2_tutorial_py/share/go2_tutorial_py/hook/pythonpath.sh'
[1.616s] Level 1:colcon.colcon_core.environment:checking '/home/xn/unitree_go2_ws/install/go2_tutorial_py/bin'
[1.616s] Level 1:colcon.colcon_core.environment:create_environment_scripts_only(go2_tutorial_py)
[1.616s] INFO:colcon.colcon_core.shell:Creating package script '/home/xn/unitree_go2_ws/install/go2_tutorial_py/share/go2_tutorial_py/package.ps1'
[1.616s] INFO:colcon.colcon_core.shell:Creating package descriptor '/home/xn/unitree_go2_ws/install/go2_tutorial_py/share/go2_tutorial_py/package.dsv'
[1.617s] INFO:colcon.colcon_core.shell:Creating package script '/home/xn/unitree_go2_ws/install/go2_tutorial_py/share/go2_tutorial_py/package.sh'
[1.617s] INFO:colcon.colcon_core.shell:Creating package script '/home/xn/unitree_go2_ws/install/go2_tutorial_py/share/go2_tutorial_py/package.bash'
[1.618s] INFO:colcon.colcon_core.shell:Creating package script '/home/xn/unitree_go2_ws/install/go2_tutorial_py/share/go2_tutorial_py/package.zsh'
[1.618s] Level 1:colcon.colcon_core.environment:create_file_with_runtime_dependencies(/home/xn/unitree_go2_ws/install/go2_tutorial_py/share/colcon-core/packages/go2_tutorial_py)
[1.619s] Level 1:colcon.colcon_core.environment:checking '/home/xn/unitree_go2_ws/install/go2_twist_bridge_py' for CMake module files
[1.619s] Level 1:colcon.colcon_core.environment:checking '/home/xn/unitree_go2_ws/install/go2_twist_bridge_py' for CMake config files
[1.620s] Level 1:colcon.colcon_core.environment:checking '/home/xn/unitree_go2_ws/install/go2_twist_bridge_py/lib'
[1.620s] Level 1:colcon.colcon_core.environment:checking '/home/xn/unitree_go2_ws/install/go2_twist_bridge_py/bin'
[1.620s] Level 1:colcon.colcon_core.environment:checking '/home/xn/unitree_go2_ws/install/go2_twist_bridge_py/lib/pkgconfig/go2_twist_bridge_py.pc'
[1.620s] Level 1:colcon.colcon_core.environment:checking '/home/xn/unitree_go2_ws/install/go2_twist_bridge_py/lib/python3.8/site-packages'
[1.620s] Level 1:colcon.colcon_core.shell:create_environment_hook('go2_twist_bridge_py', 'pythonpath')
[1.620s] INFO:colcon.colcon_core.shell:Creating environment hook '/home/xn/unitree_go2_ws/install/go2_twist_bridge_py/share/go2_twist_bridge_py/hook/pythonpath.ps1'
[1.620s] INFO:colcon.colcon_core.shell:Creating environment descriptor '/home/xn/unitree_go2_ws/install/go2_twist_bridge_py/share/go2_twist_bridge_py/hook/pythonpath.dsv'
[1.621s] INFO:colcon.colcon_core.shell:Creating environment hook '/home/xn/unitree_go2_ws/install/go2_twist_bridge_py/share/go2_twist_bridge_py/hook/pythonpath.sh'
[1.621s] Level 1:colcon.colcon_core.environment:checking '/home/xn/unitree_go2_ws/install/go2_twist_bridge_py/bin'
[1.621s] Level 1:colcon.colcon_core.environment:create_environment_scripts_only(go2_twist_bridge_py)
[1.622s] INFO:colcon.colcon_core.shell:Creating package script '/home/xn/unitree_go2_ws/install/go2_twist_bridge_py/share/go2_twist_bridge_py/package.ps1'
[1.622s] INFO:colcon.colcon_core.shell:Creating package descriptor '/home/xn/unitree_go2_ws/install/go2_twist_bridge_py/share/go2_twist_bridge_py/package.dsv'
[1.622s] INFO:colcon.colcon_core.shell:Creating package script '/home/xn/unitree_go2_ws/install/go2_twist_bridge_py/share/go2_twist_bridge_py/package.sh'
[1.623s] INFO:colcon.colcon_core.shell:Creating package script '/home/xn/unitree_go2_ws/install/go2_twist_bridge_py/share/go2_twist_bridge_py/package.bash'
[1.623s] INFO:colcon.colcon_core.shell:Creating package script '/home/xn/unitree_go2_ws/install/go2_twist_bridge_py/share/go2_twist_bridge_py/package.zsh'
[1.623s] Level 1:colcon.colcon_core.environment:create_file_with_runtime_dependencies(/home/xn/unitree_go2_ws/install/go2_twist_bridge_py/share/colcon-core/packages/go2_twist_bridge_py)
[1.624s] Level 1:colcon.colcon_core.environment:checking '/home/xn/unitree_go2_ws/install/go2_teleop_ctrl_keyboard' for CMake module files
[1.624s] Level 1:colcon.colcon_core.environment:checking '/home/xn/unitree_go2_ws/install/go2_teleop_ctrl_keyboard' for CMake config files
[1.624s] Level 1:colcon.colcon_core.environment:checking '/home/xn/unitree_go2_ws/install/go2_teleop_ctrl_keyboard/lib'
[1.624s] Level 1:colcon.colcon_core.environment:checking '/home/xn/unitree_go2_ws/install/go2_teleop_ctrl_keyboard/bin'
[1.624s] Level 1:colcon.colcon_core.environment:checking '/home/xn/unitree_go2_ws/install/go2_teleop_ctrl_keyboard/lib/pkgconfig/go2_teleop_ctrl_keyboard.pc'
[1.625s] Level 1:colcon.colcon_core.environment:checking '/home/xn/unitree_go2_ws/install/go2_teleop_ctrl_keyboard/lib/python3.8/site-packages'
[1.625s] Level 1:colcon.colcon_core.shell:create_environment_hook('go2_teleop_ctrl_keyboard', 'pythonpath')
[1.625s] INFO:colcon.colcon_core.shell:Creating environment hook '/home/xn/unitree_go2_ws/install/go2_teleop_ctrl_keyboard/share/go2_teleop_ctrl_keyboard/hook/pythonpath.ps1'
[1.625s] INFO:colcon.colcon_core.shell:Creating environment descriptor '/home/xn/unitree_go2_ws/install/go2_teleop_ctrl_keyboard/share/go2_teleop_ctrl_keyboard/hook/pythonpath.dsv'
[1.626s] INFO:colcon.colcon_core.shell:Creating environment hook '/home/xn/unitree_go2_ws/install/go2_teleop_ctrl_keyboard/share/go2_teleop_ctrl_keyboard/hook/pythonpath.sh'
[1.626s] Level 1:colcon.colcon_core.environment:checking '/home/xn/unitree_go2_ws/install/go2_teleop_ctrl_keyboard/bin'
[1.626s] Level 1:colcon.colcon_core.environment:create_environment_scripts_only(go2_teleop_ctrl_keyboard)
[1.626s] INFO:colcon.colcon_core.shell:Creating package script '/home/xn/unitree_go2_ws/install/go2_teleop_ctrl_keyboard/share/go2_teleop_ctrl_keyboard/package.ps1'
[1.627s] INFO:colcon.colcon_core.shell:Creating package descriptor '/home/xn/unitree_go2_ws/install/go2_teleop_ctrl_keyboard/share/go2_teleop_ctrl_keyboard/package.dsv'
[1.627s] INFO:colcon.colcon_core.shell:Creating package script '/home/xn/unitree_go2_ws/install/go2_teleop_ctrl_keyboard/share/go2_teleop_ctrl_keyboard/package.sh'
[1.628s] INFO:colcon.colcon_core.shell:Creating package script '/home/xn/unitree_go2_ws/install/go2_teleop_ctrl_keyboard/share/go2_teleop_ctrl_keyboard/package.bash'
[1.628s] INFO:colcon.colcon_core.shell:Creating package script '/home/xn/unitree_go2_ws/install/go2_teleop_ctrl_keyboard/share/go2_teleop_ctrl_keyboard/package.zsh'
[1.628s] Level 1:colcon.colcon_core.environment:create_file_with_runtime_dependencies(/home/xn/unitree_go2_ws/install/go2_teleop_ctrl_keyboard/share/colcon-core/packages/go2_teleop_ctrl_keyboard)
[1.847s] Level 1:colcon.colcon_core.environment:checking '/home/xn/unitree_go2_ws/install/my_test_py' for CMake module files
[1.848s] Level 1:colcon.colcon_core.environment:checking '/home/xn/unitree_go2_ws/install/my_test_py' for CMake config files
[1.848s] Level 1:colcon.colcon_core.environment:checking '/home/xn/unitree_go2_ws/install/my_test_py/lib'
[1.849s] Level 1:colcon.colcon_core.environment:checking '/home/xn/unitree_go2_ws/install/my_test_py/bin'
[1.849s] Level 1:colcon.colcon_core.environment:checking '/home/xn/unitree_go2_ws/install/my_test_py/lib/pkgconfig/my_test_py.pc'
[1.849s] Level 1:colcon.colcon_core.environment:checking '/home/xn/unitree_go2_ws/install/my_test_py/lib/python3.8/site-packages'
[1.849s] Level 1:colcon.colcon_core.shell:create_environment_hook('my_test_py', 'pythonpath')
[1.849s] INFO:colcon.colcon_core.shell:Creating environment hook '/home/xn/unitree_go2_ws/install/my_test_py/share/my_test_py/hook/pythonpath.ps1'
[1.850s] INFO:colcon.colcon_core.shell:Creating environment descriptor '/home/xn/unitree_go2_ws/install/my_test_py/share/my_test_py/hook/pythonpath.dsv'
[1.850s] INFO:colcon.colcon_core.shell:Creating environment hook '/home/xn/unitree_go2_ws/install/my_test_py/share/my_test_py/hook/pythonpath.sh'
[1.851s] Level 1:colcon.colcon_core.environment:checking '/home/xn/unitree_go2_ws/install/my_test_py/bin'
[1.851s] Level 1:colcon.colcon_core.environment:create_environment_scripts_only(my_test_py)
[1.851s] INFO:colcon.colcon_core.shell:Creating package script '/home/xn/unitree_go2_ws/install/my_test_py/share/my_test_py/package.ps1'
[1.851s] INFO:colcon.colcon_core.shell:Creating package descriptor '/home/xn/unitree_go2_ws/install/my_test_py/share/my_test_py/package.dsv'
[1.852s] INFO:colcon.colcon_core.shell:Creating package script '/home/xn/unitree_go2_ws/install/my_test_py/share/my_test_py/package.sh'
[1.852s] INFO:colcon.colcon_core.shell:Creating package script '/home/xn/unitree_go2_ws/install/my_test_py/share/my_test_py/package.bash'
[1.852s] INFO:colcon.colcon_core.shell:Creating package script '/home/xn/unitree_go2_ws/install/my_test_py/share/my_test_py/package.zsh'
[1.853s] Level 1:colcon.colcon_core.environment:create_file_with_runtime_dependencies(/home/xn/unitree_go2_ws/install/my_test_py/share/colcon-core/packages/my_test_py)
[1.853s] Level 1:colcon.colcon_core.environment:checking '/home/xn/unitree_go2_ws/install/helloworld_py' for CMake module files
[1.854s] Level 1:colcon.colcon_core.environment:checking '/home/xn/unitree_go2_ws/install/helloworld_py' for CMake config files
[1.854s] Level 1:colcon.colcon_core.environment:checking '/home/xn/unitree_go2_ws/install/helloworld_py/lib'
[1.854s] Level 1:colcon.colcon_core.environment:checking '/home/xn/unitree_go2_ws/install/helloworld_py/bin'
[1.854s] Level 1:colcon.colcon_core.environment:checking '/home/xn/unitree_go2_ws/install/helloworld_py/lib/pkgconfig/helloworld_py.pc'
[1.854s] Level 1:colcon.colcon_core.environment:checking '/home/xn/unitree_go2_ws/install/helloworld_py/lib/python3.8/site-packages'
[1.854s] Level 1:colcon.colcon_core.shell:create_environment_hook('helloworld_py', 'pythonpath')
[1.854s] INFO:colcon.colcon_core.shell:Creating environment hook '/home/xn/unitree_go2_ws/install/helloworld_py/share/helloworld_py/hook/pythonpath.ps1'
[1.855s] INFO:colcon.colcon_core.shell:Creating environment descriptor '/home/xn/unitree_go2_ws/install/helloworld_py/share/helloworld_py/hook/pythonpath.dsv'
[1.855s] INFO:colcon.colcon_core.shell:Creating environment hook '/home/xn/unitree_go2_ws/install/helloworld_py/share/helloworld_py/hook/pythonpath.sh'
[1.856s] Level 1:colcon.colcon_core.environment:checking '/home/xn/unitree_go2_ws/install/helloworld_py/bin'
[1.856s] Level 1:colcon.colcon_core.environment:create_environment_scripts_only(helloworld_py)
[1.856s] INFO:colcon.colcon_core.shell:Creating package script '/home/xn/unitree_go2_ws/install/helloworld_py/share/helloworld_py/package.ps1'
[1.856s] INFO:colcon.colcon_core.shell:Creating package descriptor '/home/xn/unitree_go2_ws/install/helloworld_py/share/helloworld_py/package.dsv'
[1.857s] INFO:colcon.colcon_core.shell:Creating package script '/home/xn/unitree_go2_ws/install/helloworld_py/share/helloworld_py/package.sh'
[1.857s] INFO:colcon.colcon_core.shell:Creating package script '/home/xn/unitree_go2_ws/install/helloworld_py/share/helloworld_py/package.bash'
[1.857s] INFO:colcon.colcon_core.shell:Creating package script '/home/xn/unitree_go2_ws/install/helloworld_py/share/helloworld_py/package.zsh'
[1.858s] Level 1:colcon.colcon_core.environment:create_file_with_runtime_dependencies(/home/xn/unitree_go2_ws/install/helloworld_py/share/colcon-core/packages/helloworld_py)
[1.858s] DEBUG:colcon.colcon_parallel_executor.executor.parallel:closing loop
[1.858s] DEBUG:colcon.colcon_parallel_executor.executor.parallel:loop closed
[1.858s] DEBUG:colcon.colcon_parallel_executor.executor.parallel:run_until_complete finished with '0'
[1.858s] DEBUG:colcon.colcon_core.event_reactor:joining thread
[14.260s] ERROR:colcon.colcon_core.event_reactor:Exception in event handler extension 'log': unsupported operand type(s) for /: 'PosixPath' and 'NoneType'
Traceback (most recent call last):
  File "/usr/lib/python3/dist-packages/colcon_core/event_reactor.py", line 78, in _notify_observers
    retval = observer(event)
  File "/usr/lib/python3/dist-packages/colcon_output/event_handler/log.py", line 108, in __call__
    if not self._init_logs(job):
  File "/usr/lib/python3/dist-packages/colcon_output/event_handler/log.py", line 156, in _init_logs
    base_path = get_log_directory(job)
  File "/usr/lib/python3/dist-packages/colcon_output/event_handler/log.py", line 178, in get_log_directory
    log_path = get_log_path()
  File "/usr/lib/python3/dist-packages/colcon_core/location.py", line 94, in get_log_path
    return Path(str(path)) / _log_subdirectory
TypeError: unsupported operand type(s) for /: 'PosixPath' and 'NoneType'

[14.261s] DEBUG:colcon.colcon_core.event_handler.log_command:Invoking command in '/home/xn/unitree_go2_ws/build/go2_tutorial': CMAKE_PREFIX_PATH=${CMAKE_PREFIX_PATH}:/home/xn/unitree_go2_ws/install/my_test_py:/home/xn/unitree_go2_ws/install/helloworld_py:/home/xn/unitree_go2_ws/install/go2_twist_bridge_py:/home/xn/unitree_go2_ws/install/go2_tutorial_py:/home/xn/unitree_go2_ws/install/go2_teleop_ctrl_keyboard:/home/xn/unitree_go2_ws/install/go2_driver_py:/opt/ros/foxy /usr/bin/cmake --build /home/xn/unitree_go2_ws/build/go2_tutorial -- -j8 -l8
[14.262s] ERROR:colcon.colcon_core.event_reactor:Exception in event handler extension 'log': unsupported operand type(s) for /: 'PosixPath' and 'NoneType'
Traceback (most recent call last):
  File "/usr/lib/python3/dist-packages/colcon_core/event_reactor.py", line 78, in _notify_observers
    retval = observer(event)
  File "/usr/lib/python3/dist-packages/colcon_output/event_handler/log.py", line 108, in __call__
    if not self._init_logs(job):
  File "/usr/lib/python3/dist-packages/colcon_output/event_handler/log.py", line 156, in _init_logs
    base_path = get_log_directory(job)
  File "/usr/lib/python3/dist-packages/colcon_output/event_handler/log.py", line 178, in get_log_directory
    log_path = get_log_path()
  File "/usr/lib/python3/dist-packages/colcon_core/location.py", line 94, in get_log_path
    return Path(str(path)) / _log_subdirectory
TypeError: unsupported operand type(s) for /: 'PosixPath' and 'NoneType'

[14.262s] DEBUG:colcon.colcon_core.event_handler.log_command:Invoking command in '/home/xn/unitree_go2_ws/build/go2_twist_bridge': CMAKE_PREFIX_PATH=${CMAKE_PREFIX_PATH}:/home/xn/unitree_go2_ws/install/my_test_py:/home/xn/unitree_go2_ws/install/helloworld_py:/home/xn/unitree_go2_ws/install/go2_twist_bridge_py:/home/xn/unitree_go2_ws/install/go2_tutorial_py:/home/xn/unitree_go2_ws/install/go2_teleop_ctrl_keyboard:/home/xn/unitree_go2_ws/install/go2_driver_py:/opt/ros/foxy /usr/bin/cmake --build /home/xn/unitree_go2_ws/build/go2_twist_bridge -- -j8 -l8
[14.262s] ERROR:colcon.colcon_core.event_reactor:Exception in event handler extension 'log': unsupported operand type(s) for /: 'PosixPath' and 'NoneType'
Traceback (most recent call last):
  File "/usr/lib/python3/dist-packages/colcon_core/event_reactor.py", line 78, in _notify_observers
    retval = observer(event)
  File "/usr/lib/python3/dist-packages/colcon_output/event_handler/log.py", line 121, in __call__
    base_path = get_log_directory(job)
  File "/usr/lib/python3/dist-packages/colcon_output/event_handler/log.py", line 178, in get_log_directory
    log_path = get_log_path()
  File "/usr/lib/python3/dist-packages/colcon_core/location.py", line 94, in get_log_path
    return Path(str(path)) / _log_subdirectory
TypeError: unsupported operand type(s) for /: 'PosixPath' and 'NoneType'

[14.262s] ERROR:colcon.colcon_core.event_reactor:Exception in event handler extension 'log': unsupported operand type(s) for /: 'PosixPath' and 'NoneType'
Traceback (most recent call last):
  File "/usr/lib/python3/dist-packages/colcon_core/event_reactor.py", line 78, in _notify_observers
    retval = observer(event)
  File "/usr/lib/python3/dist-packages/colcon_output/event_handler/log.py", line 108, in __call__
    if not self._init_logs(job):
  File "/usr/lib/python3/dist-packages/colcon_output/event_handler/log.py", line 156, in _init_logs
    base_path = get_log_directory(job)
  File "/usr/lib/python3/dist-packages/colcon_output/event_handler/log.py", line 178, in get_log_directory
    log_path = get_log_path()
  File "/usr/lib/python3/dist-packages/colcon_core/location.py", line 94, in get_log_path
    return Path(str(path)) / _log_subdirectory
TypeError: unsupported operand type(s) for /: 'PosixPath' and 'NoneType'

[14.263s] ERROR:colcon.colcon_core.event_reactor:Exception in event handler extension 'log': unsupported operand type(s) for /: 'PosixPath' and 'NoneType'
Traceback (most recent call last):
  File "/usr/lib/python3/dist-packages/colcon_core/event_reactor.py", line 78, in _notify_observers
    retval = observer(event)
  File "/usr/lib/python3/dist-packages/colcon_output/event_handler/log.py", line 108, in __call__
    if not self._init_logs(job):
  File "/usr/lib/python3/dist-packages/colcon_output/event_handler/log.py", line 156, in _init_logs
    base_path = get_log_directory(job)
  File "/usr/lib/python3/dist-packages/colcon_output/event_handler/log.py", line 178, in get_log_directory
    log_path = get_log_path()
  File "/usr/lib/python3/dist-packages/colcon_core/location.py", line 94, in get_log_path
    return Path(str(path)) / _log_subdirectory
TypeError: unsupported operand type(s) for /: 'PosixPath' and 'NoneType'

[14.263s] ERROR:colcon.colcon_core.event_reactor:Exception in event handler extension 'log': unsupported operand type(s) for /: 'PosixPath' and 'NoneType'
Traceback (most recent call last):
  File "/usr/lib/python3/dist-packages/colcon_core/event_reactor.py", line 78, in _notify_observers
    retval = observer(event)
  File "/usr/lib/python3/dist-packages/colcon_output/event_handler/log.py", line 108, in __call__
    if not self._init_logs(job):
  File "/usr/lib/python3/dist-packages/colcon_output/event_handler/log.py", line 156, in _init_logs
    base_path = get_log_directory(job)
  File "/usr/lib/python3/dist-packages/colcon_output/event_handler/log.py", line 178, in get_log_directory
    log_path = get_log_path()
  File "/usr/lib/python3/dist-packages/colcon_core/location.py", line 94, in get_log_path
    return Path(str(path)) / _log_subdirectory
TypeError: unsupported operand type(s) for /: 'PosixPath' and 'NoneType'

[14.263s] ERROR:colcon.colcon_core.event_reactor:Exception in event handler extension 'log': unsupported operand type(s) for /: 'PosixPath' and 'NoneType'
Traceback (most recent call last):
  File "/usr/lib/python3/dist-packages/colcon_core/event_reactor.py", line 78, in _notify_observers
    retval = observer(event)
  File "/usr/lib/python3/dist-packages/colcon_output/event_handler/log.py", line 121, in __call__
    base_path = get_log_directory(job)
  File "/usr/lib/python3/dist-packages/colcon_output/event_handler/log.py", line 178, in get_log_directory
    log_path = get_log_path()
  File "/usr/lib/python3/dist-packages/colcon_core/location.py", line 94, in get_log_path
    return Path(str(path)) / _log_subdirectory
TypeError: unsupported operand type(s) for /: 'PosixPath' and 'NoneType'

[14.264s] DEBUG:colcon.colcon_core.event_handler.log_command:Invoked command in '/home/xn/unitree_go2_ws/build/go2_description' returned '0': CMAKE_PREFIX_PATH=${CMAKE_PREFIX_PATH}:/home/xn/unitree_go2_ws/install/my_test_py:/home/xn/unitree_go2_ws/install/helloworld_py:/home/xn/unitree_go2_ws/install/go2_twist_bridge_py:/home/xn/unitree_go2_ws/install/go2_tutorial_py:/home/xn/unitree_go2_ws/install/go2_teleop_ctrl_keyboard:/home/xn/unitree_go2_ws/install/go2_driver_py:/opt/ros/foxy /usr/bin/cmake --build /home/xn/unitree_go2_ws/build/go2_description -- -j8 -l8
[14.264s] ERROR:colcon.colcon_core.event_reactor:Exception in event handler extension 'log': unsupported operand type(s) for /: 'PosixPath' and 'NoneType'
Traceback (most recent call last):
  File "/usr/lib/python3/dist-packages/colcon_core/event_reactor.py", line 78, in _notify_observers
    retval = observer(event)
  File "/usr/lib/python3/dist-packages/colcon_output/event_handler/log.py", line 121, in __call__
    base_path = get_log_directory(job)
  File "/usr/lib/python3/dist-packages/colcon_output/event_handler/log.py", line 178, in get_log_directory
    log_path = get_log_path()
  File "/usr/lib/python3/dist-packages/colcon_core/location.py", line 94, in get_log_path
    return Path(str(path)) / _log_subdirectory
TypeError: unsupported operand type(s) for /: 'PosixPath' and 'NoneType'

[14.264s] DEBUG:colcon.colcon_core.event_handler.log_command:Invoking command in '/home/xn/unitree_go2_ws/build/go2_description': CMAKE_PREFIX_PATH=${CMAKE_PREFIX_PATH}:/home/xn/unitree_go2_ws/install/my_test_py:/home/xn/unitree_go2_ws/install/helloworld_py:/home/xn/unitree_go2_ws/install/go2_twist_bridge_py:/home/xn/unitree_go2_ws/install/go2_tutorial_py:/home/xn/unitree_go2_ws/install/go2_teleop_ctrl_keyboard:/home/xn/unitree_go2_ws/install/go2_driver_py:/opt/ros/foxy /usr/bin/cmake --install /home/xn/unitree_go2_ws/build/go2_description
[14.264s] ERROR:colcon.colcon_core.event_reactor:Exception in event handler extension 'log': unsupported operand type(s) for /: 'PosixPath' and 'NoneType'
Traceback (most recent call last):
  File "/usr/lib/python3/dist-packages/colcon_core/event_reactor.py", line 78, in _notify_observers
    retval = observer(event)
  File "/usr/lib/python3/dist-packages/colcon_output/event_handler/log.py", line 121, in __call__
    base_path = get_log_directory(job)
  File "/usr/lib/python3/dist-packages/colcon_output/event_handler/log.py", line 178, in get_log_directory
    log_path = get_log_path()
  File "/usr/lib/python3/dist-packages/colcon_core/location.py", line 94, in get_log_path
    return Path(str(path)) / _log_subdirectory
TypeError: unsupported operand type(s) for /: 'PosixPath' and 'NoneType'

[14.264s] DEBUG:colcon.colcon_core.event_handler.log_command:Invoked command in '/home/xn/unitree_go2_ws/build/go2_driver' returned '0': CMAKE_PREFIX_PATH=${CMAKE_PREFIX_PATH}:/home/xn/unitree_go2_ws/install/my_test_py:/home/xn/unitree_go2_ws/install/helloworld_py:/home/xn/unitree_go2_ws/install/go2_twist_bridge_py:/home/xn/unitree_go2_ws/install/go2_tutorial_py:/home/xn/unitree_go2_ws/install/go2_teleop_ctrl_keyboard:/home/xn/unitree_go2_ws/install/go2_driver_py:/opt/ros/foxy /usr/bin/cmake --build /home/xn/unitree_go2_ws/build/go2_driver -- -j8 -l8
[14.264s] ERROR:colcon.colcon_core.event_reactor:Exception in event handler extension 'log': unsupported operand type(s) for /: 'PosixPath' and 'NoneType'
Traceback (most recent call last):
  File "/usr/lib/python3/dist-packages/colcon_core/event_reactor.py", line 78, in _notify_observers
    retval = observer(event)
  File "/usr/lib/python3/dist-packages/colcon_output/event_handler/log.py", line 121, in __call__
    base_path = get_log_directory(job)
  File "/usr/lib/python3/dist-packages/colcon_output/event_handler/log.py", line 178, in get_log_directory
    log_path = get_log_path()
  File "/usr/lib/python3/dist-packages/colcon_core/location.py", line 94, in get_log_path
    return Path(str(path)) / _log_subdirectory
TypeError: unsupported operand type(s) for /: 'PosixPath' and 'NoneType'

[14.264s] DEBUG:colcon.colcon_core.event_handler.log_command:Invoking command in '/home/xn/unitree_go2_ws/build/go2_driver': CMAKE_PREFIX_PATH=${CMAKE_PREFIX_PATH}:/home/xn/unitree_go2_ws/install/my_test_py:/home/xn/unitree_go2_ws/install/helloworld_py:/home/xn/unitree_go2_ws/install/go2_twist_bridge_py:/home/xn/unitree_go2_ws/install/go2_tutorial_py:/home/xn/unitree_go2_ws/install/go2_teleop_ctrl_keyboard:/home/xn/unitree_go2_ws/install/go2_driver_py:/opt/ros/foxy /usr/bin/cmake --install /home/xn/unitree_go2_ws/build/go2_driver
[14.265s] ERROR:colcon.colcon_core.event_reactor:Exception in event handler extension 'log': unsupported operand type(s) for /: 'PosixPath' and 'NoneType'
Traceback (most recent call last):
  File "/usr/lib/python3/dist-packages/colcon_core/event_reactor.py", line 78, in _notify_observers
    retval = observer(event)
  File "/usr/lib/python3/dist-packages/colcon_output/event_handler/log.py", line 108, in __call__
    if not self._init_logs(job):
  File "/usr/lib/python3/dist-packages/colcon_output/event_handler/log.py", line 156, in _init_logs
    base_path = get_log_directory(job)
  File "/usr/lib/python3/dist-packages/colcon_output/event_handler/log.py", line 178, in get_log_directory
    log_path = get_log_path()
  File "/usr/lib/python3/dist-packages/colcon_core/location.py", line 94, in get_log_path
    return Path(str(path)) / _log_subdirectory
TypeError: unsupported operand type(s) for /: 'PosixPath' and 'NoneType'

[14.265s] DEBUG:colcon.colcon_core.event_handler.log_command:Invoked command in '/home/xn/unitree_go2_ws/build/go2_tutorial' returned '0': CMAKE_PREFIX_PATH=${CMAKE_PREFIX_PATH}:/home/xn/unitree_go2_ws/install/my_test_py:/home/xn/unitree_go2_ws/install/helloworld_py:/home/xn/unitree_go2_ws/install/go2_twist_bridge_py:/home/xn/unitree_go2_ws/install/go2_tutorial_py:/home/xn/unitree_go2_ws/install/go2_teleop_ctrl_keyboard:/home/xn/unitree_go2_ws/install/go2_driver_py:/opt/ros/foxy /usr/bin/cmake --build /home/xn/unitree_go2_ws/build/go2_tutorial -- -j8 -l8
[14.265s] ERROR:colcon.colcon_core.event_reactor:Exception in event handler extension 'log': unsupported operand type(s) for /: 'PosixPath' and 'NoneType'
Traceback (most recent call last):
  File "/usr/lib/python3/dist-packages/colcon_core/event_reactor.py", line 78, in _notify_observers
    retval = observer(event)
  File "/usr/lib/python3/dist-packages/colcon_output/event_handler/log.py", line 108, in __call__
    if not self._init_logs(job):
  File "/usr/lib/python3/dist-packages/colcon_output/event_handler/log.py", line 156, in _init_logs
    base_path = get_log_directory(job)
  File "/usr/lib/python3/dist-packages/colcon_output/event_handler/log.py", line 178, in get_log_directory
    log_path = get_log_path()
  File "/usr/lib/python3/dist-packages/colcon_core/location.py", line 94, in get_log_path
    return Path(str(path)) / _log_subdirectory
TypeError: unsupported operand type(s) for /: 'PosixPath' and 'NoneType'

[14.265s] DEBUG:colcon.colcon_core.event_handler.log_command:Invoking command in '/home/xn/unitree_go2_ws/build/go2_tutorial': CMAKE_PREFIX_PATH=${CMAKE_PREFIX_PATH}:/home/xn/unitree_go2_ws/install/my_test_py:/home/xn/unitree_go2_ws/install/helloworld_py:/home/xn/unitree_go2_ws/install/go2_twist_bridge_py:/home/xn/unitree_go2_ws/install/go2_tutorial_py:/home/xn/unitree_go2_ws/install/go2_teleop_ctrl_keyboard:/home/xn/unitree_go2_ws/install/go2_driver_py:/opt/ros/foxy /usr/bin/cmake --install /home/xn/unitree_go2_ws/build/go2_tutorial
[14.265s] ERROR:colcon.colcon_core.event_reactor:Exception in event handler extension 'log': unsupported operand type(s) for /: 'PosixPath' and 'NoneType'
Traceback (most recent call last):
  File "/usr/lib/python3/dist-packages/colcon_core/event_reactor.py", line 78, in _notify_observers
    retval = observer(event)
  File "/usr/lib/python3/dist-packages/colcon_output/event_handler/log.py", line 108, in __call__
    if not self._init_logs(job):
  File "/usr/lib/python3/dist-packages/colcon_output/event_handler/log.py", line 156, in _init_logs
    base_path = get_log_directory(job)
  File "/usr/lib/python3/dist-packages/colcon_output/event_handler/log.py", line 178, in get_log_directory
    log_path = get_log_path()
  File "/usr/lib/python3/dist-packages/colcon_core/location.py", line 94, in get_log_path
    return Path(str(path)) / _log_subdirectory
TypeError: unsupported operand type(s) for /: 'PosixPath' and 'NoneType'

[14.265s] DEBUG:colcon.colcon_core.event_handler.log_command:Invoked command in '/home/xn/unitree_go2_ws/build/go2_twist_bridge' returned '0': CMAKE_PREFIX_PATH=${CMAKE_PREFIX_PATH}:/home/xn/unitree_go2_ws/install/my_test_py:/home/xn/unitree_go2_ws/install/helloworld_py:/home/xn/unitree_go2_ws/install/go2_twist_bridge_py:/home/xn/unitree_go2_ws/install/go2_tutorial_py:/home/xn/unitree_go2_ws/install/go2_teleop_ctrl_keyboard:/home/xn/unitree_go2_ws/install/go2_driver_py:/opt/ros/foxy /usr/bin/cmake --build /home/xn/unitree_go2_ws/build/go2_twist_bridge -- -j8 -l8
[14.266s] ERROR:colcon.colcon_core.event_reactor:Exception in event handler extension 'log': unsupported operand type(s) for /: 'PosixPath' and 'NoneType'
Traceback (most recent call last):
  File "/usr/lib/python3/dist-packages/colcon_core/event_reactor.py", line 78, in _notify_observers
    retval = observer(event)
  File "/usr/lib/python3/dist-packages/colcon_output/event_handler/log.py", line 108, in __call__
    if not self._init_logs(job):
  File "/usr/lib/python3/dist-packages/colcon_output/event_handler/log.py", line 156, in _init_logs
    base_path = get_log_directory(job)
  File "/usr/lib/python3/dist-packages/colcon_output/event_handler/log.py", line 178, in get_log_directory
    log_path = get_log_path()
  File "/usr/lib/python3/dist-packages/colcon_core/location.py", line 94, in get_log_path
    return Path(str(path)) / _log_subdirectory
TypeError: unsupported operand type(s) for /: 'PosixPath' and 'NoneType'

[14.266s] DEBUG:colcon.colcon_core.event_handler.log_command:Invoking command in '/home/xn/unitree_go2_ws/build/go2_twist_bridge': CMAKE_PREFIX_PATH=${CMAKE_PREFIX_PATH}:/home/xn/unitree_go2_ws/install/my_test_py:/home/xn/unitree_go2_ws/install/helloworld_py:/home/xn/unitree_go2_ws/install/go2_twist_bridge_py:/home/xn/unitree_go2_ws/install/go2_tutorial_py:/home/xn/unitree_go2_ws/install/go2_teleop_ctrl_keyboard:/home/xn/unitree_go2_ws/install/go2_driver_py:/opt/ros/foxy /usr/bin/cmake --install /home/xn/unitree_go2_ws/build/go2_twist_bridge
[14.266s] ERROR:colcon.colcon_core.event_reactor:Exception in event handler extension 'log': unsupported operand type(s) for /: 'PosixPath' and 'NoneType'
Traceback (most recent call last):
  File "/usr/lib/python3/dist-packages/colcon_core/event_reactor.py", line 78, in _notify_observers
    retval = observer(event)
  File "/usr/lib/python3/dist-packages/colcon_output/event_handler/log.py", line 121, in __call__
    base_path = get_log_directory(job)
  File "/usr/lib/python3/dist-packages/colcon_output/event_handler/log.py", line 178, in get_log_directory
    log_path = get_log_path()
  File "/usr/lib/python3/dist-packages/colcon_core/location.py", line 94, in get_log_path
    return Path(str(path)) / _log_subdirectory
TypeError: unsupported operand type(s) for /: 'PosixPath' and 'NoneType'

[14.266s] ERROR:colcon.colcon_core.event_reactor:Exception in event handler extension 'log': unsupported operand type(s) for /: 'PosixPath' and 'NoneType'
Traceback (most recent call last):
  File "/usr/lib/python3/dist-packages/colcon_core/event_reactor.py", line 78, in _notify_observers
    retval = observer(event)
  File "/usr/lib/python3/dist-packages/colcon_output/event_handler/log.py", line 121, in __call__
    base_path = get_log_directory(job)
  File "/usr/lib/python3/dist-packages/colcon_output/event_handler/log.py", line 178, in get_log_directory
    log_path = get_log_path()
  File "/usr/lib/python3/dist-packages/colcon_core/location.py", line 94, in get_log_path
    return Path(str(path)) / _log_subdirectory
TypeError: unsupported operand type(s) for /: 'PosixPath' and 'NoneType'

[14.266s] ERROR:colcon.colcon_core.event_reactor:Exception in event handler extension 'log': unsupported operand type(s) for /: 'PosixPath' and 'NoneType'
Traceback (most recent call last):
  File "/usr/lib/python3/dist-packages/colcon_core/event_reactor.py", line 78, in _notify_observers
    retval = observer(event)
  File "/usr/lib/python3/dist-packages/colcon_output/event_handler/log.py", line 121, in __call__
    base_path = get_log_directory(job)
  File "/usr/lib/python3/dist-packages/colcon_output/event_handler/log.py", line 178, in get_log_directory
    log_path = get_log_path()
  File "/usr/lib/python3/dist-packages/colcon_core/location.py", line 94, in get_log_path
    return Path(str(path)) / _log_subdirectory
TypeError: unsupported operand type(s) for /: 'PosixPath' and 'NoneType'

[14.266s] ERROR:colcon.colcon_core.event_reactor:Exception in event handler extension 'log': unsupported operand type(s) for /: 'PosixPath' and 'NoneType'
Traceback (most recent call last):
  File "/usr/lib/python3/dist-packages/colcon_core/event_reactor.py", line 78, in _notify_observers
    retval = observer(event)
  File "/usr/lib/python3/dist-packages/colcon_output/event_handler/log.py", line 121, in __call__
    base_path = get_log_directory(job)
  File "/usr/lib/python3/dist-packages/colcon_output/event_handler/log.py", line 178, in get_log_directory
    log_path = get_log_path()
  File "/usr/lib/python3/dist-packages/colcon_core/location.py", line 94, in get_log_path
    return Path(str(path)) / _log_subdirectory
TypeError: unsupported operand type(s) for /: 'PosixPath' and 'NoneType'

[14.266s] ERROR:colcon.colcon_core.event_reactor:Exception in event handler extension 'log': unsupported operand type(s) for /: 'PosixPath' and 'NoneType'
Traceback (most recent call last):
  File "/usr/lib/python3/dist-packages/colcon_core/event_reactor.py", line 78, in _notify_observers
    retval = observer(event)
  File "/usr/lib/python3/dist-packages/colcon_output/event_handler/log.py", line 121, in __call__
    base_path = get_log_directory(job)
  File "/usr/lib/python3/dist-packages/colcon_output/event_handler/log.py", line 178, in get_log_directory
    log_path = get_log_path()
  File "/usr/lib/python3/dist-packages/colcon_core/location.py", line 94, in get_log_path
    return Path(str(path)) / _log_subdirectory
TypeError: unsupported operand type(s) for /: 'PosixPath' and 'NoneType'

[14.266s] ERROR:colcon.colcon_core.event_reactor:Exception in event handler extension 'log': unsupported operand type(s) for /: 'PosixPath' and 'NoneType'
Traceback (most recent call last):
  File "/usr/lib/python3/dist-packages/colcon_core/event_reactor.py", line 78, in _notify_observers
    retval = observer(event)
  File "/usr/lib/python3/dist-packages/colcon_output/event_handler/log.py", line 121, in __call__
    base_path = get_log_directory(job)
  File "/usr/lib/python3/dist-packages/colcon_output/event_handler/log.py", line 178, in get_log_directory
    log_path = get_log_path()
  File "/usr/lib/python3/dist-packages/colcon_core/location.py", line 94, in get_log_path
    return Path(str(path)) / _log_subdirectory
TypeError: unsupported operand type(s) for /: 'PosixPath' and 'NoneType'

[14.267s] ERROR:colcon.colcon_core.event_reactor:Exception in event handler extension 'log': unsupported operand type(s) for /: 'PosixPath' and 'NoneType'
Traceback (most recent call last):
  File "/usr/lib/python3/dist-packages/colcon_core/event_reactor.py", line 78, in _notify_observers
    retval = observer(event)
  File "/usr/lib/python3/dist-packages/colcon_output/event_handler/log.py", line 121, in __call__
    base_path = get_log_directory(job)
  File "/usr/lib/python3/dist-packages/colcon_output/event_handler/log.py", line 178, in get_log_directory
    log_path = get_log_path()
  File "/usr/lib/python3/dist-packages/colcon_core/location.py", line 94, in get_log_path
    return Path(str(path)) / _log_subdirectory
TypeError: unsupported operand type(s) for /: 'PosixPath' and 'NoneType'

[14.267s] ERROR:colcon.colcon_core.event_reactor:Exception in event handler extension 'log': unsupported operand type(s) for /: 'PosixPath' and 'NoneType'
Traceback (most recent call last):
  File "/usr/lib/python3/dist-packages/colcon_core/event_reactor.py", line 78, in _notify_observers
    retval = observer(event)
  File "/usr/lib/python3/dist-packages/colcon_output/event_handler/log.py", line 121, in __call__
    base_path = get_log_directory(job)
  File "/usr/lib/python3/dist-packages/colcon_output/event_handler/log.py", line 178, in get_log_directory
    log_path = get_log_path()
  File "/usr/lib/python3/dist-packages/colcon_core/location.py", line 94, in get_log_path
    return Path(str(path)) / _log_subdirectory
TypeError: unsupported operand type(s) for /: 'PosixPath' and 'NoneType'

[14.267s] ERROR:colcon.colcon_core.event_reactor:Exception in event handler extension 'log': unsupported operand type(s) for /: 'PosixPath' and 'NoneType'
Traceback (most recent call last):
  File "/usr/lib/python3/dist-packages/colcon_core/event_reactor.py", line 78, in _notify_observers
    retval = observer(event)
  File "/usr/lib/python3/dist-packages/colcon_output/event_handler/log.py", line 121, in __call__
    base_path = get_log_directory(job)
  File "/usr/lib/python3/dist-packages/colcon_output/event_handler/log.py", line 178, in get_log_directory
    log_path = get_log_path()
  File "/usr/lib/python3/dist-packages/colcon_core/location.py", line 94, in get_log_path
    return Path(str(path)) / _log_subdirectory
TypeError: unsupported operand type(s) for /: 'PosixPath' and 'NoneType'

[14.267s] ERROR:colcon.colcon_core.event_reactor:Exception in event handler extension 'log': unsupported operand type(s) for /: 'PosixPath' and 'NoneType'
Traceback (most recent call last):
  File "/usr/lib/python3/dist-packages/colcon_core/event_reactor.py", line 78, in _notify_observers
    retval = observer(event)
  File "/usr/lib/python3/dist-packages/colcon_output/event_handler/log.py", line 121, in __call__
    base_path = get_log_directory(job)
  File "/usr/lib/python3/dist-packages/colcon_output/event_handler/log.py", line 178, in get_log_directory
    log_path = get_log_path()
  File "/usr/lib/python3/dist-packages/colcon_core/location.py", line 94, in get_log_path
    return Path(str(path)) / _log_subdirectory
TypeError: unsupported operand type(s) for /: 'PosixPath' and 'NoneType'

[14.267s] ERROR:colcon.colcon_core.event_reactor:Exception in event handler extension 'log': unsupported operand type(s) for /: 'PosixPath' and 'NoneType'
Traceback (most recent call last):
  File "/usr/lib/python3/dist-packages/colcon_core/event_reactor.py", line 78, in _notify_observers
    retval = observer(event)
  File "/usr/lib/python3/dist-packages/colcon_output/event_handler/log.py", line 121, in __call__
    base_path = get_log_directory(job)
  File "/usr/lib/python3/dist-packages/colcon_output/event_handler/log.py", line 178, in get_log_directory
    log_path = get_log_path()
  File "/usr/lib/python3/dist-packages/colcon_core/location.py", line 94, in get_log_path
    return Path(str(path)) / _log_subdirectory
TypeError: unsupported operand type(s) for /: 'PosixPath' and 'NoneType'

[14.267s] ERROR:colcon.colcon_core.event_reactor:Exception in event handler extension 'log': unsupported operand type(s) for /: 'PosixPath' and 'NoneType'
Traceback (most recent call last):
  File "/usr/lib/python3/dist-packages/colcon_core/event_reactor.py", line 78, in _notify_observers
    retval = observer(event)
  File "/usr/lib/python3/dist-packages/colcon_output/event_handler/log.py", line 121, in __call__
    base_path = get_log_directory(job)
  File "/usr/lib/python3/dist-packages/colcon_output/event_handler/log.py", line 178, in get_log_directory
    log_path = get_log_path()
  File "/usr/lib/python3/dist-packages/colcon_core/location.py", line 94, in get_log_path
    return Path(str(path)) / _log_subdirectory
TypeError: unsupported operand type(s) for /: 'PosixPath' and 'NoneType'

[14.267s] ERROR:colcon.colcon_core.event_reactor:Exception in event handler extension 'log': unsupported operand type(s) for /: 'PosixPath' and 'NoneType'
Traceback (most recent call last):
  File "/usr/lib/python3/dist-packages/colcon_core/event_reactor.py", line 78, in _notify_observers
    retval = observer(event)
  File "/usr/lib/python3/dist-packages/colcon_output/event_handler/log.py", line 121, in __call__
    base_path = get_log_directory(job)
  File "/usr/lib/python3/dist-packages/colcon_output/event_handler/log.py", line 178, in get_log_directory
    log_path = get_log_path()
  File "/usr/lib/python3/dist-packages/colcon_core/location.py", line 94, in get_log_path
    return Path(str(path)) / _log_subdirectory
TypeError: unsupported operand type(s) for /: 'PosixPath' and 'NoneType'

[14.267s] ERROR:colcon.colcon_core.event_reactor:Exception in event handler extension 'log': unsupported operand type(s) for /: 'PosixPath' and 'NoneType'
Traceback (most recent call last):
  File "/usr/lib/python3/dist-packages/colcon_core/event_reactor.py", line 78, in _notify_observers
    retval = observer(event)
  File "/usr/lib/python3/dist-packages/colcon_output/event_handler/log.py", line 121, in __call__
    base_path = get_log_directory(job)
  File "/usr/lib/python3/dist-packages/colcon_output/event_handler/log.py", line 178, in get_log_directory
    log_path = get_log_path()
  File "/usr/lib/python3/dist-packages/colcon_core/location.py", line 94, in get_log_path
    return Path(str(path)) / _log_subdirectory
TypeError: unsupported operand type(s) for /: 'PosixPath' and 'NoneType'

[14.267s] ERROR:colcon.colcon_core.event_reactor:Exception in event handler extension 'log': unsupported operand type(s) for /: 'PosixPath' and 'NoneType'
Traceback (most recent call last):
  File "/usr/lib/python3/dist-packages/colcon_core/event_reactor.py", line 78, in _notify_observers
    retval = observer(event)
  File "/usr/lib/python3/dist-packages/colcon_output/event_handler/log.py", line 121, in __call__
    base_path = get_log_directory(job)
  File "/usr/lib/python3/dist-packages/colcon_output/event_handler/log.py", line 178, in get_log_directory
    log_path = get_log_path()
  File "/usr/lib/python3/dist-packages/colcon_core/location.py", line 94, in get_log_path
    return Path(str(path)) / _log_subdirectory
TypeError: unsupported operand type(s) for /: 'PosixPath' and 'NoneType'

[14.267s] ERROR:colcon.colcon_core.event_reactor:Exception in event handler extension 'log': unsupported operand type(s) for /: 'PosixPath' and 'NoneType'
Traceback (most recent call last):
  File "/usr/lib/python3/dist-packages/colcon_core/event_reactor.py", line 78, in _notify_observers
    retval = observer(event)
  File "/usr/lib/python3/dist-packages/colcon_output/event_handler/log.py", line 121, in __call__
    base_path = get_log_directory(job)
  File "/usr/lib/python3/dist-packages/colcon_output/event_handler/log.py", line 178, in get_log_directory
    log_path = get_log_path()
  File "/usr/lib/python3/dist-packages/colcon_core/location.py", line 94, in get_log_path
    return Path(str(path)) / _log_subdirectory
TypeError: unsupported operand type(s) for /: 'PosixPath' and 'NoneType'

[14.267s] ERROR:colcon.colcon_core.event_reactor:Exception in event handler extension 'log': unsupported operand type(s) for /: 'PosixPath' and 'NoneType'
Traceback (most recent call last):
  File "/usr/lib/python3/dist-packages/colcon_core/event_reactor.py", line 78, in _notify_observers
    retval = observer(event)
  File "/usr/lib/python3/dist-packages/colcon_output/event_handler/log.py", line 121, in __call__
    base_path = get_log_directory(job)
  File "/usr/lib/python3/dist-packages/colcon_output/event_handler/log.py", line 178, in get_log_directory
    log_path = get_log_path()
  File "/usr/lib/python3/dist-packages/colcon_core/location.py", line 94, in get_log_path
    return Path(str(path)) / _log_subdirectory
TypeError: unsupported operand type(s) for /: 'PosixPath' and 'NoneType'

[14.268s] ERROR:colcon.colcon_core.event_reactor:Exception in event handler extension 'log': unsupported operand type(s) for /: 'PosixPath' and 'NoneType'
Traceback (most recent call last):
  File "/usr/lib/python3/dist-packages/colcon_core/event_reactor.py", line 78, in _notify_observers
    retval = observer(event)
  File "/usr/lib/python3/dist-packages/colcon_output/event_handler/log.py", line 121, in __call__
    base_path = get_log_directory(job)
  File "/usr/lib/python3/dist-packages/colcon_output/event_handler/log.py", line 178, in get_log_directory
    log_path = get_log_path()
  File "/usr/lib/python3/dist-packages/colcon_core/location.py", line 94, in get_log_path
    return Path(str(path)) / _log_subdirectory
TypeError: unsupported operand type(s) for /: 'PosixPath' and 'NoneType'

[14.268s] ERROR:colcon.colcon_core.event_reactor:Exception in event handler extension 'log': unsupported operand type(s) for /: 'PosixPath' and 'NoneType'
Traceback (most recent call last):
  File "/usr/lib/python3/dist-packages/colcon_core/event_reactor.py", line 78, in _notify_observers
    retval = observer(event)
  File "/usr/lib/python3/dist-packages/colcon_output/event_handler/log.py", line 121, in __call__
    base_path = get_log_directory(job)
  File "/usr/lib/python3/dist-packages/colcon_output/event_handler/log.py", line 178, in get_log_directory
    log_path = get_log_path()
  File "/usr/lib/python3/dist-packages/colcon_core/location.py", line 94, in get_log_path
    return Path(str(path)) / _log_subdirectory
TypeError: unsupported operand type(s) for /: 'PosixPath' and 'NoneType'

[14.268s] ERROR:colcon.colcon_core.event_reactor:Exception in event handler extension 'log': unsupported operand type(s) for /: 'PosixPath' and 'NoneType'
Traceback (most recent call last):
  File "/usr/lib/python3/dist-packages/colcon_core/event_reactor.py", line 78, in _notify_observers
    retval = observer(event)
  File "/usr/lib/python3/dist-packages/colcon_output/event_handler/log.py", line 121, in __call__
    base_path = get_log_directory(job)
  File "/usr/lib/python3/dist-packages/colcon_output/event_handler/log.py", line 178, in get_log_directory
    log_path = get_log_path()
  File "/usr/lib/python3/dist-packages/colcon_core/location.py", line 94, in get_log_path
    return Path(str(path)) / _log_subdirectory
TypeError: unsupported operand type(s) for /: 'PosixPath' and 'NoneType'

[14.268s] ERROR:colcon.colcon_core.event_reactor:Exception in event handler extension 'log': unsupported operand type(s) for /: 'PosixPath' and 'NoneType'
Traceback (most recent call last):
  File "/usr/lib/python3/dist-packages/colcon_core/event_reactor.py", line 78, in _notify_observers
    retval = observer(event)
  File "/usr/lib/python3/dist-packages/colcon_output/event_handler/log.py", line 121, in __call__
    base_path = get_log_directory(job)
  File "/usr/lib/python3/dist-packages/colcon_output/event_handler/log.py", line 178, in get_log_directory
    log_path = get_log_path()
  File "/usr/lib/python3/dist-packages/colcon_core/location.py", line 94, in get_log_path
    return Path(str(path)) / _log_subdirectory
TypeError: unsupported operand type(s) for /: 'PosixPath' and 'NoneType'

[14.268s] ERROR:colcon.colcon_core.event_reactor:Exception in event handler extension 'log': unsupported operand type(s) for /: 'PosixPath' and 'NoneType'
Traceback (most recent call last):
  File "/usr/lib/python3/dist-packages/colcon_core/event_reactor.py", line 78, in _notify_observers
    retval = observer(event)
  File "/usr/lib/python3/dist-packages/colcon_output/event_handler/log.py", line 121, in __call__
    base_path = get_log_directory(job)
  File "/usr/lib/python3/dist-packages/colcon_output/event_handler/log.py", line 178, in get_log_directory
    log_path = get_log_path()
  File "/usr/lib/python3/dist-packages/colcon_core/location.py", line 94, in get_log_path
    return Path(str(path)) / _log_subdirectory
TypeError: unsupported operand type(s) for /: 'PosixPath' and 'NoneType'

[14.268s] ERROR:colcon.colcon_core.event_reactor:Exception in event handler extension 'log': unsupported operand type(s) for /: 'PosixPath' and 'NoneType'
Traceback (most recent call last):
  File "/usr/lib/python3/dist-packages/colcon_core/event_reactor.py", line 78, in _notify_observers
    retval = observer(event)
  File "/usr/lib/python3/dist-packages/colcon_output/event_handler/log.py", line 121, in __call__
    base_path = get_log_directory(job)
  File "/usr/lib/python3/dist-packages/colcon_output/event_handler/log.py", line 178, in get_log_directory
    log_path = get_log_path()
  File "/usr/lib/python3/dist-packages/colcon_core/location.py", line 94, in get_log_path
    return Path(str(path)) / _log_subdirectory
TypeError: unsupported operand type(s) for /: 'PosixPath' and 'NoneType'

[14.268s] ERROR:colcon.colcon_core.event_reactor:Exception in event handler extension 'log': unsupported operand type(s) for /: 'PosixPath' and 'NoneType'
Traceback (most recent call last):
  File "/usr/lib/python3/dist-packages/colcon_core/event_reactor.py", line 78, in _notify_observers
    retval = observer(event)
  File "/usr/lib/python3/dist-packages/colcon_output/event_handler/log.py", line 121, in __call__
    base_path = get_log_directory(job)
  File "/usr/lib/python3/dist-packages/colcon_output/event_handler/log.py", line 178, in get_log_directory
    log_path = get_log_path()
  File "/usr/lib/python3/dist-packages/colcon_core/location.py", line 94, in get_log_path
    return Path(str(path)) / _log_subdirectory
TypeError: unsupported operand type(s) for /: 'PosixPath' and 'NoneType'

[14.268s] ERROR:colcon.colcon_core.event_reactor:Exception in event handler extension 'log': unsupported operand type(s) for /: 'PosixPath' and 'NoneType'
Traceback (most recent call last):
  File "/usr/lib/python3/dist-packages/colcon_core/event_reactor.py", line 78, in _notify_observers
    retval = observer(event)
  File "/usr/lib/python3/dist-packages/colcon_output/event_handler/log.py", line 121, in __call__
    base_path = get_log_directory(job)
  File "/usr/lib/python3/dist-packages/colcon_output/event_handler/log.py", line 178, in get_log_directory
    log_path = get_log_path()
  File "/usr/lib/python3/dist-packages/colcon_core/location.py", line 94, in get_log_path
    return Path(str(path)) / _log_subdirectory
TypeError: unsupported operand type(s) for /: 'PosixPath' and 'NoneType'

[14.268s] ERROR:colcon.colcon_core.event_reactor:Exception in event handler extension 'log': unsupported operand type(s) for /: 'PosixPath' and 'NoneType'
Traceback (most recent call last):
  File "/usr/lib/python3/dist-packages/colcon_core/event_reactor.py", line 78, in _notify_observers
    retval = observer(event)
  File "/usr/lib/python3/dist-packages/colcon_output/event_handler/log.py", line 121, in __call__
    base_path = get_log_directory(job)
  File "/usr/lib/python3/dist-packages/colcon_output/event_handler/log.py", line 178, in get_log_directory
    log_path = get_log_path()
  File "/usr/lib/python3/dist-packages/colcon_core/location.py", line 94, in get_log_path
    return Path(str(path)) / _log_subdirectory
TypeError: unsupported operand type(s) for /: 'PosixPath' and 'NoneType'

[14.268s] ERROR:colcon.colcon_core.event_reactor:Exception in event handler extension 'log': unsupported operand type(s) for /: 'PosixPath' and 'NoneType'
Traceback (most recent call last):
  File "/usr/lib/python3/dist-packages/colcon_core/event_reactor.py", line 78, in _notify_observers
    retval = observer(event)
  File "/usr/lib/python3/dist-packages/colcon_output/event_handler/log.py", line 121, in __call__
    base_path = get_log_directory(job)
  File "/usr/lib/python3/dist-packages/colcon_output/event_handler/log.py", line 178, in get_log_directory
    log_path = get_log_path()
  File "/usr/lib/python3/dist-packages/colcon_core/location.py", line 94, in get_log_path
    return Path(str(path)) / _log_subdirectory
TypeError: unsupported operand type(s) for /: 'PosixPath' and 'NoneType'

[14.269s] ERROR:colcon.colcon_core.event_reactor:Exception in event handler extension 'log': unsupported operand type(s) for /: 'PosixPath' and 'NoneType'
Traceback (most recent call last):
  File "/usr/lib/python3/dist-packages/colcon_core/event_reactor.py", line 78, in _notify_observers
    retval = observer(event)
  File "/usr/lib/python3/dist-packages/colcon_output/event_handler/log.py", line 121, in __call__
    base_path = get_log_directory(job)
  File "/usr/lib/python3/dist-packages/colcon_output/event_handler/log.py", line 178, in get_log_directory
    log_path = get_log_path()
  File "/usr/lib/python3/dist-packages/colcon_core/location.py", line 94, in get_log_path
    return Path(str(path)) / _log_subdirectory
TypeError: unsupported operand type(s) for /: 'PosixPath' and 'NoneType'

[14.269s] ERROR:colcon.colcon_core.event_reactor:Exception in event handler extension 'log': unsupported operand type(s) for /: 'PosixPath' and 'NoneType'
Traceback (most recent call last):
  File "/usr/lib/python3/dist-packages/colcon_core/event_reactor.py", line 78, in _notify_observers
    retval = observer(event)
  File "/usr/lib/python3/dist-packages/colcon_output/event_handler/log.py", line 121, in __call__
    base_path = get_log_directory(job)
  File "/usr/lib/python3/dist-packages/colcon_output/event_handler/log.py", line 178, in get_log_directory
    log_path = get_log_path()
  File "/usr/lib/python3/dist-packages/colcon_core/location.py", line 94, in get_log_path
    return Path(str(path)) / _log_subdirectory
TypeError: unsupported operand type(s) for /: 'PosixPath' and 'NoneType'

[14.269s] ERROR:colcon.colcon_core.event_reactor:Exception in event handler extension 'log': unsupported operand type(s) for /: 'PosixPath' and 'NoneType'
Traceback (most recent call last):
  File "/usr/lib/python3/dist-packages/colcon_core/event_reactor.py", line 78, in _notify_observers
    retval = observer(event)
  File "/usr/lib/python3/dist-packages/colcon_output/event_handler/log.py", line 121, in __call__
    base_path = get_log_directory(job)
  File "/usr/lib/python3/dist-packages/colcon_output/event_handler/log.py", line 178, in get_log_directory
    log_path = get_log_path()
  File "/usr/lib/python3/dist-packages/colcon_core/location.py", line 94, in get_log_path
    return Path(str(path)) / _log_subdirectory
TypeError: unsupported operand type(s) for /: 'PosixPath' and 'NoneType'

[14.269s] ERROR:colcon.colcon_core.event_reactor:Exception in event handler extension 'log': unsupported operand type(s) for /: 'PosixPath' and 'NoneType'
Traceback (most recent call last):
  File "/usr/lib/python3/dist-packages/colcon_core/event_reactor.py", line 78, in _notify_observers
    retval = observer(event)
  File "/usr/lib/python3/dist-packages/colcon_output/event_handler/log.py", line 121, in __call__
    base_path = get_log_directory(job)
  File "/usr/lib/python3/dist-packages/colcon_output/event_handler/log.py", line 178, in get_log_directory
    log_path = get_log_path()
  File "/usr/lib/python3/dist-packages/colcon_core/location.py", line 94, in get_log_path
    return Path(str(path)) / _log_subdirectory
TypeError: unsupported operand type(s) for /: 'PosixPath' and 'NoneType'

[14.269s] ERROR:colcon.colcon_core.event_reactor:Exception in event handler extension 'log': unsupported operand type(s) for /: 'PosixPath' and 'NoneType'
Traceback (most recent call last):
  File "/usr/lib/python3/dist-packages/colcon_core/event_reactor.py", line 78, in _notify_observers
    retval = observer(event)
  File "/usr/lib/python3/dist-packages/colcon_output/event_handler/log.py", line 121, in __call__
    base_path = get_log_directory(job)
  File "/usr/lib/python3/dist-packages/colcon_output/event_handler/log.py", line 178, in get_log_directory
    log_path = get_log_path()
  File "/usr/lib/python3/dist-packages/colcon_core/location.py", line 94, in get_log_path
    return Path(str(path)) / _log_subdirectory
TypeError: unsupported operand type(s) for /: 'PosixPath' and 'NoneType'

[14.269s] ERROR:colcon.colcon_core.event_reactor:Exception in event handler extension 'log': unsupported operand type(s) for /: 'PosixPath' and 'NoneType'
Traceback (most recent call last):
  File "/usr/lib/python3/dist-packages/colcon_core/event_reactor.py", line 78, in _notify_observers
    retval = observer(event)
  File "/usr/lib/python3/dist-packages/colcon_output/event_handler/log.py", line 121, in __call__
    base_path = get_log_directory(job)
  File "/usr/lib/python3/dist-packages/colcon_output/event_handler/log.py", line 178, in get_log_directory
    log_path = get_log_path()
  File "/usr/lib/python3/dist-packages/colcon_core/location.py", line 94, in get_log_path
    return Path(str(path)) / _log_subdirectory
TypeError: unsupported operand type(s) for /: 'PosixPath' and 'NoneType'

[14.269s] ERROR:colcon.colcon_core.event_reactor:Exception in event handler extension 'log': unsupported operand type(s) for /: 'PosixPath' and 'NoneType'
Traceback (most recent call last):
  File "/usr/lib/python3/dist-packages/colcon_core/event_reactor.py", line 78, in _notify_observers
    retval = observer(event)
  File "/usr/lib/python3/dist-packages/colcon_output/event_handler/log.py", line 121, in __call__
    base_path = get_log_directory(job)
  File "/usr/lib/python3/dist-packages/colcon_output/event_handler/log.py", line 178, in get_log_directory
    log_path = get_log_path()
  File "/usr/lib/python3/dist-packages/colcon_core/location.py", line 94, in get_log_path
    return Path(str(path)) / _log_subdirectory
TypeError: unsupported operand type(s) for /: 'PosixPath' and 'NoneType'

[14.270s] ERROR:colcon.colcon_core.event_reactor:Exception in event handler extension 'log': unsupported operand type(s) for /: 'PosixPath' and 'NoneType'
Traceback (most recent call last):
  File "/usr/lib/python3/dist-packages/colcon_core/event_reactor.py", line 78, in _notify_observers
    retval = observer(event)
  File "/usr/lib/python3/dist-packages/colcon_output/event_handler/log.py", line 121, in __call__
    base_path = get_log_directory(job)
  File "/usr/lib/python3/dist-packages/colcon_output/event_handler/log.py", line 178, in get_log_directory
    log_path = get_log_path()
  File "/usr/lib/python3/dist-packages/colcon_core/location.py", line 94, in get_log_path
    return Path(str(path)) / _log_subdirectory
TypeError: unsupported operand type(s) for /: 'PosixPath' and 'NoneType'

[14.270s] ERROR:colcon.colcon_core.event_reactor:Exception in event handler extension 'log': unsupported operand type(s) for /: 'PosixPath' and 'NoneType'
Traceback (most recent call last):
  File "/usr/lib/python3/dist-packages/colcon_core/event_reactor.py", line 78, in _notify_observers
    retval = observer(event)
  File "/usr/lib/python3/dist-packages/colcon_output/event_handler/log.py", line 121, in __call__
    base_path = get_log_directory(job)
  File "/usr/lib/python3/dist-packages/colcon_output/event_handler/log.py", line 178, in get_log_directory
    log_path = get_log_path()
  File "/usr/lib/python3/dist-packages/colcon_core/location.py", line 94, in get_log_path
    return Path(str(path)) / _log_subdirectory
TypeError: unsupported operand type(s) for /: 'PosixPath' and 'NoneType'

[14.270s] ERROR:colcon.colcon_core.event_reactor:Exception in event handler extension 'log': unsupported operand type(s) for /: 'PosixPath' and 'NoneType'
Traceback (most recent call last):
  File "/usr/lib/python3/dist-packages/colcon_core/event_reactor.py", line 78, in _notify_observers
    retval = observer(event)
  File "/usr/lib/python3/dist-packages/colcon_output/event_handler/log.py", line 121, in __call__
    base_path = get_log_directory(job)
  File "/usr/lib/python3/dist-packages/colcon_output/event_handler/log.py", line 178, in get_log_directory
    log_path = get_log_path()
  File "/usr/lib/python3/dist-packages/colcon_core/location.py", line 94, in get_log_path
    return Path(str(path)) / _log_subdirectory
TypeError: unsupported operand type(s) for /: 'PosixPath' and 'NoneType'

[14.270s] ERROR:colcon.colcon_core.event_reactor:Exception in event handler extension 'log': unsupported operand type(s) for /: 'PosixPath' and 'NoneType'
Traceback (most recent call last):
  File "/usr/lib/python3/dist-packages/colcon_core/event_reactor.py", line 78, in _notify_observers
    retval = observer(event)
  File "/usr/lib/python3/dist-packages/colcon_output/event_handler/log.py", line 121, in __call__
    base_path = get_log_directory(job)
  File "/usr/lib/python3/dist-packages/colcon_output/event_handler/log.py", line 178, in get_log_directory
    log_path = get_log_path()
  File "/usr/lib/python3/dist-packages/colcon_core/location.py", line 94, in get_log_path
    return Path(str(path)) / _log_subdirectory
TypeError: unsupported operand type(s) for /: 'PosixPath' and 'NoneType'

[14.271s] ERROR:colcon.colcon_core.event_reactor:Exception in event handler extension 'log': unsupported operand type(s) for /: 'PosixPath' and 'NoneType'
Traceback (most recent call last):
  File "/usr/lib/python3/dist-packages/colcon_core/event_reactor.py", line 78, in _notify_observers
    retval = observer(event)
  File "/usr/lib/python3/dist-packages/colcon_output/event_handler/log.py", line 121, in __call__
    base_path = get_log_directory(job)
  File "/usr/lib/python3/dist-packages/colcon_output/event_handler/log.py", line 178, in get_log_directory
    log_path = get_log_path()
  File "/usr/lib/python3/dist-packages/colcon_core/location.py", line 94, in get_log_path
    return Path(str(path)) / _log_subdirectory
TypeError: unsupported operand type(s) for /: 'PosixPath' and 'NoneType'

[14.271s] ERROR:colcon.colcon_core.event_reactor:Exception in event handler extension 'log': unsupported operand type(s) for /: 'PosixPath' and 'NoneType'
Traceback (most recent call last):
  File "/usr/lib/python3/dist-packages/colcon_core/event_reactor.py", line 78, in _notify_observers
    retval = observer(event)
  File "/usr/lib/python3/dist-packages/colcon_output/event_handler/log.py", line 121, in __call__
    base_path = get_log_directory(job)
  File "/usr/lib/python3/dist-packages/colcon_output/event_handler/log.py", line 178, in get_log_directory
    log_path = get_log_path()
  File "/usr/lib/python3/dist-packages/colcon_core/location.py", line 94, in get_log_path
    return Path(str(path)) / _log_subdirectory
TypeError: unsupported operand type(s) for /: 'PosixPath' and 'NoneType'

[14.271s] ERROR:colcon.colcon_core.event_reactor:Exception in event handler extension 'log': unsupported operand type(s) for /: 'PosixPath' and 'NoneType'
Traceback (most recent call last):
  File "/usr/lib/python3/dist-packages/colcon_core/event_reactor.py", line 78, in _notify_observers
    retval = observer(event)
  File "/usr/lib/python3/dist-packages/colcon_output/event_handler/log.py", line 121, in __call__
    base_path = get_log_directory(job)
  File "/usr/lib/python3/dist-packages/colcon_output/event_handler/log.py", line 178, in get_log_directory
    log_path = get_log_path()
  File "/usr/lib/python3/dist-packages/colcon_core/location.py", line 94, in get_log_path
    return Path(str(path)) / _log_subdirectory
TypeError: unsupported operand type(s) for /: 'PosixPath' and 'NoneType'

[14.271s] ERROR:colcon.colcon_core.event_reactor:Exception in event handler extension 'log': unsupported operand type(s) for /: 'PosixPath' and 'NoneType'
Traceback (most recent call last):
  File "/usr/lib/python3/dist-packages/colcon_core/event_reactor.py", line 78, in _notify_observers
    retval = observer(event)
  File "/usr/lib/python3/dist-packages/colcon_output/event_handler/log.py", line 121, in __call__
    base_path = get_log_directory(job)
  File "/usr/lib/python3/dist-packages/colcon_output/event_handler/log.py", line 178, in get_log_directory
    log_path = get_log_path()
  File "/usr/lib/python3/dist-packages/colcon_core/location.py", line 94, in get_log_path
    return Path(str(path)) / _log_subdirectory
TypeError: unsupported operand type(s) for /: 'PosixPath' and 'NoneType'

[14.272s] ERROR:colcon.colcon_core.event_reactor:Exception in event handler extension 'log': unsupported operand type(s) for /: 'PosixPath' and 'NoneType'
Traceback (most recent call last):
  File "/usr/lib/python3/dist-packages/colcon_core/event_reactor.py", line 78, in _notify_observers
    retval = observer(event)
  File "/usr/lib/python3/dist-packages/colcon_output/event_handler/log.py", line 121, in __call__
    base_path = get_log_directory(job)
  File "/usr/lib/python3/dist-packages/colcon_output/event_handler/log.py", line 178, in get_log_directory
    log_path = get_log_path()
  File "/usr/lib/python3/dist-packages/colcon_core/location.py", line 94, in get_log_path
    return Path(str(path)) / _log_subdirectory
TypeError: unsupported operand type(s) for /: 'PosixPath' and 'NoneType'

[14.272s] ERROR:colcon.colcon_core.event_reactor:Exception in event handler extension 'log': unsupported operand type(s) for /: 'PosixPath' and 'NoneType'
Traceback (most recent call last):
  File "/usr/lib/python3/dist-packages/colcon_core/event_reactor.py", line 78, in _notify_observers
    retval = observer(event)
  File "/usr/lib/python3/dist-packages/colcon_output/event_handler/log.py", line 121, in __call__
    base_path = get_log_directory(job)
  File "/usr/lib/python3/dist-packages/colcon_output/event_handler/log.py", line 178, in get_log_directory
    log_path = get_log_path()
  File "/usr/lib/python3/dist-packages/colcon_core/location.py", line 94, in get_log_path
    return Path(str(path)) / _log_subdirectory
TypeError: unsupported operand type(s) for /: 'PosixPath' and 'NoneType'

[14.272s] ERROR:colcon.colcon_core.event_reactor:Exception in event handler extension 'log': unsupported operand type(s) for /: 'PosixPath' and 'NoneType'
Traceback (most recent call last):
  File "/usr/lib/python3/dist-packages/colcon_core/event_reactor.py", line 78, in _notify_observers
    retval = observer(event)
  File "/usr/lib/python3/dist-packages/colcon_output/event_handler/log.py", line 121, in __call__
    base_path = get_log_directory(job)
  File "/usr/lib/python3/dist-packages/colcon_output/event_handler/log.py", line 178, in get_log_directory
    log_path = get_log_path()
  File "/usr/lib/python3/dist-packages/colcon_core/location.py", line 94, in get_log_path
    return Path(str(path)) / _log_subdirectory
TypeError: unsupported operand type(s) for /: 'PosixPath' and 'NoneType'

[14.272s] ERROR:colcon.colcon_core.event_reactor:Exception in event handler extension 'log': unsupported operand type(s) for /: 'PosixPath' and 'NoneType'
Traceback (most recent call last):
  File "/usr/lib/python3/dist-packages/colcon_core/event_reactor.py", line 78, in _notify_observers
    retval = observer(event)
  File "/usr/lib/python3/dist-packages/colcon_output/event_handler/log.py", line 121, in __call__
    base_path = get_log_directory(job)
  File "/usr/lib/python3/dist-packages/colcon_output/event_handler/log.py", line 178, in get_log_directory
    log_path = get_log_path()
  File "/usr/lib/python3/dist-packages/colcon_core/location.py", line 94, in get_log_path
    return Path(str(path)) / _log_subdirectory
TypeError: unsupported operand type(s) for /: 'PosixPath' and 'NoneType'

[14.272s] ERROR:colcon.colcon_core.event_reactor:Exception in event handler extension 'log': unsupported operand type(s) for /: 'PosixPath' and 'NoneType'
Traceback (most recent call last):
  File "/usr/lib/python3/dist-packages/colcon_core/event_reactor.py", line 78, in _notify_observers
    retval = observer(event)
  File "/usr/lib/python3/dist-packages/colcon_output/event_handler/log.py", line 121, in __call__
    base_path = get_log_directory(job)
  File "/usr/lib/python3/dist-packages/colcon_output/event_handler/log.py", line 178, in get_log_directory
    log_path = get_log_path()
  File "/usr/lib/python3/dist-packages/colcon_core/location.py", line 94, in get_log_path
    return Path(str(path)) / _log_subdirectory
TypeError: unsupported operand type(s) for /: 'PosixPath' and 'NoneType'

[14.273s] ERROR:colcon.colcon_core.event_reactor:Exception in event handler extension 'log': unsupported operand type(s) for /: 'PosixPath' and 'NoneType'
Traceback (most recent call last):
  File "/usr/lib/python3/dist-packages/colcon_core/event_reactor.py", line 78, in _notify_observers
    retval = observer(event)
  File "/usr/lib/python3/dist-packages/colcon_output/event_handler/log.py", line 121, in __call__
    base_path = get_log_directory(job)
  File "/usr/lib/python3/dist-packages/colcon_output/event_handler/log.py", line 178, in get_log_directory
    log_path = get_log_path()
  File "/usr/lib/python3/dist-packages/colcon_core/location.py", line 94, in get_log_path
    return Path(str(path)) / _log_subdirectory
TypeError: unsupported operand type(s) for /: 'PosixPath' and 'NoneType'

[14.273s] ERROR:colcon.colcon_core.event_reactor:Exception in event handler extension 'log': unsupported operand type(s) for /: 'PosixPath' and 'NoneType'
Traceback (most recent call last):
  File "/usr/lib/python3/dist-packages/colcon_core/event_reactor.py", line 78, in _notify_observers
    retval = observer(event)
  File "/usr/lib/python3/dist-packages/colcon_output/event_handler/log.py", line 121, in __call__
    base_path = get_log_directory(job)
  File "/usr/lib/python3/dist-packages/colcon_output/event_handler/log.py", line 178, in get_log_directory
    log_path = get_log_path()
  File "/usr/lib/python3/dist-packages/colcon_core/location.py", line 94, in get_log_path
    return Path(str(path)) / _log_subdirectory
TypeError: unsupported operand type(s) for /: 'PosixPath' and 'NoneType'

[14.273s] ERROR:colcon.colcon_core.event_reactor:Exception in event handler extension 'log': unsupported operand type(s) for /: 'PosixPath' and 'NoneType'
Traceback (most recent call last):
  File "/usr/lib/python3/dist-packages/colcon_core/event_reactor.py", line 78, in _notify_observers
    retval = observer(event)
  File "/usr/lib/python3/dist-packages/colcon_output/event_handler/log.py", line 121, in __call__
    base_path = get_log_directory(job)
  File "/usr/lib/python3/dist-packages/colcon_output/event_handler/log.py", line 178, in get_log_directory
    log_path = get_log_path()
  File "/usr/lib/python3/dist-packages/colcon_core/location.py", line 94, in get_log_path
    return Path(str(path)) / _log_subdirectory
TypeError: unsupported operand type(s) for /: 'PosixPath' and 'NoneType'

[14.273s] ERROR:colcon.colcon_core.event_reactor:Exception in event handler extension 'log': unsupported operand type(s) for /: 'PosixPath' and 'NoneType'
Traceback (most recent call last):
  File "/usr/lib/python3/dist-packages/colcon_core/event_reactor.py", line 78, in _notify_observers
    retval = observer(event)
  File "/usr/lib/python3/dist-packages/colcon_output/event_handler/log.py", line 121, in __call__
    base_path = get_log_directory(job)
  File "/usr/lib/python3/dist-packages/colcon_output/event_handler/log.py", line 178, in get_log_directory
    log_path = get_log_path()
  File "/usr/lib/python3/dist-packages/colcon_core/location.py", line 94, in get_log_path
    return Path(str(path)) / _log_subdirectory
TypeError: unsupported operand type(s) for /: 'PosixPath' and 'NoneType'

[14.273s] ERROR:colcon.colcon_core.event_reactor:Exception in event handler extension 'log': unsupported operand type(s) for /: 'PosixPath' and 'NoneType'
Traceback (most recent call last):
  File "/usr/lib/python3/dist-packages/colcon_core/event_reactor.py", line 78, in _notify_observers
    retval = observer(event)
  File "/usr/lib/python3/dist-packages/colcon_output/event_handler/log.py", line 121, in __call__
    base_path = get_log_directory(job)
  File "/usr/lib/python3/dist-packages/colcon_output/event_handler/log.py", line 178, in get_log_directory
    log_path = get_log_path()
  File "/usr/lib/python3/dist-packages/colcon_core/location.py", line 94, in get_log_path
    return Path(str(path)) / _log_subdirectory
TypeError: unsupported operand type(s) for /: 'PosixPath' and 'NoneType'

[14.273s] ERROR:colcon.colcon_core.event_reactor:Exception in event handler extension 'log': unsupported operand type(s) for /: 'PosixPath' and 'NoneType'
Traceback (most recent call last):
  File "/usr/lib/python3/dist-packages/colcon_core/event_reactor.py", line 78, in _notify_observers
    retval = observer(event)
  File "/usr/lib/python3/dist-packages/colcon_output/event_handler/log.py", line 121, in __call__
    base_path = get_log_directory(job)
  File "/usr/lib/python3/dist-packages/colcon_output/event_handler/log.py", line 178, in get_log_directory
    log_path = get_log_path()
  File "/usr/lib/python3/dist-packages/colcon_core/location.py", line 94, in get_log_path
    return Path(str(path)) / _log_subdirectory
TypeError: unsupported operand type(s) for /: 'PosixPath' and 'NoneType'

[14.273s] ERROR:colcon.colcon_core.event_reactor:Exception in event handler extension 'log': unsupported operand type(s) for /: 'PosixPath' and 'NoneType'
Traceback (most recent call last):
  File "/usr/lib/python3/dist-packages/colcon_core/event_reactor.py", line 78, in _notify_observers
    retval = observer(event)
  File "/usr/lib/python3/dist-packages/colcon_output/event_handler/log.py", line 121, in __call__
    base_path = get_log_directory(job)
  File "/usr/lib/python3/dist-packages/colcon_output/event_handler/log.py", line 178, in get_log_directory
    log_path = get_log_path()
  File "/usr/lib/python3/dist-packages/colcon_core/location.py", line 94, in get_log_path
    return Path(str(path)) / _log_subdirectory
TypeError: unsupported operand type(s) for /: 'PosixPath' and 'NoneType'

[14.273s] ERROR:colcon.colcon_core.event_reactor:Exception in event handler extension 'log': unsupported operand type(s) for /: 'PosixPath' and 'NoneType'
Traceback (most recent call last):
  File "/usr/lib/python3/dist-packages/colcon_core/event_reactor.py", line 78, in _notify_observers
    retval = observer(event)
  File "/usr/lib/python3/dist-packages/colcon_output/event_handler/log.py", line 121, in __call__
    base_path = get_log_directory(job)
  File "/usr/lib/python3/dist-packages/colcon_output/event_handler/log.py", line 178, in get_log_directory
    log_path = get_log_path()
  File "/usr/lib/python3/dist-packages/colcon_core/location.py", line 94, in get_log_path
    return Path(str(path)) / _log_subdirectory
TypeError: unsupported operand type(s) for /: 'PosixPath' and 'NoneType'

[14.273s] ERROR:colcon.colcon_core.event_reactor:Exception in event handler extension 'log': unsupported operand type(s) for /: 'PosixPath' and 'NoneType'
Traceback (most recent call last):
  File "/usr/lib/python3/dist-packages/colcon_core/event_reactor.py", line 78, in _notify_observers
    retval = observer(event)
  File "/usr/lib/python3/dist-packages/colcon_output/event_handler/log.py", line 121, in __call__
    base_path = get_log_directory(job)
  File "/usr/lib/python3/dist-packages/colcon_output/event_handler/log.py", line 178, in get_log_directory
    log_path = get_log_path()
  File "/usr/lib/python3/dist-packages/colcon_core/location.py", line 94, in get_log_path
    return Path(str(path)) / _log_subdirectory
TypeError: unsupported operand type(s) for /: 'PosixPath' and 'NoneType'

[14.274s] ERROR:colcon.colcon_core.event_reactor:Exception in event handler extension 'log': unsupported operand type(s) for /: 'PosixPath' and 'NoneType'
Traceback (most recent call last):
  File "/usr/lib/python3/dist-packages/colcon_core/event_reactor.py", line 78, in _notify_observers
    retval = observer(event)
  File "/usr/lib/python3/dist-packages/colcon_output/event_handler/log.py", line 121, in __call__
    base_path = get_log_directory(job)
  File "/usr/lib/python3/dist-packages/colcon_output/event_handler/log.py", line 178, in get_log_directory
    log_path = get_log_path()
  File "/usr/lib/python3/dist-packages/colcon_core/location.py", line 94, in get_log_path
    return Path(str(path)) / _log_subdirectory
TypeError: unsupported operand type(s) for /: 'PosixPath' and 'NoneType'

[14.274s] ERROR:colcon.colcon_core.event_reactor:Exception in event handler extension 'log': unsupported operand type(s) for /: 'PosixPath' and 'NoneType'
Traceback (most recent call last):
  File "/usr/lib/python3/dist-packages/colcon_core/event_reactor.py", line 78, in _notify_observers
    retval = observer(event)
  File "/usr/lib/python3/dist-packages/colcon_output/event_handler/log.py", line 121, in __call__
    base_path = get_log_directory(job)
  File "/usr/lib/python3/dist-packages/colcon_output/event_handler/log.py", line 178, in get_log_directory
    log_path = get_log_path()
  File "/usr/lib/python3/dist-packages/colcon_core/location.py", line 94, in get_log_path
    return Path(str(path)) / _log_subdirectory
TypeError: unsupported operand type(s) for /: 'PosixPath' and 'NoneType'

[14.274s] ERROR:colcon.colcon_core.event_reactor:Exception in event handler extension 'log': unsupported operand type(s) for /: 'PosixPath' and 'NoneType'
Traceback (most recent call last):
  File "/usr/lib/python3/dist-packages/colcon_core/event_reactor.py", line 78, in _notify_observers
    retval = observer(event)
  File "/usr/lib/python3/dist-packages/colcon_output/event_handler/log.py", line 121, in __call__
    base_path = get_log_directory(job)
  File "/usr/lib/python3/dist-packages/colcon_output/event_handler/log.py", line 178, in get_log_directory
    log_path = get_log_path()
  File "/usr/lib/python3/dist-packages/colcon_core/location.py", line 94, in get_log_path
    return Path(str(path)) / _log_subdirectory
TypeError: unsupported operand type(s) for /: 'PosixPath' and 'NoneType'

[14.274s] ERROR:colcon.colcon_core.event_reactor:Exception in event handler extension 'log': unsupported operand type(s) for /: 'PosixPath' and 'NoneType'
Traceback (most recent call last):
  File "/usr/lib/python3/dist-packages/colcon_core/event_reactor.py", line 78, in _notify_observers
    retval = observer(event)
  File "/usr/lib/python3/dist-packages/colcon_output/event_handler/log.py", line 121, in __call__
    base_path = get_log_directory(job)
  File "/usr/lib/python3/dist-packages/colcon_output/event_handler/log.py", line 178, in get_log_directory
    log_path = get_log_path()
  File "/usr/lib/python3/dist-packages/colcon_core/location.py", line 94, in get_log_path
    return Path(str(path)) / _log_subdirectory
TypeError: unsupported operand type(s) for /: 'PosixPath' and 'NoneType'

[14.274s] ERROR:colcon.colcon_core.event_reactor:Exception in event handler extension 'log': unsupported operand type(s) for /: 'PosixPath' and 'NoneType'
Traceback (most recent call last):
  File "/usr/lib/python3/dist-packages/colcon_core/event_reactor.py", line 78, in _notify_observers
    retval = observer(event)
  File "/usr/lib/python3/dist-packages/colcon_output/event_handler/log.py", line 121, in __call__
    base_path = get_log_directory(job)
  File "/usr/lib/python3/dist-packages/colcon_output/event_handler/log.py", line 178, in get_log_directory
    log_path = get_log_path()
  File "/usr/lib/python3/dist-packages/colcon_core/location.py", line 94, in get_log_path
    return Path(str(path)) / _log_subdirectory
TypeError: unsupported operand type(s) for /: 'PosixPath' and 'NoneType'

[14.274s] ERROR:colcon.colcon_core.event_reactor:Exception in event handler extension 'log': unsupported operand type(s) for /: 'PosixPath' and 'NoneType'
Traceback (most recent call last):
  File "/usr/lib/python3/dist-packages/colcon_core/event_reactor.py", line 78, in _notify_observers
    retval = observer(event)
  File "/usr/lib/python3/dist-packages/colcon_output/event_handler/log.py", line 121, in __call__
    base_path = get_log_directory(job)
  File "/usr/lib/python3/dist-packages/colcon_output/event_handler/log.py", line 178, in get_log_directory
    log_path = get_log_path()
  File "/usr/lib/python3/dist-packages/colcon_core/location.py", line 94, in get_log_path
    return Path(str(path)) / _log_subdirectory
TypeError: unsupported operand type(s) for /: 'PosixPath' and 'NoneType'

[14.274s] ERROR:colcon.colcon_core.event_reactor:Exception in event handler extension 'log': unsupported operand type(s) for /: 'PosixPath' and 'NoneType'
Traceback (most recent call last):
  File "/usr/lib/python3/dist-packages/colcon_core/event_reactor.py", line 78, in _notify_observers
    retval = observer(event)
  File "/usr/lib/python3/dist-packages/colcon_output/event_handler/log.py", line 121, in __call__
    base_path = get_log_directory(job)
  File "/usr/lib/python3/dist-packages/colcon_output/event_handler/log.py", line 178, in get_log_directory
    log_path = get_log_path()
  File "/usr/lib/python3/dist-packages/colcon_core/location.py", line 94, in get_log_path
    return Path(str(path)) / _log_subdirectory
TypeError: unsupported operand type(s) for /: 'PosixPath' and 'NoneType'

[14.309s] ERROR:colcon.colcon_core.event_reactor:Exception in event handler extension 'log': unsupported operand type(s) for /: 'PosixPath' and 'NoneType'
Traceback (most recent call last):
  File "/usr/lib/python3/dist-packages/colcon_core/event_reactor.py", line 78, in _notify_observers
    retval = observer(event)
  File "/usr/lib/python3/dist-packages/colcon_output/event_handler/log.py", line 121, in __call__
    base_path = get_log_directory(job)
  File "/usr/lib/python3/dist-packages/colcon_output/event_handler/log.py", line 178, in get_log_directory
    log_path = get_log_path()
  File "/usr/lib/python3/dist-packages/colcon_core/location.py", line 94, in get_log_path
    return Path(str(path)) / _log_subdirectory
TypeError: unsupported operand type(s) for /: 'PosixPath' and 'NoneType'

[14.309s] ERROR:colcon.colcon_core.event_reactor:Exception in event handler extension 'log': unsupported operand type(s) for /: 'PosixPath' and 'NoneType'
Traceback (most recent call last):
  File "/usr/lib/python3/dist-packages/colcon_core/event_reactor.py", line 78, in _notify_observers
    retval = observer(event)
  File "/usr/lib/python3/dist-packages/colcon_output/event_handler/log.py", line 121, in __call__
    base_path = get_log_directory(job)
  File "/usr/lib/python3/dist-packages/colcon_output/event_handler/log.py", line 178, in get_log_directory
    log_path = get_log_path()
  File "/usr/lib/python3/dist-packages/colcon_core/location.py", line 94, in get_log_path
    return Path(str(path)) / _log_subdirectory
TypeError: unsupported operand type(s) for /: 'PosixPath' and 'NoneType'

[14.309s] ERROR:colcon.colcon_core.event_reactor:Exception in event handler extension 'log': unsupported operand type(s) for /: 'PosixPath' and 'NoneType'
Traceback (most recent call last):
  File "/usr/lib/python3/dist-packages/colcon_core/event_reactor.py", line 78, in _notify_observers
    retval = observer(event)
  File "/usr/lib/python3/dist-packages/colcon_output/event_handler/log.py", line 121, in __call__
    base_path = get_log_directory(job)
  File "/usr/lib/python3/dist-packages/colcon_output/event_handler/log.py", line 178, in get_log_directory
    log_path = get_log_path()
  File "/usr/lib/python3/dist-packages/colcon_core/location.py", line 94, in get_log_path
    return Path(str(path)) / _log_subdirectory
TypeError: unsupported operand type(s) for /: 'PosixPath' and 'NoneType'

[14.310s] ERROR:colcon.colcon_core.event_reactor:Exception in event handler extension 'log': unsupported operand type(s) for /: 'PosixPath' and 'NoneType'
Traceback (most recent call last):
  File "/usr/lib/python3/dist-packages/colcon_core/event_reactor.py", line 78, in _notify_observers
    retval = observer(event)
  File "/usr/lib/python3/dist-packages/colcon_output/event_handler/log.py", line 121, in __call__
    base_path = get_log_directory(job)
  File "/usr/lib/python3/dist-packages/colcon_output/event_handler/log.py", line 178, in get_log_directory
    log_path = get_log_path()
  File "/usr/lib/python3/dist-packages/colcon_core/location.py", line 94, in get_log_path
    return Path(str(path)) / _log_subdirectory
TypeError: unsupported operand type(s) for /: 'PosixPath' and 'NoneType'

[14.310s] ERROR:colcon.colcon_core.event_reactor:Exception in event handler extension 'log': unsupported operand type(s) for /: 'PosixPath' and 'NoneType'
Traceback (most recent call last):
  File "/usr/lib/python3/dist-packages/colcon_core/event_reactor.py", line 78, in _notify_observers
    retval = observer(event)
  File "/usr/lib/python3/dist-packages/colcon_output/event_handler/log.py", line 121, in __call__
    base_path = get_log_directory(job)
  File "/usr/lib/python3/dist-packages/colcon_output/event_handler/log.py", line 178, in get_log_directory
    log_path = get_log_path()
  File "/usr/lib/python3/dist-packages/colcon_core/location.py", line 94, in get_log_path
    return Path(str(path)) / _log_subdirectory
TypeError: unsupported operand type(s) for /: 'PosixPath' and 'NoneType'

[14.311s] ERROR:colcon.colcon_core.event_reactor:Exception in event handler extension 'log': unsupported operand type(s) for /: 'PosixPath' and 'NoneType'
Traceback (most recent call last):
  File "/usr/lib/python3/dist-packages/colcon_core/event_reactor.py", line 78, in _notify_observers
    retval = observer(event)
  File "/usr/lib/python3/dist-packages/colcon_output/event_handler/log.py", line 121, in __call__
    base_path = get_log_directory(job)
  File "/usr/lib/python3/dist-packages/colcon_output/event_handler/log.py", line 178, in get_log_directory
    log_path = get_log_path()
  File "/usr/lib/python3/dist-packages/colcon_core/location.py", line 94, in get_log_path
    return Path(str(path)) / _log_subdirectory
TypeError: unsupported operand type(s) for /: 'PosixPath' and 'NoneType'

[14.312s] ERROR:colcon.colcon_core.event_reactor:Exception in event handler extension 'log': unsupported operand type(s) for /: 'PosixPath' and 'NoneType'
Traceback (most recent call last):
  File "/usr/lib/python3/dist-packages/colcon_core/event_reactor.py", line 78, in _notify_observers
    retval = observer(event)
  File "/usr/lib/python3/dist-packages/colcon_output/event_handler/log.py", line 121, in __call__
    base_path = get_log_directory(job)
  File "/usr/lib/python3/dist-packages/colcon_output/event_handler/log.py", line 178, in get_log_directory
    log_path = get_log_path()
  File "/usr/lib/python3/dist-packages/colcon_core/location.py", line 94, in get_log_path
    return Path(str(path)) / _log_subdirectory
TypeError: unsupported operand type(s) for /: 'PosixPath' and 'NoneType'

[14.312s] ERROR:colcon.colcon_core.event_reactor:Exception in event handler extension 'log': unsupported operand type(s) for /: 'PosixPath' and 'NoneType'
Traceback (most recent call last):
  File "/usr/lib/python3/dist-packages/colcon_core/event_reactor.py", line 78, in _notify_observers
    retval = observer(event)
  File "/usr/lib/python3/dist-packages/colcon_output/event_handler/log.py", line 108, in __call__
    if not self._init_logs(job):
  File "/usr/lib/python3/dist-packages/colcon_output/event_handler/log.py", line 156, in _init_logs
    base_path = get_log_directory(job)
  File "/usr/lib/python3/dist-packages/colcon_output/event_handler/log.py", line 178, in get_log_directory
    log_path = get_log_path()
  File "/usr/lib/python3/dist-packages/colcon_core/location.py", line 94, in get_log_path
    return Path(str(path)) / _log_subdirectory
TypeError: unsupported operand type(s) for /: 'PosixPath' and 'NoneType'

[14.312s] ERROR:colcon.colcon_core.event_reactor:Exception in event handler extension 'log': unsupported operand type(s) for /: 'PosixPath' and 'NoneType'
Traceback (most recent call last):
  File "/usr/lib/python3/dist-packages/colcon_core/event_reactor.py", line 78, in _notify_observers
    retval = observer(event)
  File "/usr/lib/python3/dist-packages/colcon_output/event_handler/log.py", line 121, in __call__
    base_path = get_log_directory(job)
  File "/usr/lib/python3/dist-packages/colcon_output/event_handler/log.py", line 178, in get_log_directory
    log_path = get_log_path()
  File "/usr/lib/python3/dist-packages/colcon_core/location.py", line 94, in get_log_path
    return Path(str(path)) / _log_subdirectory
TypeError: unsupported operand type(s) for /: 'PosixPath' and 'NoneType'

[14.312s] ERROR:colcon.colcon_core.event_reactor:Exception in event handler extension 'log': unsupported operand type(s) for /: 'PosixPath' and 'NoneType'
Traceback (most recent call last):
  File "/usr/lib/python3/dist-packages/colcon_core/event_reactor.py", line 78, in _notify_observers
    retval = observer(event)
  File "/usr/lib/python3/dist-packages/colcon_output/event_handler/log.py", line 121, in __call__
    base_path = get_log_directory(job)
  File "/usr/lib/python3/dist-packages/colcon_output/event_handler/log.py", line 178, in get_log_directory
    log_path = get_log_path()
  File "/usr/lib/python3/dist-packages/colcon_core/location.py", line 94, in get_log_path
    return Path(str(path)) / _log_subdirectory
TypeError: unsupported operand type(s) for /: 'PosixPath' and 'NoneType'

[14.313s] ERROR:colcon.colcon_core.event_reactor:Exception in event handler extension 'log': unsupported operand type(s) for /: 'PosixPath' and 'NoneType'
Traceback (most recent call last):
  File "/usr/lib/python3/dist-packages/colcon_core/event_reactor.py", line 78, in _notify_observers
    retval = observer(event)
  File "/usr/lib/python3/dist-packages/colcon_output/event_handler/log.py", line 121, in __call__
    base_path = get_log_directory(job)
  File "/usr/lib/python3/dist-packages/colcon_output/event_handler/log.py", line 178, in get_log_directory
    log_path = get_log_path()
  File "/usr/lib/python3/dist-packages/colcon_core/location.py", line 94, in get_log_path
    return Path(str(path)) / _log_subdirectory
TypeError: unsupported operand type(s) for /: 'PosixPath' and 'NoneType'

[14.313s] ERROR:colcon.colcon_core.event_reactor:Exception in event handler extension 'log': unsupported operand type(s) for /: 'PosixPath' and 'NoneType'
Traceback (most recent call last):
  File "/usr/lib/python3/dist-packages/colcon_core/event_reactor.py", line 78, in _notify_observers
    retval = observer(event)
  File "/usr/lib/python3/dist-packages/colcon_output/event_handler/log.py", line 121, in __call__
    base_path = get_log_directory(job)
  File "/usr/lib/python3/dist-packages/colcon_output/event_handler/log.py", line 178, in get_log_directory
    log_path = get_log_path()
  File "/usr/lib/python3/dist-packages/colcon_core/location.py", line 94, in get_log_path
    return Path(str(path)) / _log_subdirectory
TypeError: unsupported operand type(s) for /: 'PosixPath' and 'NoneType'

[14.314s] ERROR:colcon.colcon_core.event_reactor:Exception in event handler extension 'log': unsupported operand type(s) for /: 'PosixPath' and 'NoneType'
Traceback (most recent call last):
  File "/usr/lib/python3/dist-packages/colcon_core/event_reactor.py", line 78, in _notify_observers
    retval = observer(event)
  File "/usr/lib/python3/dist-packages/colcon_output/event_handler/log.py", line 121, in __call__
    base_path = get_log_directory(job)
  File "/usr/lib/python3/dist-packages/colcon_output/event_handler/log.py", line 178, in get_log_directory
    log_path = get_log_path()
  File "/usr/lib/python3/dist-packages/colcon_core/location.py", line 94, in get_log_path
    return Path(str(path)) / _log_subdirectory
TypeError: unsupported operand type(s) for /: 'PosixPath' and 'NoneType'

[14.314s] ERROR:colcon.colcon_core.event_reactor:Exception in event handler extension 'log': unsupported operand type(s) for /: 'PosixPath' and 'NoneType'
Traceback (most recent call last):
  File "/usr/lib/python3/dist-packages/colcon_core/event_reactor.py", line 78, in _notify_observers
    retval = observer(event)
  File "/usr/lib/python3/dist-packages/colcon_output/event_handler/log.py", line 121, in __call__
    base_path = get_log_directory(job)
  File "/usr/lib/python3/dist-packages/colcon_output/event_handler/log.py", line 178, in get_log_directory
    log_path = get_log_path()
  File "/usr/lib/python3/dist-packages/colcon_core/location.py", line 94, in get_log_path
    return Path(str(path)) / _log_subdirectory
TypeError: unsupported operand type(s) for /: 'PosixPath' and 'NoneType'

[14.314s] ERROR:colcon.colcon_core.event_reactor:Exception in event handler extension 'log': unsupported operand type(s) for /: 'PosixPath' and 'NoneType'
Traceback (most recent call last):
  File "/usr/lib/python3/dist-packages/colcon_core/event_reactor.py", line 78, in _notify_observers
    retval = observer(event)
  File "/usr/lib/python3/dist-packages/colcon_output/event_handler/log.py", line 121, in __call__
    base_path = get_log_directory(job)
  File "/usr/lib/python3/dist-packages/colcon_output/event_handler/log.py", line 178, in get_log_directory
    log_path = get_log_path()
  File "/usr/lib/python3/dist-packages/colcon_core/location.py", line 94, in get_log_path
    return Path(str(path)) / _log_subdirectory
TypeError: unsupported operand type(s) for /: 'PosixPath' and 'NoneType'

[14.322s] ERROR:colcon.colcon_core.event_reactor:Exception in event handler extension 'log': unsupported operand type(s) for /: 'PosixPath' and 'NoneType'
Traceback (most recent call last):
  File "/usr/lib/python3/dist-packages/colcon_core/event_reactor.py", line 78, in _notify_observers
    retval = observer(event)
  File "/usr/lib/python3/dist-packages/colcon_output/event_handler/log.py", line 121, in __call__
    base_path = get_log_directory(job)
  File "/usr/lib/python3/dist-packages/colcon_output/event_handler/log.py", line 178, in get_log_directory
    log_path = get_log_path()
  File "/usr/lib/python3/dist-packages/colcon_core/location.py", line 94, in get_log_path
    return Path(str(path)) / _log_subdirectory
TypeError: unsupported operand type(s) for /: 'PosixPath' and 'NoneType'

[14.322s] ERROR:colcon.colcon_core.event_reactor:Exception in event handler extension 'log': unsupported operand type(s) for /: 'PosixPath' and 'NoneType'
Traceback (most recent call last):
  File "/usr/lib/python3/dist-packages/colcon_core/event_reactor.py", line 78, in _notify_observers
    retval = observer(event)
  File "/usr/lib/python3/dist-packages/colcon_output/event_handler/log.py", line 121, in __call__
    base_path = get_log_directory(job)
  File "/usr/lib/python3/dist-packages/colcon_output/event_handler/log.py", line 178, in get_log_directory
    log_path = get_log_path()
  File "/usr/lib/python3/dist-packages/colcon_core/location.py", line 94, in get_log_path
    return Path(str(path)) / _log_subdirectory
TypeError: unsupported operand type(s) for /: 'PosixPath' and 'NoneType'

[14.322s] ERROR:colcon.colcon_core.event_reactor:Exception in event handler extension 'log': unsupported operand type(s) for /: 'PosixPath' and 'NoneType'
Traceback (most recent call last):
  File "/usr/lib/python3/dist-packages/colcon_core/event_reactor.py", line 78, in _notify_observers
    retval = observer(event)
  File "/usr/lib/python3/dist-packages/colcon_output/event_handler/log.py", line 121, in __call__
    base_path = get_log_directory(job)
  File "/usr/lib/python3/dist-packages/colcon_output/event_handler/log.py", line 178, in get_log_directory
    log_path = get_log_path()
  File "/usr/lib/python3/dist-packages/colcon_core/location.py", line 94, in get_log_path
    return Path(str(path)) / _log_subdirectory
TypeError: unsupported operand type(s) for /: 'PosixPath' and 'NoneType'

[14.322s] ERROR:colcon.colcon_core.event_reactor:Exception in event handler extension 'log': unsupported operand type(s) for /: 'PosixPath' and 'NoneType'
Traceback (most recent call last):
  File "/usr/lib/python3/dist-packages/colcon_core/event_reactor.py", line 78, in _notify_observers
    retval = observer(event)
  File "/usr/lib/python3/dist-packages/colcon_output/event_handler/log.py", line 121, in __call__
    base_path = get_log_directory(job)
  File "/usr/lib/python3/dist-packages/colcon_output/event_handler/log.py", line 178, in get_log_directory
    log_path = get_log_path()
  File "/usr/lib/python3/dist-packages/colcon_core/location.py", line 94, in get_log_path
    return Path(str(path)) / _log_subdirectory
TypeError: unsupported operand type(s) for /: 'PosixPath' and 'NoneType'

[14.322s] ERROR:colcon.colcon_core.event_reactor:Exception in event handler extension 'log': unsupported operand type(s) for /: 'PosixPath' and 'NoneType'
Traceback (most recent call last):
  File "/usr/lib/python3/dist-packages/colcon_core/event_reactor.py", line 78, in _notify_observers
    retval = observer(event)
  File "/usr/lib/python3/dist-packages/colcon_output/event_handler/log.py", line 121, in __call__
    base_path = get_log_directory(job)
  File "/usr/lib/python3/dist-packages/colcon_output/event_handler/log.py", line 178, in get_log_directory
    log_path = get_log_path()
  File "/usr/lib/python3/dist-packages/colcon_core/location.py", line 94, in get_log_path
    return Path(str(path)) / _log_subdirectory
TypeError: unsupported operand type(s) for /: 'PosixPath' and 'NoneType'

[14.324s] ERROR:colcon.colcon_core.event_reactor:Exception in event handler extension 'log': unsupported operand type(s) for /: 'PosixPath' and 'NoneType'
Traceback (most recent call last):
  File "/usr/lib/python3/dist-packages/colcon_core/event_reactor.py", line 78, in _notify_observers
    retval = observer(event)
  File "/usr/lib/python3/dist-packages/colcon_output/event_handler/log.py", line 121, in __call__
    base_path = get_log_directory(job)
  File "/usr/lib/python3/dist-packages/colcon_output/event_handler/log.py", line 178, in get_log_directory
    log_path = get_log_path()
  File "/usr/lib/python3/dist-packages/colcon_core/location.py", line 94, in get_log_path
    return Path(str(path)) / _log_subdirectory
TypeError: unsupported operand type(s) for /: 'PosixPath' and 'NoneType'

[14.324s] ERROR:colcon.colcon_core.event_reactor:Exception in event handler extension 'log': unsupported operand type(s) for /: 'PosixPath' and 'NoneType'
Traceback (most recent call last):
  File "/usr/lib/python3/dist-packages/colcon_core/event_reactor.py", line 78, in _notify_observers
    retval = observer(event)
  File "/usr/lib/python3/dist-packages/colcon_output/event_handler/log.py", line 121, in __call__
    base_path = get_log_directory(job)
  File "/usr/lib/python3/dist-packages/colcon_output/event_handler/log.py", line 178, in get_log_directory
    log_path = get_log_path()
  File "/usr/lib/python3/dist-packages/colcon_core/location.py", line 94, in get_log_path
    return Path(str(path)) / _log_subdirectory
TypeError: unsupported operand type(s) for /: 'PosixPath' and 'NoneType'

[14.325s] ERROR:colcon.colcon_core.event_reactor:Exception in event handler extension 'log': unsupported operand type(s) for /: 'PosixPath' and 'NoneType'
Traceback (most recent call last):
  File "/usr/lib/python3/dist-packages/colcon_core/event_reactor.py", line 78, in _notify_observers
    retval = observer(event)
  File "/usr/lib/python3/dist-packages/colcon_output/event_handler/log.py", line 121, in __call__
    base_path = get_log_directory(job)
  File "/usr/lib/python3/dist-packages/colcon_output/event_handler/log.py", line 178, in get_log_directory
    log_path = get_log_path()
  File "/usr/lib/python3/dist-packages/colcon_core/location.py", line 94, in get_log_path
    return Path(str(path)) / _log_subdirectory
TypeError: unsupported operand type(s) for /: 'PosixPath' and 'NoneType'

[14.325s] ERROR:colcon.colcon_core.event_reactor:Exception in event handler extension 'log': unsupported operand type(s) for /: 'PosixPath' and 'NoneType'
Traceback (most recent call last):
  File "/usr/lib/python3/dist-packages/colcon_core/event_reactor.py", line 78, in _notify_observers
    retval = observer(event)
  File "/usr/lib/python3/dist-packages/colcon_output/event_handler/log.py", line 121, in __call__
    base_path = get_log_directory(job)
  File "/usr/lib/python3/dist-packages/colcon_output/event_handler/log.py", line 178, in get_log_directory
    log_path = get_log_path()
  File "/usr/lib/python3/dist-packages/colcon_core/location.py", line 94, in get_log_path
    return Path(str(path)) / _log_subdirectory
TypeError: unsupported operand type(s) for /: 'PosixPath' and 'NoneType'

[14.325s] ERROR:colcon.colcon_core.event_reactor:Exception in event handler extension 'log': unsupported operand type(s) for /: 'PosixPath' and 'NoneType'
Traceback (most recent call last):
  File "/usr/lib/python3/dist-packages/colcon_core/event_reactor.py", line 78, in _notify_observers
    retval = observer(event)
  File "/usr/lib/python3/dist-packages/colcon_output/event_handler/log.py", line 121, in __call__
    base_path = get_log_directory(job)
  File "/usr/lib/python3/dist-packages/colcon_output/event_handler/log.py", line 178, in get_log_directory
    log_path = get_log_path()
  File "/usr/lib/python3/dist-packages/colcon_core/location.py", line 94, in get_log_path
    return Path(str(path)) / _log_subdirectory
TypeError: unsupported operand type(s) for /: 'PosixPath' and 'NoneType'

[14.326s] ERROR:colcon.colcon_core.event_reactor:Exception in event handler extension 'log': unsupported operand type(s) for /: 'PosixPath' and 'NoneType'
Traceback (most recent call last):
  File "/usr/lib/python3/dist-packages/colcon_core/event_reactor.py", line 78, in _notify_observers
    retval = observer(event)
  File "/usr/lib/python3/dist-packages/colcon_output/event_handler/log.py", line 121, in __call__
    base_path = get_log_directory(job)
  File "/usr/lib/python3/dist-packages/colcon_output/event_handler/log.py", line 178, in get_log_directory
    log_path = get_log_path()
  File "/usr/lib/python3/dist-packages/colcon_core/location.py", line 94, in get_log_path
    return Path(str(path)) / _log_subdirectory
TypeError: unsupported operand type(s) for /: 'PosixPath' and 'NoneType'

[14.326s] ERROR:colcon.colcon_core.event_reactor:Exception in event handler extension 'log': unsupported operand type(s) for /: 'PosixPath' and 'NoneType'
Traceback (most recent call last):
  File "/usr/lib/python3/dist-packages/colcon_core/event_reactor.py", line 78, in _notify_observers
    retval = observer(event)
  File "/usr/lib/python3/dist-packages/colcon_output/event_handler/log.py", line 121, in __call__
    base_path = get_log_directory(job)
  File "/usr/lib/python3/dist-packages/colcon_output/event_handler/log.py", line 178, in get_log_directory
    log_path = get_log_path()
  File "/usr/lib/python3/dist-packages/colcon_core/location.py", line 94, in get_log_path
    return Path(str(path)) / _log_subdirectory
TypeError: unsupported operand type(s) for /: 'PosixPath' and 'NoneType'

[14.326s] ERROR:colcon.colcon_core.event_reactor:Exception in event handler extension 'log': unsupported operand type(s) for /: 'PosixPath' and 'NoneType'
Traceback (most recent call last):
  File "/usr/lib/python3/dist-packages/colcon_core/event_reactor.py", line 78, in _notify_observers
    retval = observer(event)
  File "/usr/lib/python3/dist-packages/colcon_output/event_handler/log.py", line 121, in __call__
    base_path = get_log_directory(job)
  File "/usr/lib/python3/dist-packages/colcon_output/event_handler/log.py", line 178, in get_log_directory
    log_path = get_log_path()
  File "/usr/lib/python3/dist-packages/colcon_core/location.py", line 94, in get_log_path
    return Path(str(path)) / _log_subdirectory
TypeError: unsupported operand type(s) for /: 'PosixPath' and 'NoneType'

[14.326s] ERROR:colcon.colcon_core.event_reactor:Exception in event handler extension 'log': unsupported operand type(s) for /: 'PosixPath' and 'NoneType'
Traceback (most recent call last):
  File "/usr/lib/python3/dist-packages/colcon_core/event_reactor.py", line 78, in _notify_observers
    retval = observer(event)
  File "/usr/lib/python3/dist-packages/colcon_output/event_handler/log.py", line 121, in __call__
    base_path = get_log_directory(job)
  File "/usr/lib/python3/dist-packages/colcon_output/event_handler/log.py", line 178, in get_log_directory
    log_path = get_log_path()
  File "/usr/lib/python3/dist-packages/colcon_core/location.py", line 94, in get_log_path
    return Path(str(path)) / _log_subdirectory
TypeError: unsupported operand type(s) for /: 'PosixPath' and 'NoneType'

[14.326s] ERROR:colcon.colcon_core.event_reactor:Exception in event handler extension 'log': unsupported operand type(s) for /: 'PosixPath' and 'NoneType'
Traceback (most recent call last):
  File "/usr/lib/python3/dist-packages/colcon_core/event_reactor.py", line 78, in _notify_observers
    retval = observer(event)
  File "/usr/lib/python3/dist-packages/colcon_output/event_handler/log.py", line 121, in __call__
    base_path = get_log_directory(job)
  File "/usr/lib/python3/dist-packages/colcon_output/event_handler/log.py", line 178, in get_log_directory
    log_path = get_log_path()
  File "/usr/lib/python3/dist-packages/colcon_core/location.py", line 94, in get_log_path
    return Path(str(path)) / _log_subdirectory
TypeError: unsupported operand type(s) for /: 'PosixPath' and 'NoneType'

[14.333s] ERROR:colcon.colcon_core.event_reactor:Exception in event handler extension 'log': unsupported operand type(s) for /: 'PosixPath' and 'NoneType'
Traceback (most recent call last):
  File "/usr/lib/python3/dist-packages/colcon_core/event_reactor.py", line 78, in _notify_observers
    retval = observer(event)
  File "/usr/lib/python3/dist-packages/colcon_output/event_handler/log.py", line 108, in __call__
    if not self._init_logs(job):
  File "/usr/lib/python3/dist-packages/colcon_output/event_handler/log.py", line 156, in _init_logs
    base_path = get_log_directory(job)
  File "/usr/lib/python3/dist-packages/colcon_output/event_handler/log.py", line 178, in get_log_directory
    log_path = get_log_path()
  File "/usr/lib/python3/dist-packages/colcon_core/location.py", line 94, in get_log_path
    return Path(str(path)) / _log_subdirectory
TypeError: unsupported operand type(s) for /: 'PosixPath' and 'NoneType'

[14.333s] ERROR:colcon.colcon_core.event_reactor:Exception in event handler extension 'log': unsupported operand type(s) for /: 'PosixPath' and 'NoneType'
Traceback (most recent call last):
  File "/usr/lib/python3/dist-packages/colcon_core/event_reactor.py", line 78, in _notify_observers
    retval = observer(event)
  File "/usr/lib/python3/dist-packages/colcon_output/event_handler/log.py", line 108, in __call__
    if not self._init_logs(job):
  File "/usr/lib/python3/dist-packages/colcon_output/event_handler/log.py", line 156, in _init_logs
    base_path = get_log_directory(job)
  File "/usr/lib/python3/dist-packages/colcon_output/event_handler/log.py", line 178, in get_log_directory
    log_path = get_log_path()
  File "/usr/lib/python3/dist-packages/colcon_core/location.py", line 94, in get_log_path
    return Path(str(path)) / _log_subdirectory
TypeError: unsupported operand type(s) for /: 'PosixPath' and 'NoneType'

[14.333s] ERROR:colcon.colcon_core.event_reactor:Exception in event handler extension 'log': unsupported operand type(s) for /: 'PosixPath' and 'NoneType'
Traceback (most recent call last):
  File "/usr/lib/python3/dist-packages/colcon_core/event_reactor.py", line 78, in _notify_observers
    retval = observer(event)
  File "/usr/lib/python3/dist-packages/colcon_output/event_handler/log.py", line 108, in __call__
    if not self._init_logs(job):
  File "/usr/lib/python3/dist-packages/colcon_output/event_handler/log.py", line 156, in _init_logs
    base_path = get_log_directory(job)
  File "/usr/lib/python3/dist-packages/colcon_output/event_handler/log.py", line 178, in get_log_directory
    log_path = get_log_path()
  File "/usr/lib/python3/dist-packages/colcon_core/location.py", line 94, in get_log_path
    return Path(str(path)) / _log_subdirectory
TypeError: unsupported operand type(s) for /: 'PosixPath' and 'NoneType'

[14.333s] ERROR:colcon.colcon_core.event_reactor:Exception in event handler extension 'log': unsupported operand type(s) for /: 'PosixPath' and 'NoneType'
Traceback (most recent call last):
  File "/usr/lib/python3/dist-packages/colcon_core/event_reactor.py", line 78, in _notify_observers
    retval = observer(event)
  File "/usr/lib/python3/dist-packages/colcon_output/event_handler/log.py", line 108, in __call__
    if not self._init_logs(job):
  File "/usr/lib/python3/dist-packages/colcon_output/event_handler/log.py", line 156, in _init_logs
    base_path = get_log_directory(job)
  File "/usr/lib/python3/dist-packages/colcon_output/event_handler/log.py", line 178, in get_log_directory
    log_path = get_log_path()
  File "/usr/lib/python3/dist-packages/colcon_core/location.py", line 94, in get_log_path
    return Path(str(path)) / _log_subdirectory
TypeError: unsupported operand type(s) for /: 'PosixPath' and 'NoneType'

[14.333s] ERROR:colcon.colcon_core.event_reactor:Exception in event handler extension 'log': unsupported operand type(s) for /: 'PosixPath' and 'NoneType'
Traceback (most recent call last):
  File "/usr/lib/python3/dist-packages/colcon_core/event_reactor.py", line 78, in _notify_observers
    retval = observer(event)
  File "/usr/lib/python3/dist-packages/colcon_output/event_handler/log.py", line 108, in __call__
    if not self._init_logs(job):
  File "/usr/lib/python3/dist-packages/colcon_output/event_handler/log.py", line 156, in _init_logs
    base_path = get_log_directory(job)
  File "/usr/lib/python3/dist-packages/colcon_output/event_handler/log.py", line 178, in get_log_directory
    log_path = get_log_path()
  File "/usr/lib/python3/dist-packages/colcon_core/location.py", line 94, in get_log_path
    return Path(str(path)) / _log_subdirectory
TypeError: unsupported operand type(s) for /: 'PosixPath' and 'NoneType'

[14.334s] ERROR:colcon.colcon_core.event_reactor:Exception in event handler extension 'log': unsupported operand type(s) for /: 'PosixPath' and 'NoneType'
Traceback (most recent call last):
  File "/usr/lib/python3/dist-packages/colcon_core/event_reactor.py", line 78, in _notify_observers
    retval = observer(event)
  File "/usr/lib/python3/dist-packages/colcon_output/event_handler/log.py", line 108, in __call__
    if not self._init_logs(job):
  File "/usr/lib/python3/dist-packages/colcon_output/event_handler/log.py", line 156, in _init_logs
    base_path = get_log_directory(job)
  File "/usr/lib/python3/dist-packages/colcon_output/event_handler/log.py", line 178, in get_log_directory
    log_path = get_log_path()
  File "/usr/lib/python3/dist-packages/colcon_core/location.py", line 94, in get_log_path
    return Path(str(path)) / _log_subdirectory
TypeError: unsupported operand type(s) for /: 'PosixPath' and 'NoneType'

[14.334s] ERROR:colcon.colcon_core.event_reactor:Exception in event handler extension 'log': unsupported operand type(s) for /: 'PosixPath' and 'NoneType'
Traceback (most recent call last):
  File "/usr/lib/python3/dist-packages/colcon_core/event_reactor.py", line 78, in _notify_observers
    retval = observer(event)
  File "/usr/lib/python3/dist-packages/colcon_output/event_handler/log.py", line 108, in __call__
    if not self._init_logs(job):
  File "/usr/lib/python3/dist-packages/colcon_output/event_handler/log.py", line 156, in _init_logs
    base_path = get_log_directory(job)
  File "/usr/lib/python3/dist-packages/colcon_output/event_handler/log.py", line 178, in get_log_directory
    log_path = get_log_path()
  File "/usr/lib/python3/dist-packages/colcon_core/location.py", line 94, in get_log_path
    return Path(str(path)) / _log_subdirectory
TypeError: unsupported operand type(s) for /: 'PosixPath' and 'NoneType'

[14.334s] ERROR:colcon.colcon_core.event_reactor:Exception in event handler extension 'log': unsupported operand type(s) for /: 'PosixPath' and 'NoneType'
Traceback (most recent call last):
  File "/usr/lib/python3/dist-packages/colcon_core/event_reactor.py", line 78, in _notify_observers
    retval = observer(event)
  File "/usr/lib/python3/dist-packages/colcon_output/event_handler/log.py", line 108, in __call__
    if not self._init_logs(job):
  File "/usr/lib/python3/dist-packages/colcon_output/event_handler/log.py", line 156, in _init_logs
    base_path = get_log_directory(job)
  File "/usr/lib/python3/dist-packages/colcon_output/event_handler/log.py", line 178, in get_log_directory
    log_path = get_log_path()
  File "/usr/lib/python3/dist-packages/colcon_core/location.py", line 94, in get_log_path
    return Path(str(path)) / _log_subdirectory
TypeError: unsupported operand type(s) for /: 'PosixPath' and 'NoneType'

[14.334s] ERROR:colcon.colcon_core.event_reactor:Exception in event handler extension 'log': unsupported operand type(s) for /: 'PosixPath' and 'NoneType'
Traceback (most recent call last):
  File "/usr/lib/python3/dist-packages/colcon_core/event_reactor.py", line 78, in _notify_observers
    retval = observer(event)
  File "/usr/lib/python3/dist-packages/colcon_output/event_handler/log.py", line 108, in __call__
    if not self._init_logs(job):
  File "/usr/lib/python3/dist-packages/colcon_output/event_handler/log.py", line 156, in _init_logs
    base_path = get_log_directory(job)
  File "/usr/lib/python3/dist-packages/colcon_output/event_handler/log.py", line 178, in get_log_directory
    log_path = get_log_path()
  File "/usr/lib/python3/dist-packages/colcon_core/location.py", line 94, in get_log_path
    return Path(str(path)) / _log_subdirectory
TypeError: unsupported operand type(s) for /: 'PosixPath' and 'NoneType'

[14.334s] ERROR:colcon.colcon_core.event_reactor:Exception in event handler extension 'log': unsupported operand type(s) for /: 'PosixPath' and 'NoneType'
Traceback (most recent call last):
  File "/usr/lib/python3/dist-packages/colcon_core/event_reactor.py", line 78, in _notify_observers
    retval = observer(event)
  File "/usr/lib/python3/dist-packages/colcon_output/event_handler/log.py", line 108, in __call__
    if not self._init_logs(job):
  File "/usr/lib/python3/dist-packages/colcon_output/event_handler/log.py", line 156, in _init_logs
    base_path = get_log_directory(job)
  File "/usr/lib/python3/dist-packages/colcon_output/event_handler/log.py", line 178, in get_log_directory
    log_path = get_log_path()
  File "/usr/lib/python3/dist-packages/colcon_core/location.py", line 94, in get_log_path
    return Path(str(path)) / _log_subdirectory
TypeError: unsupported operand type(s) for /: 'PosixPath' and 'NoneType'

[14.334s] ERROR:colcon.colcon_core.event_reactor:Exception in event handler extension 'log': unsupported operand type(s) for /: 'PosixPath' and 'NoneType'
Traceback (most recent call last):
  File "/usr/lib/python3/dist-packages/colcon_core/event_reactor.py", line 78, in _notify_observers
    retval = observer(event)
  File "/usr/lib/python3/dist-packages/colcon_output/event_handler/log.py", line 108, in __call__
    if not self._init_logs(job):
  File "/usr/lib/python3/dist-packages/colcon_output/event_handler/log.py", line 156, in _init_logs
    base_path = get_log_directory(job)
  File "/usr/lib/python3/dist-packages/colcon_output/event_handler/log.py", line 178, in get_log_directory
    log_path = get_log_path()
  File "/usr/lib/python3/dist-packages/colcon_core/location.py", line 94, in get_log_path
    return Path(str(path)) / _log_subdirectory
TypeError: unsupported operand type(s) for /: 'PosixPath' and 'NoneType'

[14.334s] ERROR:colcon.colcon_core.event_reactor:Exception in event handler extension 'log': unsupported operand type(s) for /: 'PosixPath' and 'NoneType'
Traceback (most recent call last):
  File "/usr/lib/python3/dist-packages/colcon_core/event_reactor.py", line 78, in _notify_observers
    retval = observer(event)
  File "/usr/lib/python3/dist-packages/colcon_output/event_handler/log.py", line 108, in __call__
    if not self._init_logs(job):
  File "/usr/lib/python3/dist-packages/colcon_output/event_handler/log.py", line 156, in _init_logs
    base_path = get_log_directory(job)
  File "/usr/lib/python3/dist-packages/colcon_output/event_handler/log.py", line 178, in get_log_directory
    log_path = get_log_path()
  File "/usr/lib/python3/dist-packages/colcon_core/location.py", line 94, in get_log_path
    return Path(str(path)) / _log_subdirectory
TypeError: unsupported operand type(s) for /: 'PosixPath' and 'NoneType'

[14.334s] ERROR:colcon.colcon_core.event_reactor:Exception in event handler extension 'log': unsupported operand type(s) for /: 'PosixPath' and 'NoneType'
Traceback (most recent call last):
  File "/usr/lib/python3/dist-packages/colcon_core/event_reactor.py", line 78, in _notify_observers
    retval = observer(event)
  File "/usr/lib/python3/dist-packages/colcon_output/event_handler/log.py", line 108, in __call__
    if not self._init_logs(job):
  File "/usr/lib/python3/dist-packages/colcon_output/event_handler/log.py", line 156, in _init_logs
    base_path = get_log_directory(job)
  File "/usr/lib/python3/dist-packages/colcon_output/event_handler/log.py", line 178, in get_log_directory
    log_path = get_log_path()
  File "/usr/lib/python3/dist-packages/colcon_core/location.py", line 94, in get_log_path
    return Path(str(path)) / _log_subdirectory
TypeError: unsupported operand type(s) for /: 'PosixPath' and 'NoneType'

[14.335s] ERROR:colcon.colcon_core.event_reactor:Exception in event handler extension 'log': unsupported operand type(s) for /: 'PosixPath' and 'NoneType'
Traceback (most recent call last):
  File "/usr/lib/python3/dist-packages/colcon_core/event_reactor.py", line 78, in _notify_observers
    retval = observer(event)
  File "/usr/lib/python3/dist-packages/colcon_output/event_handler/log.py", line 108, in __call__
    if not self._init_logs(job):
  File "/usr/lib/python3/dist-packages/colcon_output/event_handler/log.py", line 156, in _init_logs
    base_path = get_log_directory(job)
  File "/usr/lib/python3/dist-packages/colcon_output/event_handler/log.py", line 178, in get_log_directory
    log_path = get_log_path()
  File "/usr/lib/python3/dist-packages/colcon_core/location.py", line 94, in get_log_path
    return Path(str(path)) / _log_subdirectory
TypeError: unsupported operand type(s) for /: 'PosixPath' and 'NoneType'

[14.336s] ERROR:colcon.colcon_core.event_reactor:Exception in event handler extension 'log': unsupported operand type(s) for /: 'PosixPath' and 'NoneType'
Traceback (most recent call last):
  File "/usr/lib/python3/dist-packages/colcon_core/event_reactor.py", line 78, in _notify_observers
    retval = observer(event)
  File "/usr/lib/python3/dist-packages/colcon_output/event_handler/log.py", line 108, in __call__
    if not self._init_logs(job):
  File "/usr/lib/python3/dist-packages/colcon_output/event_handler/log.py", line 156, in _init_logs
    base_path = get_log_directory(job)
  File "/usr/lib/python3/dist-packages/colcon_output/event_handler/log.py", line 178, in get_log_directory
    log_path = get_log_path()
  File "/usr/lib/python3/dist-packages/colcon_core/location.py", line 94, in get_log_path
    return Path(str(path)) / _log_subdirectory
TypeError: unsupported operand type(s) for /: 'PosixPath' and 'NoneType'

[14.336s] ERROR:colcon.colcon_core.event_reactor:Exception in event handler extension 'log': unsupported operand type(s) for /: 'PosixPath' and 'NoneType'
Traceback (most recent call last):
  File "/usr/lib/python3/dist-packages/colcon_core/event_reactor.py", line 78, in _notify_observers
    retval = observer(event)
  File "/usr/lib/python3/dist-packages/colcon_output/event_handler/log.py", line 108, in __call__
    if not self._init_logs(job):
  File "/usr/lib/python3/dist-packages/colcon_output/event_handler/log.py", line 156, in _init_logs
    base_path = get_log_directory(job)
  File "/usr/lib/python3/dist-packages/colcon_output/event_handler/log.py", line 178, in get_log_directory
    log_path = get_log_path()
  File "/usr/lib/python3/dist-packages/colcon_core/location.py", line 94, in get_log_path
    return Path(str(path)) / _log_subdirectory
TypeError: unsupported operand type(s) for /: 'PosixPath' and 'NoneType'

[14.336s] ERROR:colcon.colcon_core.event_reactor:Exception in event handler extension 'log': unsupported operand type(s) for /: 'PosixPath' and 'NoneType'
Traceback (most recent call last):
  File "/usr/lib/python3/dist-packages/colcon_core/event_reactor.py", line 78, in _notify_observers
    retval = observer(event)
  File "/usr/lib/python3/dist-packages/colcon_output/event_handler/log.py", line 108, in __call__
    if not self._init_logs(job):
  File "/usr/lib/python3/dist-packages/colcon_output/event_handler/log.py", line 156, in _init_logs
    base_path = get_log_directory(job)
  File "/usr/lib/python3/dist-packages/colcon_output/event_handler/log.py", line 178, in get_log_directory
    log_path = get_log_path()
  File "/usr/lib/python3/dist-packages/colcon_core/location.py", line 94, in get_log_path
    return Path(str(path)) / _log_subdirectory
TypeError: unsupported operand type(s) for /: 'PosixPath' and 'NoneType'

[14.336s] ERROR:colcon.colcon_core.event_reactor:Exception in event handler extension 'log': unsupported operand type(s) for /: 'PosixPath' and 'NoneType'
Traceback (most recent call last):
  File "/usr/lib/python3/dist-packages/colcon_core/event_reactor.py", line 78, in _notify_observers
    retval = observer(event)
  File "/usr/lib/python3/dist-packages/colcon_output/event_handler/log.py", line 108, in __call__
    if not self._init_logs(job):
  File "/usr/lib/python3/dist-packages/colcon_output/event_handler/log.py", line 156, in _init_logs
    base_path = get_log_directory(job)
  File "/usr/lib/python3/dist-packages/colcon_output/event_handler/log.py", line 178, in get_log_directory
    log_path = get_log_path()
  File "/usr/lib/python3/dist-packages/colcon_core/location.py", line 94, in get_log_path
    return Path(str(path)) / _log_subdirectory
TypeError: unsupported operand type(s) for /: 'PosixPath' and 'NoneType'

[14.336s] ERROR:colcon.colcon_core.event_reactor:Exception in event handler extension 'log': unsupported operand type(s) for /: 'PosixPath' and 'NoneType'
Traceback (most recent call last):
  File "/usr/lib/python3/dist-packages/colcon_core/event_reactor.py", line 78, in _notify_observers
    retval = observer(event)
  File "/usr/lib/python3/dist-packages/colcon_output/event_handler/log.py", line 108, in __call__
    if not self._init_logs(job):
  File "/usr/lib/python3/dist-packages/colcon_output/event_handler/log.py", line 156, in _init_logs
    base_path = get_log_directory(job)
  File "/usr/lib/python3/dist-packages/colcon_output/event_handler/log.py", line 178, in get_log_directory
    log_path = get_log_path()
  File "/usr/lib/python3/dist-packages/colcon_core/location.py", line 94, in get_log_path
    return Path(str(path)) / _log_subdirectory
TypeError: unsupported operand type(s) for /: 'PosixPath' and 'NoneType'

[14.336s] ERROR:colcon.colcon_core.event_reactor:Exception in event handler extension 'log': unsupported operand type(s) for /: 'PosixPath' and 'NoneType'
Traceback (most recent call last):
  File "/usr/lib/python3/dist-packages/colcon_core/event_reactor.py", line 78, in _notify_observers
    retval = observer(event)
  File "/usr/lib/python3/dist-packages/colcon_output/event_handler/log.py", line 108, in __call__
    if not self._init_logs(job):
  File "/usr/lib/python3/dist-packages/colcon_output/event_handler/log.py", line 156, in _init_logs
    base_path = get_log_directory(job)
  File "/usr/lib/python3/dist-packages/colcon_output/event_handler/log.py", line 178, in get_log_directory
    log_path = get_log_path()
  File "/usr/lib/python3/dist-packages/colcon_core/location.py", line 94, in get_log_path
    return Path(str(path)) / _log_subdirectory
TypeError: unsupported operand type(s) for /: 'PosixPath' and 'NoneType'

[14.336s] ERROR:colcon.colcon_core.event_reactor:Exception in event handler extension 'log': unsupported operand type(s) for /: 'PosixPath' and 'NoneType'
Traceback (most recent call last):
  File "/usr/lib/python3/dist-packages/colcon_core/event_reactor.py", line 78, in _notify_observers
    retval = observer(event)
  File "/usr/lib/python3/dist-packages/colcon_output/event_handler/log.py", line 108, in __call__
    if not self._init_logs(job):
  File "/usr/lib/python3/dist-packages/colcon_output/event_handler/log.py", line 156, in _init_logs
    base_path = get_log_directory(job)
  File "/usr/lib/python3/dist-packages/colcon_output/event_handler/log.py", line 178, in get_log_directory
    log_path = get_log_path()
  File "/usr/lib/python3/dist-packages/colcon_core/location.py", line 94, in get_log_path
    return Path(str(path)) / _log_subdirectory
TypeError: unsupported operand type(s) for /: 'PosixPath' and 'NoneType'

[14.336s] ERROR:colcon.colcon_core.event_reactor:Exception in event handler extension 'log': unsupported operand type(s) for /: 'PosixPath' and 'NoneType'
Traceback (most recent call last):
  File "/usr/lib/python3/dist-packages/colcon_core/event_reactor.py", line 78, in _notify_observers
    retval = observer(event)
  File "/usr/lib/python3/dist-packages/colcon_output/event_handler/log.py", line 108, in __call__
    if not self._init_logs(job):
  File "/usr/lib/python3/dist-packages/colcon_output/event_handler/log.py", line 156, in _init_logs
    base_path = get_log_directory(job)
  File "/usr/lib/python3/dist-packages/colcon_output/event_handler/log.py", line 178, in get_log_directory
    log_path = get_log_path()
  File "/usr/lib/python3/dist-packages/colcon_core/location.py", line 94, in get_log_path
    return Path(str(path)) / _log_subdirectory
TypeError: unsupported operand type(s) for /: 'PosixPath' and 'NoneType'

[14.336s] ERROR:colcon.colcon_core.event_reactor:Exception in event handler extension 'log': unsupported operand type(s) for /: 'PosixPath' and 'NoneType'
Traceback (most recent call last):
  File "/usr/lib/python3/dist-packages/colcon_core/event_reactor.py", line 78, in _notify_observers
    retval = observer(event)
  File "/usr/lib/python3/dist-packages/colcon_output/event_handler/log.py", line 108, in __call__
    if not self._init_logs(job):
  File "/usr/lib/python3/dist-packages/colcon_output/event_handler/log.py", line 156, in _init_logs
    base_path = get_log_directory(job)
  File "/usr/lib/python3/dist-packages/colcon_output/event_handler/log.py", line 178, in get_log_directory
    log_path = get_log_path()
  File "/usr/lib/python3/dist-packages/colcon_core/location.py", line 94, in get_log_path
    return Path(str(path)) / _log_subdirectory
TypeError: unsupported operand type(s) for /: 'PosixPath' and 'NoneType'

[14.337s] ERROR:colcon.colcon_core.event_reactor:Exception in event handler extension 'log': unsupported operand type(s) for /: 'PosixPath' and 'NoneType'
Traceback (most recent call last):
  File "/usr/lib/python3/dist-packages/colcon_core/event_reactor.py", line 78, in _notify_observers
    retval = observer(event)
  File "/usr/lib/python3/dist-packages/colcon_output/event_handler/log.py", line 108, in __call__
    if not self._init_logs(job):
  File "/usr/lib/python3/dist-packages/colcon_output/event_handler/log.py", line 156, in _init_logs
    base_path = get_log_directory(job)
  File "/usr/lib/python3/dist-packages/colcon_output/event_handler/log.py", line 178, in get_log_directory
    log_path = get_log_path()
  File "/usr/lib/python3/dist-packages/colcon_core/location.py", line 94, in get_log_path
    return Path(str(path)) / _log_subdirectory
TypeError: unsupported operand type(s) for /: 'PosixPath' and 'NoneType'

[14.337s] ERROR:colcon.colcon_core.event_reactor:Exception in event handler extension 'log': unsupported operand type(s) for /: 'PosixPath' and 'NoneType'
Traceback (most recent call last):
  File "/usr/lib/python3/dist-packages/colcon_core/event_reactor.py", line 78, in _notify_observers
    retval = observer(event)
  File "/usr/lib/python3/dist-packages/colcon_output/event_handler/log.py", line 108, in __call__
    if not self._init_logs(job):
  File "/usr/lib/python3/dist-packages/colcon_output/event_handler/log.py", line 156, in _init_logs
    base_path = get_log_directory(job)
  File "/usr/lib/python3/dist-packages/colcon_output/event_handler/log.py", line 178, in get_log_directory
    log_path = get_log_path()
  File "/usr/lib/python3/dist-packages/colcon_core/location.py", line 94, in get_log_path
    return Path(str(path)) / _log_subdirectory
TypeError: unsupported operand type(s) for /: 'PosixPath' and 'NoneType'

[14.337s] ERROR:colcon.colcon_core.event_reactor:Exception in event handler extension 'log': unsupported operand type(s) for /: 'PosixPath' and 'NoneType'
Traceback (most recent call last):
  File "/usr/lib/python3/dist-packages/colcon_core/event_reactor.py", line 78, in _notify_observers
    retval = observer(event)
  File "/usr/lib/python3/dist-packages/colcon_output/event_handler/log.py", line 108, in __call__
    if not self._init_logs(job):
  File "/usr/lib/python3/dist-packages/colcon_output/event_handler/log.py", line 156, in _init_logs
    base_path = get_log_directory(job)
  File "/usr/lib/python3/dist-packages/colcon_output/event_handler/log.py", line 178, in get_log_directory
    log_path = get_log_path()
  File "/usr/lib/python3/dist-packages/colcon_core/location.py", line 94, in get_log_path
    return Path(str(path)) / _log_subdirectory
TypeError: unsupported operand type(s) for /: 'PosixPath' and 'NoneType'

[14.337s] ERROR:colcon.colcon_core.event_reactor:Exception in event handler extension 'log': unsupported operand type(s) for /: 'PosixPath' and 'NoneType'
Traceback (most recent call last):
  File "/usr/lib/python3/dist-packages/colcon_core/event_reactor.py", line 78, in _notify_observers
    retval = observer(event)
  File "/usr/lib/python3/dist-packages/colcon_output/event_handler/log.py", line 108, in __call__
    if not self._init_logs(job):
  File "/usr/lib/python3/dist-packages/colcon_output/event_handler/log.py", line 156, in _init_logs
    base_path = get_log_directory(job)
  File "/usr/lib/python3/dist-packages/colcon_output/event_handler/log.py", line 178, in get_log_directory
    log_path = get_log_path()
  File "/usr/lib/python3/dist-packages/colcon_core/location.py", line 94, in get_log_path
    return Path(str(path)) / _log_subdirectory
TypeError: unsupported operand type(s) for /: 'PosixPath' and 'NoneType'

[14.337s] ERROR:colcon.colcon_core.event_reactor:Exception in event handler extension 'log': unsupported operand type(s) for /: 'PosixPath' and 'NoneType'
Traceback (most recent call last):
  File "/usr/lib/python3/dist-packages/colcon_core/event_reactor.py", line 78, in _notify_observers
    retval = observer(event)
  File "/usr/lib/python3/dist-packages/colcon_output/event_handler/log.py", line 108, in __call__
    if not self._init_logs(job):
  File "/usr/lib/python3/dist-packages/colcon_output/event_handler/log.py", line 156, in _init_logs
    base_path = get_log_directory(job)
  File "/usr/lib/python3/dist-packages/colcon_output/event_handler/log.py", line 178, in get_log_directory
    log_path = get_log_path()
  File "/usr/lib/python3/dist-packages/colcon_core/location.py", line 94, in get_log_path
    return Path(str(path)) / _log_subdirectory
TypeError: unsupported operand type(s) for /: 'PosixPath' and 'NoneType'

[14.337s] ERROR:colcon.colcon_core.event_reactor:Exception in event handler extension 'log': unsupported operand type(s) for /: 'PosixPath' and 'NoneType'
Traceback (most recent call last):
  File "/usr/lib/python3/dist-packages/colcon_core/event_reactor.py", line 78, in _notify_observers
    retval = observer(event)
  File "/usr/lib/python3/dist-packages/colcon_output/event_handler/log.py", line 108, in __call__
    if not self._init_logs(job):
  File "/usr/lib/python3/dist-packages/colcon_output/event_handler/log.py", line 156, in _init_logs
    base_path = get_log_directory(job)
  File "/usr/lib/python3/dist-packages/colcon_output/event_handler/log.py", line 178, in get_log_directory
    log_path = get_log_path()
  File "/usr/lib/python3/dist-packages/colcon_core/location.py", line 94, in get_log_path
    return Path(str(path)) / _log_subdirectory
TypeError: unsupported operand type(s) for /: 'PosixPath' and 'NoneType'

[14.337s] ERROR:colcon.colcon_core.event_reactor:Exception in event handler extension 'log': unsupported operand type(s) for /: 'PosixPath' and 'NoneType'
Traceback (most recent call last):
  File "/usr/lib/python3/dist-packages/colcon_core/event_reactor.py", line 78, in _notify_observers
    retval = observer(event)
  File "/usr/lib/python3/dist-packages/colcon_output/event_handler/log.py", line 108, in __call__
    if not self._init_logs(job):
  File "/usr/lib/python3/dist-packages/colcon_output/event_handler/log.py", line 156, in _init_logs
    base_path = get_log_directory(job)
  File "/usr/lib/python3/dist-packages/colcon_output/event_handler/log.py", line 178, in get_log_directory
    log_path = get_log_path()
  File "/usr/lib/python3/dist-packages/colcon_core/location.py", line 94, in get_log_path
    return Path(str(path)) / _log_subdirectory
TypeError: unsupported operand type(s) for /: 'PosixPath' and 'NoneType'

[14.339s] ERROR:colcon.colcon_core.event_reactor:Exception in event handler extension 'log': unsupported operand type(s) for /: 'PosixPath' and 'NoneType'
Traceback (most recent call last):
  File "/usr/lib/python3/dist-packages/colcon_core/event_reactor.py", line 78, in _notify_observers
    retval = observer(event)
  File "/usr/lib/python3/dist-packages/colcon_output/event_handler/log.py", line 108, in __call__
    if not self._init_logs(job):
  File "/usr/lib/python3/dist-packages/colcon_output/event_handler/log.py", line 156, in _init_logs
    base_path = get_log_directory(job)
  File "/usr/lib/python3/dist-packages/colcon_output/event_handler/log.py", line 178, in get_log_directory
    log_path = get_log_path()
  File "/usr/lib/python3/dist-packages/colcon_core/location.py", line 94, in get_log_path
    return Path(str(path)) / _log_subdirectory
TypeError: unsupported operand type(s) for /: 'PosixPath' and 'NoneType'

[14.339s] ERROR:colcon.colcon_core.event_reactor:Exception in event handler extension 'log': unsupported operand type(s) for /: 'PosixPath' and 'NoneType'
Traceback (most recent call last):
  File "/usr/lib/python3/dist-packages/colcon_core/event_reactor.py", line 78, in _notify_observers
    retval = observer(event)
  File "/usr/lib/python3/dist-packages/colcon_output/event_handler/log.py", line 108, in __call__
    if not self._init_logs(job):
  File "/usr/lib/python3/dist-packages/colcon_output/event_handler/log.py", line 156, in _init_logs
    base_path = get_log_directory(job)
  File "/usr/lib/python3/dist-packages/colcon_output/event_handler/log.py", line 178, in get_log_directory
    log_path = get_log_path()
  File "/usr/lib/python3/dist-packages/colcon_core/location.py", line 94, in get_log_path
    return Path(str(path)) / _log_subdirectory
TypeError: unsupported operand type(s) for /: 'PosixPath' and 'NoneType'

[14.339s] ERROR:colcon.colcon_core.event_reactor:Exception in event handler extension 'log': unsupported operand type(s) for /: 'PosixPath' and 'NoneType'
Traceback (most recent call last):
  File "/usr/lib/python3/dist-packages/colcon_core/event_reactor.py", line 78, in _notify_observers
    retval = observer(event)
  File "/usr/lib/python3/dist-packages/colcon_output/event_handler/log.py", line 108, in __call__
    if not self._init_logs(job):
  File "/usr/lib/python3/dist-packages/colcon_output/event_handler/log.py", line 156, in _init_logs
    base_path = get_log_directory(job)
  File "/usr/lib/python3/dist-packages/colcon_output/event_handler/log.py", line 178, in get_log_directory
    log_path = get_log_path()
  File "/usr/lib/python3/dist-packages/colcon_core/location.py", line 94, in get_log_path
    return Path(str(path)) / _log_subdirectory
TypeError: unsupported operand type(s) for /: 'PosixPath' and 'NoneType'

[14.339s] ERROR:colcon.colcon_core.event_reactor:Exception in event handler extension 'log': unsupported operand type(s) for /: 'PosixPath' and 'NoneType'
Traceback (most recent call last):
  File "/usr/lib/python3/dist-packages/colcon_core/event_reactor.py", line 78, in _notify_observers
    retval = observer(event)
  File "/usr/lib/python3/dist-packages/colcon_output/event_handler/log.py", line 108, in __call__
    if not self._init_logs(job):
  File "/usr/lib/python3/dist-packages/colcon_output/event_handler/log.py", line 156, in _init_logs
    base_path = get_log_directory(job)
  File "/usr/lib/python3/dist-packages/colcon_output/event_handler/log.py", line 178, in get_log_directory
    log_path = get_log_path()
  File "/usr/lib/python3/dist-packages/colcon_core/location.py", line 94, in get_log_path
    return Path(str(path)) / _log_subdirectory
TypeError: unsupported operand type(s) for /: 'PosixPath' and 'NoneType'

[14.339s] ERROR:colcon.colcon_core.event_reactor:Exception in event handler extension 'log': unsupported operand type(s) for /: 'PosixPath' and 'NoneType'
Traceback (most recent call last):
  File "/usr/lib/python3/dist-packages/colcon_core/event_reactor.py", line 78, in _notify_observers
    retval = observer(event)
  File "/usr/lib/python3/dist-packages/colcon_output/event_handler/log.py", line 108, in __call__
    if not self._init_logs(job):
  File "/usr/lib/python3/dist-packages/colcon_output/event_handler/log.py", line 156, in _init_logs
    base_path = get_log_directory(job)
  File "/usr/lib/python3/dist-packages/colcon_output/event_handler/log.py", line 178, in get_log_directory
    log_path = get_log_path()
  File "/usr/lib/python3/dist-packages/colcon_core/location.py", line 94, in get_log_path
    return Path(str(path)) / _log_subdirectory
TypeError: unsupported operand type(s) for /: 'PosixPath' and 'NoneType'

[14.343s] ERROR:colcon.colcon_core.event_reactor:Exception in event handler extension 'log': unsupported operand type(s) for /: 'PosixPath' and 'NoneType'
Traceback (most recent call last):
  File "/usr/lib/python3/dist-packages/colcon_core/event_reactor.py", line 78, in _notify_observers
    retval = observer(event)
  File "/usr/lib/python3/dist-packages/colcon_output/event_handler/log.py", line 108, in __call__
    if not self._init_logs(job):
  File "/usr/lib/python3/dist-packages/colcon_output/event_handler/log.py", line 156, in _init_logs
    base_path = get_log_directory(job)
  File "/usr/lib/python3/dist-packages/colcon_output/event_handler/log.py", line 178, in get_log_directory
    log_path = get_log_path()
  File "/usr/lib/python3/dist-packages/colcon_core/location.py", line 94, in get_log_path
    return Path(str(path)) / _log_subdirectory
TypeError: unsupported operand type(s) for /: 'PosixPath' and 'NoneType'

[14.344s] ERROR:colcon.colcon_core.event_reactor:Exception in event handler extension 'log': unsupported operand type(s) for /: 'PosixPath' and 'NoneType'
Traceback (most recent call last):
  File "/usr/lib/python3/dist-packages/colcon_core/event_reactor.py", line 78, in _notify_observers
    retval = observer(event)
  File "/usr/lib/python3/dist-packages/colcon_output/event_handler/log.py", line 108, in __call__
    if not self._init_logs(job):
  File "/usr/lib/python3/dist-packages/colcon_output/event_handler/log.py", line 156, in _init_logs
    base_path = get_log_directory(job)
  File "/usr/lib/python3/dist-packages/colcon_output/event_handler/log.py", line 178, in get_log_directory
    log_path = get_log_path()
  File "/usr/lib/python3/dist-packages/colcon_core/location.py", line 94, in get_log_path
    return Path(str(path)) / _log_subdirectory
TypeError: unsupported operand type(s) for /: 'PosixPath' and 'NoneType'

[14.344s] ERROR:colcon.colcon_core.event_reactor:Exception in event handler extension 'log': unsupported operand type(s) for /: 'PosixPath' and 'NoneType'
Traceback (most recent call last):
  File "/usr/lib/python3/dist-packages/colcon_core/event_reactor.py", line 78, in _notify_observers
    retval = observer(event)
  File "/usr/lib/python3/dist-packages/colcon_output/event_handler/log.py", line 108, in __call__
    if not self._init_logs(job):
  File "/usr/lib/python3/dist-packages/colcon_output/event_handler/log.py", line 156, in _init_logs
    base_path = get_log_directory(job)
  File "/usr/lib/python3/dist-packages/colcon_output/event_handler/log.py", line 178, in get_log_directory
    log_path = get_log_path()
  File "/usr/lib/python3/dist-packages/colcon_core/location.py", line 94, in get_log_path
    return Path(str(path)) / _log_subdirectory
TypeError: unsupported operand type(s) for /: 'PosixPath' and 'NoneType'

[14.344s] ERROR:colcon.colcon_core.event_reactor:Exception in event handler extension 'log': unsupported operand type(s) for /: 'PosixPath' and 'NoneType'
Traceback (most recent call last):
  File "/usr/lib/python3/dist-packages/colcon_core/event_reactor.py", line 78, in _notify_observers
    retval = observer(event)
  File "/usr/lib/python3/dist-packages/colcon_output/event_handler/log.py", line 108, in __call__
    if not self._init_logs(job):
  File "/usr/lib/python3/dist-packages/colcon_output/event_handler/log.py", line 156, in _init_logs
    base_path = get_log_directory(job)
  File "/usr/lib/python3/dist-packages/colcon_output/event_handler/log.py", line 178, in get_log_directory
    log_path = get_log_path()
  File "/usr/lib/python3/dist-packages/colcon_core/location.py", line 94, in get_log_path
    return Path(str(path)) / _log_subdirectory
TypeError: unsupported operand type(s) for /: 'PosixPath' and 'NoneType'

[14.471s] ERROR:colcon.colcon_core.event_reactor:Exception in event handler extension 'log': unsupported operand type(s) for /: 'PosixPath' and 'NoneType'
Traceback (most recent call last):
  File "/usr/lib/python3/dist-packages/colcon_core/event_reactor.py", line 78, in _notify_observers
    retval = observer(event)
  File "/usr/lib/python3/dist-packages/colcon_output/event_handler/log.py", line 108, in __call__
    if not self._init_logs(job):
  File "/usr/lib/python3/dist-packages/colcon_output/event_handler/log.py", line 156, in _init_logs
    base_path = get_log_directory(job)
  File "/usr/lib/python3/dist-packages/colcon_output/event_handler/log.py", line 178, in get_log_directory
    log_path = get_log_path()
  File "/usr/lib/python3/dist-packages/colcon_core/location.py", line 94, in get_log_path
    return Path(str(path)) / _log_subdirectory
TypeError: unsupported operand type(s) for /: 'PosixPath' and 'NoneType'

[14.471s] ERROR:colcon.colcon_core.event_reactor:Exception in event handler extension 'log': unsupported operand type(s) for /: 'PosixPath' and 'NoneType'
Traceback (most recent call last):
  File "/usr/lib/python3/dist-packages/colcon_core/event_reactor.py", line 78, in _notify_observers
    retval = observer(event)
  File "/usr/lib/python3/dist-packages/colcon_output/event_handler/log.py", line 108, in __call__
    if not self._init_logs(job):
  File "/usr/lib/python3/dist-packages/colcon_output/event_handler/log.py", line 156, in _init_logs
    base_path = get_log_directory(job)
  File "/usr/lib/python3/dist-packages/colcon_output/event_handler/log.py", line 178, in get_log_directory
    log_path = get_log_path()
  File "/usr/lib/python3/dist-packages/colcon_core/location.py", line 94, in get_log_path
    return Path(str(path)) / _log_subdirectory
TypeError: unsupported operand type(s) for /: 'PosixPath' and 'NoneType'

[14.472s] ERROR:colcon.colcon_core.event_reactor:Exception in event handler extension 'log': unsupported operand type(s) for /: 'PosixPath' and 'NoneType'
Traceback (most recent call last):
  File "/usr/lib/python3/dist-packages/colcon_core/event_reactor.py", line 78, in _notify_observers
    retval = observer(event)
  File "/usr/lib/python3/dist-packages/colcon_output/event_handler/log.py", line 108, in __call__
    if not self._init_logs(job):
  File "/usr/lib/python3/dist-packages/colcon_output/event_handler/log.py", line 156, in _init_logs
    base_path = get_log_directory(job)
  File "/usr/lib/python3/dist-packages/colcon_output/event_handler/log.py", line 178, in get_log_directory
    log_path = get_log_path()
  File "/usr/lib/python3/dist-packages/colcon_core/location.py", line 94, in get_log_path
    return Path(str(path)) / _log_subdirectory
TypeError: unsupported operand type(s) for /: 'PosixPath' and 'NoneType'

