[0.385s] Invoking command in '/home/xn/unitree_go2_ws/build/go2_tutorial': CMAKE_PREFIX_PATH=${CMAKE_PREFIX_PATH}:/home/xn/unitree_go2_ws/install/my_test_py:/home/xn/unitree_go2_ws/install/helloworld_py:/home/xn/unitree_go2_ws/install/go2_twist_bridge_py:/home/xn/unitree_go2_ws/install/go2_tutorial_py:/home/xn/unitree_go2_ws/install/go2_teleop_ctrl_keyboard:/home/xn/unitree_go2_ws/install/go2_driver_py:/opt/ros/foxy /usr/bin/cmake --build /home/xn/unitree_go2_ws/build/go2_tutorial -- -j8 -l8
[0.741s] [35m[1mScanning dependencies of target go2_ctrl[0m
[0.743s] [ 50%] [32mBuilding CXX object CMakeFiles/go2_ctrl.dir/src/go2_ctrl.cpp.o[0m
[0.743s] [01m[K/home/xn/unitree_go2_ws/src/tutorial/go2_tutorial/src/go2_ctrl.cpp:17:10:[m[K [01;31m[Kfatal error: [m[Ksport_model.hpp: æ²¡æœ‰é‚£ä¸ªæ–‡ä»¶æˆ–ç›®å½•
[0.743s]    17 | #include [01;31m[K"sport_model.hpp"[m[K
[0.743s]       |          [01;31m[K^~~~~~~~~~~~~~~~~[m[K
[0.743s] compilation terminated.
[0.743s] make[2]: *** [CMakeFiles/go2_ctrl.dir/build.make:63ï¼šCMakeFiles/go2_ctrl.dir/src/go2_ctrl.cpp.o] é”™è¯¯ 1
[0.743s] make[1]: *** [CMakeFiles/Makefile2:78ï¼šCMakeFiles/go2_ctrl.dir/all] é”™è¯¯ 2
[0.744s] make: *** [Makefile:141ï¼šall] é”™è¯¯ 2
[0.766s] Invoked command in '/home/xn/unitree_go2_ws/build/go2_tutorial' returned '2': CMAKE_PREFIX_PATH=${CMAKE_PREFIX_PATH}:/home/xn/unitree_go2_ws/install/my_test_py:/home/xn/unitree_go2_ws/install/helloworld_py:/home/xn/unitree_go2_ws/install/go2_twist_bridge_py:/home/xn/unitree_go2_ws/install/go2_tutorial_py:/home/xn/unitree_go2_ws/install/go2_teleop_ctrl_keyboard:/home/xn/unitree_go2_ws/install/go2_driver_py:/opt/ros/foxy /usr/bin/cmake --build /home/xn/unitree_go2_ws/build/go2_tutorial -- -j8 -l8
